1262305100 0.33333333333333 0.17142857142857 0.4 1 1 1
1262305200 0.33333333333333 0.27777777777778 0.4 1 0.9 1
1262305300 0.37 0.22888888888889 0.4 1 0.78 1
1262305400 0.36 0.25 0.4 1 0.74 1
1262305500 0.275 0.235 0.38 0.78 0.58 1
1262305600 0.28 0.2 0.48 0.78 0.48 0.92
1262305700 0.28 0.12 0.54 0.85 0.48 0.92
1262305800 0.22 0.2 0.5 0.69 0.48 0.8
1262305900 0.26 0.16 0.42 0.61 0.44 0.86
1262306000 0.4 0.22 0.5 0.42 0.32 0.88
1262306100 0.3 0.2 0.5 0.46 0.32 0.8
1262306200 0.3 0.24 0.56 0.54 0.38 0.8
1262306300 0.28 0.24 0.6 0.58 0.48 0.66
1262306400 0.33 0.16 0.59 0.6 0.44 0.78
1262306500 0.36 0.13 0.58 0.59 0.54 0.78
1262306600 0.4 0.15 0.6 0.62 0.5 0.78
1262306700 0.44 0.1 0.46 0.61 0.42 0.7
1262306800 0.42 0.2 0.44 0.45 0.34 0.6
1262306900 0.44 0.32 0.58 0.38 0.24 0.54
1262307000 0.4 0.2 0.52 0.47 0.28 0.66
1262307100 0.33 0.2 0.46 0.46 0.2 0.6
1262307200 0.38 0.32 0.42 0.46 0.32 0.6
1262307300 0.4 0.34 0.56 0.55 0.42 0.64
1262307400 0.39 0.2 0.56 0.59 0.44 0.66
1262307500 0.43 0.32 0.56 0.58 0.44 0.66
1262307600 0.41 0.32 0.46 0.58 0.46 0.76
1262307700 0.41 0.3 0.48 0.63 0.56 0.76
1262307800 0.43 0.26 0.5 0.64 0.44 0.78
1262307900 0.46 0.26 0.8 0.64 0.44 0.78
1262308000 0.4 0.26 0.7 0.56 0.44 0.78
1262308100 0.42 0.3 0.54 0.54 0.44 0.66
1262308200 0.38 0.3 0.42 0.55 0.4 0.6
1262308300 0.42 0.36 0.64 0.5 0.4 0.56
1262308400 0.44 0.38 0.64 0.45 0.4 0.56
1262308500 0.43 0.3 0.6 0.48 0.4 0.56
