1262304900 0.49441176470588 0.49 0.5 0.52083333333333 0.5 0.5625
1262305100 0.49504166666667 0.48375 0.5 0.44090307840308 0.30555555555556 0.55357142857143
1262305300 0.5016373015873 0.4925 0.525 0.49725220458554 0.47083333333333 0.54166666666667
1262305500 0.50882433862434 0.5 0.525 0.49127606598195 0.48 0.55
1262305700 0.50150753968254 0.485 0.535 0.49692931061313 0.48 0.54077777777778
1262305900 0.48771341991342 0.45666666666667 0.5215 0.4665479248265 0.45201105442177 0.51347222222222
1262306100 0.491575 0.46333333333333 0.52178571428571 0.45574977753728 0.41436507936508 0.50335394763966
1262306300 0.48552784992785 0.445 0.51866666666667 0.45273215488215 0.41888888888889 0.49857142857143
1262306500 0.47541300758065 0.44928571428571 0.5061038961039 0.44805864456894 0.40797619047619 0.48859788359788
1262306700 0.48735247252747 0.46225 0.51166666666667 0.45289443281586 0.40666666666667 0.495
1262306900 0.48742817460317 0.459 0.51214285714286 0.45259781746032 0.39043650793651 0.515
1262307100 0.47575813492063 0.43571428571429 0.51666666666667 0.45645264550265 0.40444444444444 0.51
1262307300 0.4571619047619 0.42 0.5025 0.45585079365079 0.41544444444444 0.509
1262307500 0.46230740925741 0.438 0.49814285714286 0.45538337495837 0.41704761904762 0.51357142857143
1262307700 0.45381405400155 0.43208333333333 0.48111111111111 0.45358899017649 0.40447552447552 0.51538461538462
1262307900 0.45954815772463 0.435 0.5 0.4595443977591 0.40333333333333 0.53433333333333
1262308100 0.4653430833872 0.43866666666667 0.50605128205128 0.45811200980392 0.39470588235294 0.52
1262308300 0.48624515937279 0.46055555555556 0.52230769230769 0.47392473863855 0.42 0.53444444444444
1262308500 0.48837164837227 0.46875 0.506 0.48487937490786 0.42 0.56294117647059
1262308700 0.48426330522333 0.44348484848485 0.52238095238095 0.48497773745862 0.42 0.549
1262308900 0.47898747121901 0.44030701754386 0.51681818181818 0.48239294790177 0.42168421052632 0.53382352941176
