1262305204 0.6
1262305304 0.6
1262305404 0.5
1262305504 0.6
1262305604 0.6
1262305704 0.6
1262305804 0.5
1262305904 0.4
1262306004 0.4
1262306104 0.4
1262306204 0.4
1262306304 0.4
1262306404 0.5
1262306504 0.5
1262306604 0.6
1262306704 0.6
1262306804 0.6
1262306904 0.5
1262307004 0.5
1262307104 0.6
1262307204 0.6
1262307304 0.6
1262307404 0.6
1262307504 0.6
1262307604 0.6
1262307704 0.6
1262307959.6689 0.5
1262308059.6689 0.5
1262308159.6689 0.5
1262308259.6689 0.5
1262308359.6689 0.5
1262308626.2728 0.7
1262308907.0882 0.7
1262304604 0.2
1262304704 0.2
1262304804 0.5
1262304904 0.5
1262305004 0.5
1262305104 0.5
1262305204 0.5
1262305304 0.5
1262305404 0.5
1262305504 0.5
1262305604 0.5
1262305704 0.6
1262305804 0.6
1262305904 0.5
1262306004 0.5
1262306104 0.5
1262306204 0.5
1262306304 0.5
1262306404 0.5
1262306504 0.5
1262306604 0.5
1262306704 0.5
1262306804 0.5
1262306904 0.5
1262307004 0.5
1262307104 0.5
1262307204 0.5
1262307304 0.5
1262307404 0.5
1262307504 0.5
1262307604 0.5
1262307710.6352 0.5
1262307810.6352 0.5
1262307910.6352 0.5
1262308010.6352 0.5
1262308110.6352 0.5
1262308210.6352 0.6
1262308310.6352 0.6
1262308410.6352 0.7
1262308626.2728 0.7
1262308726.2728 0.6
1262308826.2728 0.5
1262308926.2728 0.5
1262305204 0.5
1262305304 0.5
1262305404 0.5
1262305504 0.5
1262305604 0.5
1262305704 0.3
1262305804 0.4
1262305904 0.4
1262306004 0.4
1262306104 0.6
1262306204 0.7
1262306304 0.7
1262306404 0.7
1262306504 0.5
1262306604 0.5
1262306704 0.6
1262306804 0.6
1262306904 0.5
1262307004 0.6
1262307104 0.6
1262307204 0.6
1262307304 0.6
1262307404 0.6
1262307504 0.6
1262307604 0.6
1262307704 0.6
1262307804 0.5
1262307904 0.6
1262308004 0.6
1262308104 0.6
1262308204 0.5
1262308304 0.5
1262308404 0.5
1262308504 0.6
1262308604 0.5
1262308704 0.5
1262308804 0.5
1262308904 0.5
1262305204 0.5
1262305304 0.5
1262305404 0.7
1262305504 0.5
1262305766.8986 0.5
1262305866.8986 0.5
1262305966.8986 0.4
1262306066.8986 0.6
1262306166.8986 0.6
1262306266.8986 0.5
1262306547.4591 0.6
1262306647.4591 0.7
1262306747.4591 0.7
1262306847.4591 0.7
1262306947.4591 0.7
1262307047.4591 0.5
1262307147.4591 0.5
1262307247.4591 0.5
1262307347.4591 0.5
1262307447.4591 0.5
1262307547.4591 0.5
1262307647.4591 0.5
1262307747.4591 0.5
1262307847.4591 0.6
1262307947.4591 0.6
1262308047.4591 0.5
1262308147.4591 0.5
1262308247.4591 0.6
1262308347.4591 0.6
1262308447.4591 0.6
1262308547.4591 0.7
1262308647.4591 0.7
1262308747.4591 0.6
1262308847.4591 0.6
1262308947.4591 0.6
1262305204 0.5
1262305304 0.5
1262305404 0.5
1262305504 0.5
1262305604 0.5
1262305704 0.6
1262305804 0.4
1262305904 0.4
1262306004 0.4
1262306104 0.4
1262306204 0.4
1262306304 0.5
1262306404 0.5
1262306504 0.5
1262306604 0.5
1262306704 0.5
1262306804 0.5
1262306904 0.5
1262307004 0.5
1262307104 0.6
1262307204 0.6
1262307304 0.6
1262307404 0.6
1262307504 0.6
1262307604 0.6
1262307704 0.5
1262307804 0.5
1262307904 0.5
1262308004 0.6
1262308104 0.6
1262308204 0.6
1262308304 0.6
1262308404 0.6
1262308504 0.6
1262308604 0.7
1262308704 0.7
1262308804 0.7
1262308904 0.5
1262304904 0.5
1262305004 0.5
1262305104 0.5
1262305204 0.5
1262305304 0.5
1262305404 0.5
1262305504 0.5
1262305604 0.5
1262305704 0.5
1262305804 0.5
1262305904 0.5
1262306004 0.5
1262306104 0.5
1262306204 0.5
1262306304 0.3
1262306404 0.3
1262306504 0.3
1262306604 0.4
1262306704 0.4
1262306804 0.4
1262306904 0.4
1262307004 0.4
1262307104 0.4
1262307204 0.4
1262307304 0.5
1262307404 0.5
1262307504 0.5
1262307604 0.5
1262307704 0.4
1262307804 0.4
1262308078.9667 0.4
1262308178.9667 0.6
1262308278.9667 0.6
1262308378.9667 0.6
1262308478.9667 0.5
1262308578.9667 0.5
1262308678.9667 0.5
1262308778.9667 0.5
1262308878.9667 0.5
1262308978.9667 0.5
1262305004 0.5
1262305104 0.5
1262305204 0.5
1262305304 0.5
1262305404 0.5
1262305504 0.5
1262305604 0.5
1262305704 0.5
1262305804 0.5
1262305904 0.6
1262306125.618 0.5
1262306225.618 0.5
1262306325.618 0.5
1262306425.618 0.3
1262306525.618 0.5
1262306625.618 0.5
1262306725.618 0.5
1262306825.618 0.5
1262306925.618 0.4
1262307137.0831 0.3
1262307237.0831 0.4
1262307337.0831 0.4
1262307437.0831 0.4
1262307537.0831 0.5
1262307637.0831 0.4
1262307737.0831 0.5
1262307837.0831 0.5
1262307951.5878 0.5
1262308053.812 0.6
1262308153.812 0.6
1262308253.812 0.5
1262308353.812 0.5
1262308453.812 0.4
1262308553.812 0.4
1262308653.812 0.4
1262308753.812 0.4
1262308853.812 0.4
1262308953.812 0.4
1262305304 0.5
1262305404 0.5
1262305504 0.6
1262305604 0.5
1262305704 0.5
1262305804 0.5
1262305904 0.5
1262306004 0.5
1262306104 0.5
1262306204 0.5
1262306304 0.5
1262306404 0.3
1262306504 0.4
1262306604 0.5
1262306704 0.4
1262306804 0.4
1262306904 0.3
1262307004 0.3
1262307104 0.4
1262307204 0.4
1262307304 0.3
1262307404 0.3
1262307504 0.3
1262307604 0.3
1262307704 0.3
1262307804 0.4
1262307904 0.4
1262308004 0.5
1262308104 0.5
1262308204 0.5
1262308304 0.5
1262308404 0.5
1262308504 0.4
1262308606.0181 0.4
1262308706.0181 0.4
1262308806.0181 0.4
1262308906.0181 0.4
1262304904 0.5
1262305004 0.5
1262305104 0.5
1262305204 0.5
1262305305.9032 0.5
1262305405.9032 0.5
1262305505.9032 0.5
1262305605.9032 0.5
1262305705.9032 0.5
1262305805.9032 0.5
1262305905.9032 0.5
1262306112.0718 0.5
1262306212.0718 0.4
1262306312.0718 0.4
1262306412.0718 0.3
1262306512.0718 0.4
1262306612.0718 0.4
1262306712.0718 0.4
1262306812.0718 0.4
1262306912.0718 0.4
1262307012.0718 0.4
1262307112.0718 0.4
1262307212.0718 0.4
1262307312.0718 0.5
1262307412.0718 0.6
1262307512.0718 0.6
1262307612.0718 0.3
1262307712.0718 0.4
1262307812.0718 0.5
1262307912.0718 0.4
1262308012.0718 0.4
1262308112.0718 0.4
1262308212.0718 0.4
1262308312.0718 0.4
1262308412.0718 0.4
1262308650.8257 0.4
1262308750.8257 0.3
1262308850.8257 0.3
1262308950.8257 0.3
1262305004 0.5
1262305104 0.5
1262305204 0.5
1262305304 0.5
1262305592.8812 0.5
1262305869.2894 0.5
1262306125.618 0.5
1262306225.618 0.3
1262306325.618 0.4
1262306425.618 0.4
1262306525.618 0.4
1262306625.618 0.4
1262306725.618 0.5
1262306825.618 0.5
1262306925.618 0.6
1262307025.618 0.5
1262307125.618 0.5
1262307225.618 0.5
1262307325.618 0.5
1262307425.618 0.5
1262307525.618 0.5
1262307625.618 0.4
1262307725.618 0.4
1262307825.618 0.4
1262307925.618 0.4
1262308025.618 0.4
1262308125.618 0.4
1262308225.618 0.3
1262308325.618 0.3
1262308425.618 0.3
1262308525.618 0.4
1262308625.618 0.4
1262308725.618 0.4
1262308825.618 0.4
1262308925.618 0.4
1262305004 0.6
1262305104 0.5
1262305205.7478 0.5
1262305305.7478 0.5
1262305405.7478 0.5
1262305505.7478 0.5
1262305605.7478 0.5
1262305705.7478 0.4
1262305805.7478 0.5
1262305905.7478 0.5
1262306005.7478 0.5
1262306105.7478 0.5
1262306205.7478 0.5
1262306305.7478 0.5
1262306405.7478 0.5
1262306505.7478 0.5
1262306605.7478 0.5
1262306705.7478 0.6
1262306805.7478 0.5
1262306905.7478 0.5
1262307005.7478 0.5
1262307105.7478 0.5
1262307205.7478 0.5
1262307305.7478 0.6
1262307405.7478 0.5
1262307505.7478 0.5
1262307605.7478 0.5
1262307705.7478 0.5
1262307805.7478 0.5
1262307905.7478 0.4
1262308005.7478 0.4
1262308105.7478 0.4
1262308205.7478 0.4
1262308305.7478 0.4
1262308405.7478 0.4
1262308505.7478 0.6
1262308605.7478 0.3
1262308705.7478 0.3
1262308805.7478 0.3
1262308905.7478 0.3
1262305104 0.5
1262305204 0.5
1262305304 0.7
1262305404 0.6
1262305504 0.6
1262305604 0.6
1262305704 0.4
1262305804 0.4
1262305904 0.5
1262306004 0.5
1262306104 0.5
1262306204 0.5
1262306304 0.5
1262306404 0.5
1262306504 0.5
1262306604 0.4
1262306704 0.5
1262306804 0.5
1262306904 0.5
1262307004 0.4
1262307104 0.4
1262307204 0.4
1262307304 0.5
1262307404 0.5
1262307504 0.5
1262307604 0.5
1262307704 0.5
1262307804 0.5
1262307904 0.3
1262308004 0.4
1262308104 0.5
1262308204 0.5
1262308304 0.5
1262308529.1927 0.5
1262308629.1927 0.5
1262308729.1927 0.5
1262308829.1927 0.5
1262308929.1927 0.5
1262305004 0.6
1262305104 0.5
1262305204 0.4
1262305304 0.4
1262305404 0.4
1262305504 0.4
1262305604 0.4
1262305704 0.4
1262305804 0.5
1262305904 0.5
1262306004 0.5
1262306104 0.5
1262306204 0.5
1262306304 0.5
1262306404 0.4
1262306504 0.4
1262306604 0.4
1262306704 0.4
1262306804 0.5
1262306904 0.5
1262307004 0.5
1262307104 0.5
1262307204 0.4
1262307304 0.4
1262307404 0.4
1262307504 0.4
1262307604 0.4
1262307704 0.5
1262307804 0.5
1262307904 0.5
1262308133.1356 0.6
1262308233.1356 0.6
1262308333.1356 0.6
1262308433.1356 0.6
1262308533.1356 0.6
1262308814.839 0.6
1262308914.839 0.5
1262305004 0.6
1262305104 0.6
1262305204 0.6
1262305304 0.4
1262305404 0.5
1262305504 0.5
1262305604 0.5
1262305704 0.4
1262305903.5326 0.5
1262306003.5326 0.5
1262306103.5326 0.5
1262306331.2706 0.5
1262306431.2706 0.4
1262306531.2706 0.4
1262306631.2706 0.5
1262306731.2706 0.5
1262306831.2706 0.5
1262306931.2706 0.5
1262307031.2706 0.5
1262307131.2706 0.5
1262307231.2706 0.5
1262307331.2706 0.5
1262307431.2706 0.5
1262307531.2706 0.4
1262307631.2706 0.4
1262307731.2706 0.4
1262307831.2706 0.4
1262307931.2706 0.4
1262308031.2706 0.4
1262308234.5909 0.4
1262308334.5909 0.4
1262308434.5909 0.4
1262308534.5909 0.4
1262308634.5909 0.5
1262308734.5909 0.5
1262308834.5909 0.4
1262308934.5909 0.3
1262304804 0.5
1262304904 0.5
1262305004 0.5
1262305104 0.5
1262305204 0.4
1262305304 0.5
1262305404 0.6
1262305504 0.6
1262305604 0.6
1262305704 0.6
1262305804 0.6
1262305904 0.6
1262306004 0.6
1262306104 0.7
1262306204 0.6
1262306304 0.6
1262306404 0.6
1262306504 0.6
1262306604 0.6
1262306704 0.6
1262306804 0.5
1262306904 0.5
1262307004 0.5
1262307104 0.5
1262307204 0.5
1262307304 0.4
1262307404 0.4
1262307504 0.2
1262307604 0.2
1262307704 0.2
1262307804 0.5
1262307904 0.4
1262308004 0.4
1262308104 0.4
1262308204 0.4
1262308304 0.4
1262308404 0.4
1262308504 0.4
1262308604 0.4
1262308704 0.4
1262308804 0.4
1262308904 0.3
1262304704 0.3
1262304804 0.4
1262304904 0.4
1262305004 0.5
1262305104 0.5
1262305204 0.5
1262305304 0.5
1262305404 0.5
1262305504 0.4
1262305604 0.4
1262305704 0.3
1262305804 0.3
1262305904 0.4
1262306004 0.3
1262306104 0.3
1262306204 0.6
1262306304 0.6
1262306404 0.6
1262306504 0.5
1262306604 0.5
1262306704 0.5
1262306804 0.5
1262306904 0.5
1262307004 0.6
1262307104 0.5
1262307204 0.5
1262307304 0.5
1262307404 0.5
1262307504 0.5
1262307604 0.5
1262307704 0.4
1262307804 0.5
1262307904 0.6
1262308004 0.6
1262308104 0.4
1262308204 0.4
1262308304 0.4
1262308404 0.4
1262308504 0.4
1262308604 0.4
1262308704 0.3
1262308804 0.3
1262308904 0.4
1262304704 0.4
1262304804 0.5
1262304904 0.5
1262305004 0.5
1262305104 0.5
1262305204 0.5
1262305304 0.5
1262305404 0.5
1262305594.8016 0.5
1262305694.8016 0.4
1262305794.8016 0.4
1262305894.8016 0.6
1262305994.8016 0.6
1262306094.8016 0.6
1262306194.8016 0.6
1262306294.8016 0.6
1262306394.8016 0.6
1262306494.8016 0.6
1262306594.8016 0.6
1262306694.8016 0.5
1262306794.8016 0.5
1262306894.8016 0.5
1262306994.8016 0.5
1262307094.8016 0.5
1262307194.8016 0.5
1262307294.8016 0.6
1262307394.8016 0.7
1262307494.8016 0.7
1262307594.8016 0.7
1262307694.8016 0.7
1262307794.8016 0.4
1262307894.8016 0.5
1262307994.8016 0.4
1262308094.8016 0.3
1262308194.8016 0.3
1262308294.8016 0.3
1262308394.8016 0.3
1262308494.8016 0.4
1262308594.8016 0.4
1262308694.8016 0.4
1262308794.8016 0.5
1262308894.8016 0.5
1262308994.8016 0.5
1262304704 0.3
1262304804 0.5
1262304904 0.5
1262305004 0.5
1262305104 0.5
1262305204 0.5
1262305304 0.5
1262305404 0.5
1262305504 0.5
1262305604 0.4
1262305704 0.3
1262305804 0.3
1262305904 0.5
1262306004 0.6
1262306104 0.4
1262306204 0.4
1262306304 0.4
1262306404 0.4
1262306504 0.4
1262306604 0.4
1262306704 0.4
1262306933.5868 0.4
1262307033.5868 0.5
1262307133.5868 0.5
1262307233.5868 0.4
1262307333.5868 0.4
1262307433.5868 0.5
1262307533.5868 0.5
1262307633.5868 0.5
1262307733.5868 0.5
1262307833.5868 0.6
1262307933.5868 0.5
1262308033.5868 0.5
1262308133.5868 0.5
1262308233.5868 0.5
1262308333.5868 0.6
1262308433.5868 0.6
1262308533.5868 0.6
1262308633.5868 0.6
1262308733.5868 0.6
1262308833.5868 0.5
1262308933.5868 0.5
1262304604 0.2
1262304704 0.4
1262304804 0.4
1262304904 0.4
1262305004 0.4
1262305104 0.5
1262305204 0.5
1262305304 0.5
1262305404 0.5
1262305504 0.5
1262305604 0.4
1262305704 0.4
1262305804 0.4
1262305904 0.5
1262306004 0.5
1262306104 0.5
1262306204 0.5
1262306304 0.5
1262306404 0.4
1262306504 0.5
1262306604 0.5
1262306704 0.5
1262306804 0.5
1262306904 0.5
1262307004 0.6
1262307104 0.4
1262307204 0.5
1262307304 0.6
1262307404 0.5
1262307504 0.4
1262307604 0.5
1262307704 0.4
1262307804 0.4
1262307904 0.5
1262308004 0.5
1262308104 0.5
1262308204 0.5
1262308304 0.4
1262308404 0.3
1262308504 0.5
1262308604 0.4
1262308704 0.4
1262308804 0.4
1262308904 0.4
1262304704 0.3
1262304804 0.5
1262304904 0.5
1262305004 0.5
1262305104 0.5
1262305204 0.5
1262305304 0.5
1262305404 0.5
1262305504 0.5
1262305604 0.4
1262305704 0.3
1262305804 0.4
1262305904 0.4
1262306004 0.4
1262306104 0.4
1262306204 0.5
1262306304 0.5
1262306404 0.5
1262306504 0.5
1262306604 0.5
1262306704 0.5
1262306804 0.5
1262306904 0.5
1262307004 0.5
1262307104 0.5
1262307204 0.5
1262307304 0.4
1262307404 0.5
1262307504 0.5
1262307604 0.4
1262307704 0.4
1262307804 0.5
1262307904 0.5
1262308004 0.3
1262308104 0.4
1262308204 0.3
1262308304 0.6
1262308404 0.4
1262308504 0.5
1262308604 0.5
1262308704 0.4
1262308804 0.4
1262308904 0.5
1262304604 0.1
1262304704 0.1
1262304804 0.1
1262304904 0.1
1262305004 0.1
1262305104 0.3
1262305204 0.3
1262305304 0.3
1262305404 0.5
1262305504 0.5
1262305604 0.5
1262305704 0.5
1262305804 0.5
1262305904 0.5
1262306004 0.4
1262306104 0.5
1262306204 0.5
1262306304 0.4
1262306404 0.4
1262306504 0.4
1262306604 0.4
1262306704 0.4
1262306804 0.4
1262306904 0.4
1262307004 0.4
1262307104 0.4
1262307204 0.4
1262307304 0.4
1262307404 0.4
1262307504 0.4
1262307604 0.4
1262307704 0.4
1262307804 0.4
1262307904 0.4
1262308004 0.4
1262308104 0.5
1262308204 0.6
1262308304 0.6
1262308404 0.6
1262308504 0.6
1262308604 0.6
1262308704 0.6
1262308804 0.6
1262308904 0.6
1262304904 0.4
1262305004 0.4
1262305104 0.5
1262305204 0.4
1262305304 0.4
1262305404 0.5
1262305504 0.5
1262305604 0.5
1262305704 0.5
1262305804 0.5
1262305904 0.6
1262306004 0.4
1262306104 0.4
1262306204 0.4
1262306304 0.5
1262306404 0.5
1262306504 0.5
1262306604 0.5
1262306841.4625 0.5
1262306941.4625 0.5
1262307041.4625 0.5
1262307141.4625 0.5
1262307241.4625 0.5
1262307341.4625 0.6
1262307441.4625 0.5
1262307685.2778 0.4
1262307785.2778 0.5
1262307885.2778 0.5
1262307985.2778 0.5
1262308085.2778 0.5
1262308185.2778 0.5
1262308285.2778 0.5
1262308385.2778 0.5
1262308485.2778 0.5
1262308585.2778 0.5
1262308685.2778 0.5
1262308785.2778 0.5
1262308885.2778 0.5
1262308985.2778 0.5
1262304804 0.5
1262304904 0.6
1262305004 0.6
1262305104 0.6
1262305204 0.6
1262305304 0.6
1262305404 0.6
1262305504 0.6
1262305604 0.5
1262305704 0.4
1262305804 0.5
1262305904 0.5
1262306004 0.5
1262306104 0.6
1262306204 0.5
1262306304 0.5
1262306404 0.5
1262306504 0.5
1262306604 0.5
1262306704 0.4
1262306804 0.4
1262306904 0.4
1262307004 0.5
1262307104 0.5
1262307204 0.4
1262307304 0.4
1262307404 0.3
1262307504 0.4
1262307604 0.4
1262307704 0.4
1262307804 0.4
1262307904 0.5
1262308004 0.5
1262308104 0.5
1262308204 0.5
1262308304 0.5
1262308404 0.4
1262308504 0.4
1262308604 0.5
1262308704 0.5
1262308804 0.4
1262308904 0.4
1262304804 0.5
1262304904 0.4
1262305004 0.4
1262305104 0.4
1262305204 0.5
1262305304 0.6
1262305404 0.5
1262305504 0.5
1262305604 0.5
1262305704 0.5
1262305804 0.4
1262305904 0.5
1262306004 0.5
1262306104 0.4
1262306204 0.4
1262306304 0.4
1262306404 0.5
1262306504 0.6
1262306604 0.6
1262306704 0.6
1262306804 0.6
1262306904 0.6
1262307004 0.4
1262307104 0.4
1262307204 0.6
1262307304 0.6
1262307404 0.5
1262307504 0.6
1262307604 0.5
1262307704 0.5
1262307804 0.5
1262307904 0.6
1262308004 0.5
1262308104 0.5
1262308204 0.5
1262308473.829 0.5
1262308573.829 0.5
1262308673.829 0.5
1262308773.829 0.5
1262308873.829 0.5
1262308973.829 0.5
1262304804 0.5
1262304904 0.4
1262305004 0.4
1262305104 0.4
1262305204 0.6
1262305304 0.7
1262305404 0.6
1262305504 0.6
1262305604 0.6
1262305704 0.5
1262305804 0.5
1262305904 0.5
1262306004 0.5
1262306104 0.5
1262306204 0.5
1262306304 0.5
1262306404 0.4
1262306504 0.4
1262306604 0.4
1262306704 0.4
1262306804 0.4
1262306904 0.4
1262307004 0.4
1262307104 0.5
1262307204 0.5
1262307467.2599 0.5
1262307567.2599 0.6
1262307667.2599 0.6
1262307767.2599 0.6
1262307867.2599 0.6
1262307967.2599 0.6
1262308067.2599 0.6
1262308167.2599 0.6
1262308267.2599 0.5
1262308468.2737 0.5
1262308568.2737 0.5
1262308668.2737 0.5
1262308768.2737 0.5
1262308868.2737 0.5
1262308968.2737 0.5
1262305104 0.3
1262305204 0.4
1262305304 0.5
1262305554.0949 0.5
1262305654.0949 0.5
1262305754.0949 0.3
1262305854.0949 0.3
1262305954.0949 0.3
1262306054.0949 0.4
1262306154.0949 0.4
1262306254.0949 0.4
1262306354.0949 0.4
1262306454.0949 0.4
1262306554.0949 0.4
1262306654.0949 0.4
1262306754.0949 0.6
1262306854.0949 0.6
1262306954.0949 0.6
1262307054.0949 0.6
1262307154.0949 0.4
1262307254.0949 0.4
1262307354.0949 0.4
1262307454.0949 0.5
1262307554.0949 0.5
1262307654.0949 0.5
1262307754.0949 0.5
1262307854.0949 0.5
1262307954.0949 0.3
1262308054.0949 0.3
1262308154.0949 0.3
1262308254.0949 0.5
1262308354.0949 0.5
1262308454.0949 0.6
1262308554.0949 0.6
1262308654.0949 0.6
1262308754.0949 0.6
1262308854.0949 0.6
1262308954.0949 0.5
1262305304 0.3
1262305404 0.3
1262305504 0.3
1262305604 0.3
1262305704 0.3
1262305804 0.3
1262305904 0.3
1262306004 0.3
1262306104 0.3
1262306204 0.3
1262306304 0.3
1262306404 0.4
1262306504 0.4
1262306604 0.6
1262306704 0.6
1262306804 0.6
1262306904 0.4
1262307004 0.4
1262307104 0.4
1262307204 0.4
1262307304 0.4
1262307404 0.5
1262307504 0.5
1262307604 0.5
1262307704 0.5
1262307804 0.6
1262307904 0.5
1262308004 0.5
1262308104 0.5
1262308204 0.7
1262308392.7565 0.7
1262308492.7565 0.6
1262308592.7565 0.6
1262308692.7565 0.6
1262308792.7565 0.6
1262308892.7565 0.6
1262308992.7565 0.6
1262305404 0.4
1262305504 0.5
1262305604 0.5
1262305704 0.5
1262305804 0.5
1262305904 0.5
1262306004 0.5
1262306104 0.5
1262306204 0.5
1262306304 0.5
1262306404 0.4
1262306504 0.4
1262306604 0.4
1262306704 0.5
1262306804 0.4
1262306904 0.5
1262307004 0.5
1262307104 0.5
1262307204 0.5
1262307304 0.5
1262307404 0.5
1262307504 0.5
1262307604 0.4
1262307704 0.5
1262307804 0.5
1262307904 0.5
1262308004 0.5
1262308104 0.4
1262308204 0.4
1262308304 0.4
1262308404 0.4
1262308504 0.4
1262308604 0.4
1262308704 0.5
1262308804 0.5
1262308904 0.5
1262305304 0.6
1262305404 0.5
1262305504 0.5
1262305604 0.5
1262305704 0.5
1262305804 0.5
1262305904 0.5
1262306004 0.5
1262306104 0.5
1262306204 0.4
1262306304 0.4
1262306404 0.4
1262306504 0.4
1262306604 0.4
1262306704 0.4
1262306804 0.5
1262306904 0.5
1262307004 0.4
1262307104 0.4
1262307204 0.4
1262307304 0.4
1262307404 0.3
1262307504 0.3
1262307604 0.3
1262307704 0.3
1262307804 0.3
1262307904 0.3
1262308125.8275 0.3
1262308225.8275 0.4
1262308325.8275 0.6
1262308425.8275 0.6
1262308525.8275 0.6
1262308625.8275 0.6
1262308725.8275 0.6
1262308825.8275 0.6
1262308925.8275 0.6
1262304904 0.5
1262305004 0.4
1262305104 0.3
1262305204 0.3
1262305304 0.3
1262305404 0.3
1262305504 0.3
1262305604 0.4
1262305704 0.4
1262305804 0.4
1262305904 0.3
1262306004 0.3
1262306104 0.4
1262306204 0.4
1262306304 0.4
1262306404 0.4
1262306504 0.4
1262306604 0.4
1262306704 0.4
1262306804 0.4
1262306904 0.6
1262307004 0.5
1262307104 0.5
1262307204 0.5
1262307304 0.5
1262307404 0.6
1262307504 0.6
1262307604 0.6
1262307704 0.6
1262307804 0.4
1262307904 0.4
1262308004 0.4
1262308104 0.5
1262308204 0.5
1262308304 0.4
1262308404 0.4
1262308504 0.4
1262308604 0.4
1262308704 0.4
1262308804 0.4
1262308904 0.5
