1262305704 0.5
1262305804 0.5
1262305904 0.5
1262306004 0.5
1262306104 0.6
1262306204 0.5
1262306304 0.5
1262306404 0.5
1262306504 0.5
1262306604 0.5
1262306704 0.5
1262306804 0.6
1262306904 0.6
1262307004 0.5
1262307104 0.5
1262307204 0.5
1262307470.3635 0.5
1262307570.3635 0.5
1262307670.3635 0.5
1262307770.3635 0.5
1262307870.3635 0.5
1262307970.3635 0.6
1262308070.3635 0.6
1262308170.3635 0.6
1262308270.3635 0.6
1262308370.3635 0.6
1262308470.3635 0.6
1262308570.3635 0.6
1262308670.3635 0.6
1262308770.3635 0.5
1262308870.3635 0.5
1262308970.3635 0.5
1262305604 0.5
1262305704 0.5
1262305804 0.5
1262305904 0.5
1262306004 0.5
1262306104 0.5
1262306204 0.5
1262306413.8172 0.5
1262306513.8172 0.5
1262306613.8172 0.5
1262306713.8172 0.5
1262306813.8172 0.5
1262306913.8172 0.5
1262307013.8172 0.4
1262307113.8172 0.4
1262307213.8172 0.4
1262307313.8172 0.4
1262307413.8172 0.4
1262307513.8172 0.4
1262307613.8172 0.4
1262307713.8172 0.4
1262307813.8172 0.4
1262307913.8172 0.4
1262308013.8172 0.4
1262308113.8172 0.4
1262308213.8172 0.4
1262308313.8172 0.4
1262308413.8172 0.4
1262308513.8172 0.4
1262308613.8172 0.4
1262308713.8172 0.4
1262308813.8172 0.4
1262308913.8172 0.4
1262305204 0.5
1262305304 0.5
1262305404 0.5
1262305504 0.5
1262305604 0.5
1262305704 0.5
1262305804 0.5
1262305904 0.5
1262306004 0.5
1262306104 0.5
1262306204 0.5
1262306304 0.5
1262306404 0.5
1262306504 0.4
1262306604 0.4
1262306704 0.5
1262306804 0.6
1262306904 0.6
1262307004 0.6
1262307104 0.6
1262307204 0.6
1262307304 0.6
1262307404 0.5
1262307504 0.5
1262307604 0.5
1262307704 0.5
1262307804 0.5
1262308060.1408 0.5
1262308160.1408 0.5
1262308260.1408 0.5
1262308360.1408 0.8
1262308460.1408 0.8
1262308560.1408 0.8
1262308660.1408 0.8
1262308760.1408 0.7
1262308860.1408 0.7
1262308960.1408 0.7
1262305304 0.5
1262305404 0.5
1262305504 0.5
1262305604 0.5
1262305704 0.5
1262305804 0.5
1262305904 0.5
1262306004 0.5
1262306104 0.5
1262306204 0.5
1262306304 0.5
1262306404 0.5
1262306504 0.5
1262306604 0.5
1262306704 0.5
1262306804 0.5
1262306904 0.5
1262307004 0.5
1262307104 0.5
1262307204 0.5
1262307304 0.4
1262307404 0.4
1262307504 0.4
1262307604 0.4
1262307704 0.4
1262307804 0.4
1262307904 0.4
1262308169.005 0.4
1262308269.005 0.4
1262308369.005 0.5
1262308469.005 0.5
1262308569.005 0.5
1262308669.005 0.5
1262308769.005 0.5
1262308869.005 0.5
1262308969.005 0.5
1262305104 0.5
1262305204 0.5
1262305304 0.5
1262305404 0.5
1262305504 0.5
1262305604 0.5
1262305704 0.5
1262305804 0.5
1262305904 0.5
1262306004 0.4
1262306104 0.4
1262306204 0.5
1262306413.8172 0.5
1262306513.8172 0.5
1262306613.8172 0.5
1262306713.8172 0.6
1262306813.8172 0.7
1262306913.8172 0.7
1262307013.8172 0.6
1262307240.9391 0.6
1262307340.9391 0.6
1262307440.9391 0.6
1262307659.3637 0.6
1262307759.3637 0.6
1262307980.0048 0.6
1262308080.0048 0.6
1262308180.0048 0.6
1262308280.0048 0.6
1262308380.0048 0.6
1262308480.0048 0.6
1262308580.0048 0.6
1262308680.0048 0.6
1262308780.0048 0.6
1262308880.0048 0.5
1262308980.0048 0.6
1262305904 0.3
1262306004 0.3
1262306104 0.3
1262306204 0.3
1262306304 0.3
1262306404 0.3
1262306504 0.3
1262306604 0.3
1262306704 0.3
1262306804 0.3
1262306904 0.3
1262307004 0.3
1262307104 0.3
1262307204 0.3
1262307304 0.3
1262307404 0.3
1262307504 0.3
1262307604 0.3
1262307704 0.3
1262307804 0.3
1262307904 0.3
1262308004 0.3
1262308104 0.3
1262308204 0.3
1262308304 0.4
1262308404 0.4
1262308504 0.4
1262308604 0.2
1262308704 0.2
1262308804 0.2
1262308904 0.2
1262306004 0.3
1262306104 0.3
1262306204 0.3
1262306304 0.3
1262306404 0.3
1262306504 0.3
1262306604 0.3
1262306704 0.3
1262306804 0.3
1262306904 0.3
1262307004 0.3
1262307104 0.4
1262307204 0.4
1262307304 0.4
1262307404 0.4
1262307504 0.4
1262307604 0.4
1262307704 0.4
1262307804 0.5
1262308078.9667 0.5
1262308178.9667 0.5
1262308278.9667 0.5
1262308378.9667 0.5
1262308478.9667 0.5
1262308578.9667 0.5
1262308678.9667 0.4
1262308778.9667 0.4
1262308878.9667 0.4
1262308978.9667 0.4
1262306004 0.2
1262306104 0.2
1262306204 0.2
1262306304 0.2
1262306404 0.2
1262306504 0.2
1262306604 0.2
1262306704 0.2
1262306804 0.2
1262306904 0.2
1262307004 0.2
1262307104 0.4
1262307204 0.4
1262307304 0.4
1262307404 0.4
1262307504 0.4
1262307604 0.4
1262307704 0.4
1262307804 0.4
1262307904 0.4
1262308004 0.4
1262308104 0.4
1262308204 0.5
1262308304 0.5
1262308404 0.5
1262308504 0.5
1262308604 0.5
1262308704 0.5
1262308922.2313 0.5
1262305904 0.3
1262306004 0.3
1262306104 0.3
1262306204 0.3
1262306304 0.3
1262306404 0.3
1262306504 0.5
1262306604 0.5
1262306704 0.5
1262306804 0.4
1262306904 0.4
1262307004 0.4
1262307104 0.4
1262307204 0.4
1262307304 0.4
1262307404 0.4
1262307504 0.4
1262307604 0.4
1262307704 0.4
1262307804 0.4
1262307904 0.4
1262308004 0.4
1262308104 0.4
1262308204 0.4
1262308304 0.4
1262308404 0.4
1262308504 0.4
1262308604 0.4
1262308704 0.4
1262308804 0.4
1262308904 0.4
1262306104 0.1
1262306204 0.1
1262306304 0.1
1262306404 0.1
1262306504 0.1
1262306604 0.1
1262306704 0.1
1262306804 0.1
1262306904 0.1
1262307004 0.1
1262307104 0.2
1262307204 0.3
1262307304 0.4
1262307404 0.4
1262307504 0.4
1262307604 0.4
1262307704 0.4
1262307804 0.4
1262307904 0.4
1262308004 0.4
1262308104 0.4
1262308204 0.5
1262308304 0.5
1262308404 0.5
1262308504 0.5
1262308604 0.5
1262308704 0.5
1262308804 0.5
1262308904 0.5
1262305504 0.2
1262305604 0.2
1262305704 0.2
1262305804 0.2
1262305904 0.2
1262306004 0.4
1262306104 0.4
1262306204 0.4
1262306304 0.4
1262306404 0.4
1262306504 0.4
1262306604 0.2
1262306704 0.2
1262306804 0.2
1262306904 0.2
1262307004 0.4
1262307104 0.4
1262307204 0.5
1262307304 0.4
1262307404 0.5
1262307504 0.5
1262307604 0.5
1262307704 0.5
1262307804 0.7
1262307904 0.7
1262308004 0.7
1262308104 0.6
1262308204 0.6
1262308304 0.6
1262308404 0.6
1262308504 0.6
1262308604 0.6
1262308704 0.6
1262308804 0.6
1262308904 0.5
1262305804 0.1
1262305904 0.1
1262306004 0.2
1262306249.3241 0.2
1262306349.3241 0.2
1262306449.3241 0.2
1262306549.3241 0.2
1262306649.3241 0.5
1262306749.3241 0.5
1262306849.3241 0.5
1262306949.3241 0.5
1262307049.3241 0.5
1262307149.3241 0.5
1262307249.3241 0.5
1262307349.3241 0.5
1262307449.3241 0.5
1262307549.3241 0.5
1262307649.3241 0.5
1262307749.3241 0.6
1262307849.3241 0.6
1262307949.3241 0.6
1262308049.3241 0.6
1262308149.3241 0.6
1262308249.3241 0.6
1262308349.3241 0.6
1262308449.3241 0.6
1262308549.3241 0.6
1262308649.3241 0.5
1262308749.3241 0.5
1262308849.3241 0.5
1262308949.3241 0.5
1262306104 0.1
1262306204 0.1
1262306304 0.4
1262306404 0.4
1262306504 0.4
1262306604 0.4
1262306704 0.4
1262306804 0.4
1262306904 0.4
1262307004 0.4
1262307104 0.4
1262307204 0.4
1262307304 0.4
1262307404 0.4
1262307504 0.4
1262307604 0.4
1262307704 0.4
1262307804 0.4
1262307904 0.4
1262308004 0.4
1262308104 0.4
1262308204 0.4
1262308304 0.4
1262308404 0.4
1262308504 0.4
1262308604 0.4
1262308704 0.4
1262308804 0.4
1262308904 0.4
1262305504 0.3
1262305604 0.3
1262305704 0.3
1262305804 0.3
1262305904 0.3
1262306004 0.3
1262306104 0.3
1262306204 0.3
1262306304 0.3
1262306404 0.5
1262306504 0.5
1262306604 0.5
1262306704 0.5
1262306804 0.4
1262306904 0.4
1262307004 0.4
1262307104 0.4
1262307204 0.4
1262307304 0.4
1262307404 0.4
1262307504 0.4
1262307604 0.4
1262307704 0.6
1262307804 0.6
1262307904 0.6
1262308141.8944 0.6
1262308241.8944 0.7
1262308341.8944 0.6
1262308441.8944 0.6
1262308541.8944 0.6
1262308641.8944 0.6
1262308741.8944 0.6
1262308841.8944 0.6
1262308941.8944 0.6
1262305404 0.1
1262305504 0.2
1262305604 0.2
1262305704 0.2
1262305804 0.2
1262305904 0.2
1262306004 0.2
1262306104 0.2
1262306204 0.3
1262306304 0.3
1262306404 0.3
1262306504 0.3
1262306604 0.3
1262306704 0.3
1262306804 0.3
1262306904 0.3
1262307004 0.3
1262307104 0.3
1262307204 0.3
1262307304 0.3
1262307404 0.3
1262307504 0.3
1262307604 0.3
1262307704 0.4
1262307804 0.3
1262307904 0.3
1262308004 0.5
1262308104 0.6
1262308204 0.6
1262308304 0.6
1262308404 0.6
1262308504 0.6
1262308604 0.6
1262308704 0.6
1262308804 0.6
1262308904 0.6
1262305004 0.4
1262305104 0.5
1262305204 0.5
1262305304 0.5
1262305404 0.5
1262305504 0.5
1262305604 0.5
1262305704 0.5
1262305804 0.5
1262305904 0.5
1262306004 0.5
1262306104 0.5
1262306204 0.5
1262306304 0.5
1262306404 0.5
1262306504 0.5
1262306604 0.4
1262306704 0.4
1262306804 0.5
1262306904 0.5
1262307004 0.5
1262307104 0.5
1262307204 0.5
1262307304 0.5
1262307404 0.4
1262307504 0.4
1262307604 0.3
1262307704 0.3
1262307804 0.3
1262307904 0.4
1262308004 0.4
1262308104 0.4
1262308204 0.4
1262308304 0.4
1262308404 0.4
1262308504 0.4
1262308604 0.4
1262308704 0.4
1262308804 0.6
1262308904 0.5
1262305004 0.4
1262305104 0.4
1262305204 0.4
1262305304 0.4
1262305404 0.5
1262305504 0.5
1262305604 0.5
1262305704 0.5
1262305804 0.5
1262305904 0.5
1262306004 0.5
1262306104 0.6
1262306204 0.6
1262306304 0.6
1262306404 0.6
1262306504 0.6
1262306604 0.6
1262306704 0.6
1262306804 0.6
1262307005.4446 0.6
1262307105.4446 0.6
1262307205.4446 0.6
1262307305.4446 0.6
1262307405.4446 0.6
1262307505.4446 0.6
1262307605.4446 0.6
1262307705.4446 0.6
1262307805.4446 0.6
1262307905.4446 0.6
1262308005.4446 0.6
1262308105.4446 0.6
1262308205.4446 0.6
1262308305.4446 0.6
1262308405.4446 0.6
1262308505.4446 0.6
1262308605.4446 0.6
1262308705.4446 0.6
1262308805.4446 0.6
1262308905.4446 0.6
1262305204 0.5
1262305304 0.5
1262305404 0.5
1262305504 0.5
1262305604 0.5
1262305704 0.5
1262305804 0.5
1262305904 0.5
1262306004 0.5
1262306104 0.5
1262306204 0.5
1262306304 0.5
1262306404 0.5
1262306504 0.5
1262306604 0.5
1262306704 0.4
1262306804 0.5
1262306904 0.5
1262307004 0.5
1262307104 0.6
1262307204 0.6
1262307304 0.7
1262307404 0.7
1262307504 0.7
1262307604 0.7
1262307704 0.7
1262307804 0.7
1262307904 0.7
1262308004 0.7
1262308104 0.7
1262308204 0.7
1262308304 0.7
1262308404 0.7
1262308504 0.7
1262308604 0.7
1262308704 0.7
1262308804 0.7
1262308904 0.7
1262305604 0.4
1262305704 0.4
1262305804 0.4
1262305904 0.4
1262306004 0.3
1262306104 0.3
1262306204 0.3
1262306304 0.3
1262306404 0.3
1262306504 0.3
1262306604 0.5
1262306704 0.5
1262306804 0.5
1262306904 0.5
1262307004 0.7
1262307104 0.7
1262307204 0.7
1262307304 0.7
1262307404 0.7
1262307504 0.7
1262307604 0.7
1262307704 0.7
1262307804 0.7
1262307904 0.7
1262308004 0.7
1262308104 0.7
1262308204 0.7
1262308304 0.7
1262308404 0.7
1262308504 0.7
1262308604 0.7
1262308704 0.6
1262308804 0.5
1262308904 0.5
1262305104 0.5
1262305204 0.5
1262305304 0.5
1262305404 0.5
1262305504 0.5
1262305604 0.5
1262305704 0.5
1262305804 0.5
1262305904 0.5
1262306004 0.5
1262306104 0.5
1262306204 0.5
1262306304 0.5
1262306404 0.5
1262306504 0.5
1262306604 0.5
1262306704 0.5
1262306804 0.5
1262307005.4446 0.5
1262307105.4446 0.5
1262307205.4446 0.5
1262307305.4446 0.5
1262307405.4446 0.4
1262307505.4446 0.3
1262307605.4446 0.3
1262307705.4446 0.3
1262307805.4446 0.3
1262307905.4446 0.4
1262308005.4446 0.4
1262308105.4446 0.4
1262308205.4446 0.4
1262308305.4446 0.4
1262308405.4446 0.5
1262308505.4446 0.5
1262308605.4446 0.5
1262308705.4446 0.5
1262308805.4446 0.6
1262308905.4446 0.6
1262305004 0.1
1262305104 0.1
1262305204 0.1
1262305304 0.1
1262305404 0.1
1262305504 0.1
1262305604 0.1
1262305704 0.1
1262305804 0.1
1262305904 0.1
1262306004 0.3
1262306104 0.5
1262306204 0.5
1262306304 0.5
1262306404 0.5
1262306504 0.5
1262306604 0.5
1262306704 0.5
1262306804 0.5
1262306904 0.5
1262307004 0.5
1262307104 0.5
1262307204 0.5
1262307304 0.5
1262307404 0.5
1262307504 0.5
1262307604 0.5
1262307704 0.3
1262307804 0.3
1262307904.2595 0.3
1262308004.2595 0.3
1262308104.2595 0.3
1262308204.2595 0.3
1262308304.2595 0.3
1262308404.2595 0.3
1262308504.2595 0.3
1262308604.2595 0.3
1262308704.2595 0.3
1262308804.2595 0.3
1262308904.2595 0.3
1262305004 0.1
1262305104 0.2
1262305204 0.2
1262305304 0.2
1262305404 0.2
1262305504 0.2
1262305604 0.2
1262305704 0.4
1262305804 0.4
1262305904 0.4
1262306004 0.4
1262306104 0.4
1262306204 0.4
1262306304 0.4
1262306404 0.5
1262306504 0.5
1262306604 0.5
1262306704 0.6
1262306899.3691 0.6
1262306999.3691 0.4
1262307099.3691 0.4
1262307199.3691 0.4
1262307299.3691 0.4
1262307399.3691 0.4
1262307499.3691 0.4
1262307599.3691 0.6
1262307699.3691 0.6
1262307799.3691 0.4
1262307899.3691 0.4
1262307999.3691 0.4
1262308099.3691 0.4
1262308199.3691 0.4
1262308299.3691 0.4
1262308399.3691 0.4
1262308499.3691 0.4
1262308599.3691 0.4
1262308699.3691 0.4
1262308799.3691 0.4
1262308899.3691 0.4
1262308999.3691 0.4
1262305304 0.1
1262305404 0.1
1262305504 0.5
1262305604 0.5
1262305704 0.5
1262305804 0.5
1262305904 0.5
1262306004 0.5
1262306104 0.5
1262306204 0.5
1262306304 0.5
1262306404 0.5
1262306504 0.5
1262306604 0.5
1262306704 0.5
1262306804 0.5
1262306904 0.5
1262307004 0.5
1262307104 0.5
1262307204 0.5
1262307304 0.5
1262307404 0.5
1262307504 0.5
1262307604 0.5
1262307704 0.5
1262307804 0.5
1262307904 0.5
1262308137.9031 0.5
1262308237.9031 0.5
1262308337.9031 0.5
1262308437.9031 0.5
1262308537.9031 0.5
1262308637.9031 0.5
1262308737.9031 0.5
1262308837.9031 0.6
1262308937.9031 0.6
1262305404 0.1
1262305504 0.1
1262305604 0.1
1262305704 0.1
1262305804 0.1
1262305904 0.1
1262306004 0.1
1262306104 0.4
1262306204 0.4
1262306304 0.5
1262306404 0.5
1262306504 0.5
1262306604 0.5
1262306704 0.7
1262306804 0.7
1262306904 0.7
1262307004 0.7
1262307104 0.7
1262307204 0.7
1262307304 0.7
1262307404 0.7
1262307504 0.7
1262307604 0.7
1262307704 0.7
1262307804 0.6
1262307904 0.6
1262308004 0.6
1262308104 0.6
1262308204 0.6
1262308304 0.6
1262308404 0.6
1262308504 0.6
1262308604 0.6
1262308704 0.6
1262308804 0.6
1262308904 0.6
1262305204 0.1
1262305304 0.1
1262305404 0.1
1262305504 0.4
1262305604 0.4
1262305704 0.4
1262305804 0.4
1262305904 0.4
1262306004 0.4
1262306104 0.4
1262306204 0.4
1262306304 0.4
1262306404 0.4
1262306504 0.4
1262306604 0.4
1262306704 0.4
1262306804 0.4
1262306904 0.4
1262307004 0.4
1262307104 0.3
1262307204 0.4
1262307304 0.3
1262307404 0.3
1262307504 0.3
1262307604 0.3
1262307704 0.3
1262307804 0.3
1262307904 0.3
1262308004 0.3
1262308104 0.3
1262308204 0.3
1262308304 0.3
1262308404 0.3
1262308504 0.3
1262308604 0.3
1262308704 0.3
1262308804 0.3
1262308904 0.3
1262306304 0.3
1262306557.7162 0.3
1262306657.7162 0.3
1262306757.7162 0.3
1262306857.7162 0.5
1262306957.7162 0.5
1262307057.7162 0.5
1262307157.7162 0.5
1262307257.7162 0.5
1262307357.7162 0.5
1262307457.7162 0.5
1262307557.7162 0.5
1262307657.7162 0.5
1262307757.7162 0.5
1262307857.7162 0.5
1262307957.7162 0.5
1262308057.7162 0.5
1262308157.7162 0.5
1262308257.7162 0.5
1262308357.7162 0.5
1262308457.7162 0.5
1262308557.7162 0.5
1262308657.7162 0.5
1262308757.7162 0.5
1262308857.7162 0.5
1262308957.7162 0.5
1262305704 0.4
1262305804 0.4
1262305904 0.4
1262306004 0.4
1262306104 0.4
1262306204 0.4
1262306304 0.4
1262306404 0.4
1262306504 0.4
1262306604 0.4
1262306704 0.6
1262306804 0.5
1262306904 0.5
1262307004 0.5
1262307104 0.5
1262307204 0.5
1262307304 0.5
1262307404 0.6
1262307504 0.5
1262307604 0.5
1262307704 0.5
1262307804 0.5
1262307904 0.5
1262308004 0.5
1262308104 0.5
1262308204 0.5
1262308304 0.5
1262308404 0.5
1262308504 0.5
1262308604 0.6
1262308704 0.6
1262308804 0.6
1262308904 0.6
1262306604 0.3
1262306704 0.3
1262306804 0.3
1262306904 0.3
1262307004 0.3
1262307104 0.3
1262307204 0.3
1262307304 0.3
1262307404 0.6
1262307504 0.6
1262307604 0.6
1262307704 0.6
1262307804 0.6
1262307904 0.6
1262308004 0.6
1262308104 0.6
1262308204 0.6
1262308304 0.6
1262308404 0.6
1262308504 0.6
1262308604 0.6
1262308704 0.6
1262308804 0.6
1262308904 0.6
1262306627.3223 0.3
1262306727.3223 0.3
1262306827.3223 0.3
1262306927.3223 0.6
1262307027.3223 0.6
1262307127.3223 0.6
1262307227.3223 0.6
1262307327.3223 0.6
1262307427.3223 0.6
1262307527.3223 0.6
1262307627.3223 0.6
1262307727.3223 0.6
1262307827.3223 0.6
1262307927.3223 0.4
1262308027.3223 0.4
1262308127.3223 0.4
1262308227.3223 0.4
1262308327.3223 0.4
1262308427.3223 0.4
1262308527.3223 0.4
1262308627.3223 0.3
1262308727.3223 0.5
1262308827.3223 0.5
1262308927.3223 0.5
1262305804 0.2
1262305904 0.2
1262306004 0.2
1262306104 0.3
1262306204 0.3
1262306304 0.3
1262306404 0.3
1262306504 0.3
1262306604 0.3
1262306704 0.3
1262306804 0.5
1262306904 0.5
1262307004 0.5
1262307104 0.5
1262307204 0.5
1262307304 0.5
1262307404 0.5
1262307504 0.6
1262307604 0.6
1262307704 0.6
1262307804 0.6
1262307904 0.6
1262308004 0.6
1262308104 0.6
1262308204 0.6
1262308304 0.6
1262308404 0.6
1262308504 0.6
1262308604 0.6
1262308704 0.6
1262308804 0.6
1262308904 0.6
