1262305000 0.37333333333333 0.08 0.66666666666667 1 0.75 1
1262305100 0.066666666666667 0.045714285714286 0.5 1 0.92 1
1262305200 0.16515800865801 0.066666666666666 0.22 0.96363636363636 0.73777777777778 1
1262305300 0.14545454545454 0.058585858585858 0.17575757575757 0.92426573426573 0.70707070707071 1
1262305400 0.1479020979021 0.079545454545455 0.16363636363636 0.86940559440559 0.74285714285714 0.90909090909091
1262305500 0.17272727272727 0.1474358974359 0.20358807858808 0.7985347985348 0.75524475524476 0.86212121212121
1262305600 0.19911921411921 0.14310134310134 0.23709623709624 0.80765068265068 0.73786213786214 0.85641025641026
1262305700 0.22198801198801 0.18369963369963 0.26318681318681 0.78742923742924 0.73493173493174 0.85769230769231
1262305800 0.22520812520813 0.20818181818182 0.26373626373627 0.76165376290376 0.72809412809413 0.82069597069597
1262305900 0.26304029304029 0.20410256410256 0.27201465201465 0.75182934712346 0.72439560439561 0.80659340659341
1262306000 0.28150793650794 0.21568681318681 0.29759103641457 0.75626050420168 0.71836834733894 0.76864468864469
1262306100 0.29143615779645 0.21498168498168 0.31657507739938 0.74450905303847 0.70246732026144 0.75392857142857
1262306200 0.29908496732026 0.23583104395604 0.34017973856209 0.72892230576441 0.69174836601307 0.74029160382101
1262306300 0.31162173202614 0.28507936507936 0.35509803921569 0.69999778858912 0.67049881491058 0.73762838468721
1262306400 0.32985036119711 0.28656746031746 0.36389383823705 0.69688650898956 0.64416666666667 0.73140694874441
1262306500 0.34481747297537 0.28241099071207 0.37116320212295 0.6921596270087 0.64416666666667 0.72913165266106
1262306600 0.34936758893281 0.27583419332645 0.41595352016405 0.69183502428084 0.65152734778122 0.71346749226006
1262306700 0.3673212799786 0.27531819745442 0.42209273182957 0.68042615596963 0.63666666666667 0.70413780663781
1262306800 0.37077832922226 0.29622549019608 0.4083189033189 0.66690810990508 0.63240601503759 0.69586086428192
1262306900 0.38822470454793 0.31359870263895 0.40829082510197 0.66291967080795 0.62314194577353 0.69160417383328
1262307000 0.39739483704701 0.33014126224653 0.41168034465248 0.65513601951709 0.62223776223776 0.68562091503268
1262307100 0.3896041856694 0.34620318913225 0.4151948051948 0.64222251580947 0.61512296881862 0.68825249398005
1262307200 0.38933354746573 0.35542114508934 0.41694362168046 0.64054655489438 0.60458937198068 0.6725742460727
1262307300 0.38800864418681 0.35361394262996 0.42401964507228 0.63264599731991 0.60269151138716 0.64892872827655
1262307400 0.38877579067609 0.36670575851811 0.43415090757196 0.62346602078656 0.6034347826087 0.65527272727273
1262307500 0.39666197212749 0.3766852036852 0.4344889892716 0.61748077715528 0.59436714975845 0.65614801864802
1262307600 0.39763897485018 0.38120181268007 0.43317868122216 0.6155384963092 0.58337321937322 0.66817582417582
1262307700 0.39990385781243 0.3802436693741 0.44247725704248 0.61266923897359 0.58203976975406 0.67012474177658
1262307800 0.39936044998607 0.38059420289855 0.44639333080712 0.61256650597861 0.5874468443434 0.65912698412699
1262307900 0.40207954652536 0.377038647343 0.45095645095645 0.61116462392278 0.58018315018315 0.65208272238514
1262308000 0.40098026093299 0.37541025641026 0.4525872821201 0.60506809186981 0.5753778320445 0.64247564935065
1262308100 0.40923369555123 0.37476923076923 0.4546559669474 0.60104824533704 0.57308761645803 0.62291216732393
1262308200 0.41175302857517 0.37549857549857 0.45532635467981 0.60155186197674 0.56964198904132 0.61953320683112
1262308300 0.4127805058496 0.37037037037037 0.46304074633191 0.60340457336067 0.56651842939623 0.61556523489161
1262308400 0.41904966991375 0.38011463844797 0.45824951003761 0.59804610943376 0.5665373984562 0.61524301841949
1262308500 0.42645156718601 0.3826178747361 0.45541009897361 0.59450268817204 0.56652517347317 0.61537890832009
