1262304900 0.76617504409171 0.51666666666667 1 1 1 1
1262305100 0.70737698412698 0.57696428571429 0.81357142857143 0.77642857142857 0.525 1
1262305300 0.667 0.5575 0.705 0.67863211951447 0.525 1
1262305500 0.68188888888889 0.6 0.76 0.62455722639933 0.4 0.84
1262305700 0.64966666666667 0.57166666666667 0.765 0.54314118629908 0.36333333333333 0.63
1262305900 0.62711111111111 0.52 0.73722222222222 0.48432748538012 0.28 0.7
1262306100 0.636 0.515 0.75 0.41643055555556 0.19 0.54375
1262306300 0.6685 0.58 0.77 0.383 0.2 0.56
1262306500 0.647 0.58 0.685 0.342 0.19 0.54
1262306700 0.6355 0.565 0.71 0.2955 0.185 0.405
1262306900 0.643 0.57 0.715 0.2615 0.175 0.315
1262307100 0.6095 0.515 0.67 0.214 0.13 0.3
1262307300 0.6405 0.54 0.73 0.185 0.08 0.28
1262307500 0.6405 0.54 0.765 0.1885 0.06 0.315
1262307700 0.644 0.56 0.715 0.1885 0.06 0.28
1262307900 0.6435 0.575 0.705 0.186 0.05 0.25
1262308100 0.6515 0.58 0.77 0.193 0.06 0.285
1262308300 0.6445 0.555 0.75 0.176 0.05 0.27
1262308500 0.6175 0.53 0.715 0.157 0.015 0.26
1262308700 0.607 0.54 0.65 0.1615 0.07 0.25
1262308900 0.605 0.525 0.67 0.1755 0.075 0.26
