1262305004 0.2
1262305104 0.4
1262305204 0.4
1262305304 0.4
1262305404 0.4
1262305504 0.5
1262305604 0.5
1262305704 1
1262305804 1
1262305904 1
1262306004 1
1262306104 1
1262306204 1
1262306304 1
1262306404 1
1262306504 0.9
1262306604 0.9
1262306704 0.2
1262306804 0.2
1262307104 0.2
1262307204 0.2
1262307304 0.2
1262307404 0.2
1262307504 0.1
1262307604 0.2
1262307704 0.2
1262307804 0.1
1262307904 0.1
1262308004 0.1
1262308104 0.1
1262308204 0.1
1262308304 0.1
1262308404 0.1
1262305304 0.5
1262305404 0.5
1262305504 1
1262305604 1
1262305704 1
1262305804 1
1262305904 1
1262306004 1
1262306104 0.9
1262306204 0.9
1262306304 0.9
1262306404 0.9
1262306504 0.9
1262306604 0.9
1262306704 0.3
1262306804 0.5
1262306904 0.5
1262307004 0.5
1262307104 0.5
1262307204 0.6
1262305104 0.5
1262305204 0.5
1262305304 0.5
1262305404 0.5
1262305504 0.5
1262305604 0.5
1262305704 1
1262305804 1
1262305904 1
1262306004 1
1262306104 1
1262306204 1
1262306304 1
1262306404 1
1262306504 0.2
1262306604 0.2
1262306704 0.2
1262306804 0.2
1262306904 0.2
1262307204 0.2
1262307304 0.1
1262307404 0.2
1262307504 0.1
1262307604 0.1
1262307704 0.1
1262307804 0.1
1262307904 0.1
1262308004 0.1
1262308104 0.1
1262308204 0.1
1262308304 0.1
1262308404 0.1
1262308704 0.2
1262308804 0.2
1262308904 0.2
1262305104 0.5
1262305204 0.5
1262305304 0.5
1262305404 0.5
1262305504 0.5
1262305604 0.5
1262305704 0.8
1262305804 1
1262305904 1
1262306004 1
1262306104 1
1262306204 1
1262306304 1
1262306404 0.2
1262306504 0.2
1262306604 0.2
1262306704 0.2
1262306804 0.2
1262306904 0.2
1262308704 0.6
1262308804 1
1262308904 1
1262305204 0.5
1262305304 0.5
1262305404 0.5
1262305504 0.5
1262305604 0.5
1262305704 1
1262305804 1
1262305904 1
1262306004 1
1262306104 1
1262306204 1
1262306304 1
1262306404 0.9
1262306504 0.5
1262306604 0.5
1262306704 0.5
1262306804 0.6
1262306904 0.6
1262307004 0.6
1262307104 0.3
1262305104 0.2
1262305204 0.2
1262305304 0.2
1262305404 0.5
1262305504 0.3
1262305604 0.3
1262305704 0.3
1262305804 0.3
1262305904 0.3
1262305304 0.6
1262305404 0.3
1262305504 0.3
1262305604 0.3
1262305704 0.3
1262304904 0.2
1262305004 0.2
1262305104 0.2
1262305204 0.2
1262305304 0.4
1262305404 0.4
1262305504 0.5
1262305604 0.5
1262305704 0.5
1262305804 0.3
1262305904 0.3
1262306004 0.3
1262306104 0.3
1262306204 0.3
1262306304 0.3
1262306404 0.3
1262306504 0.3
1262306604 0.3
1262306704 0.3
1262306804 0.3
1262306904 0.1
1262307004 0.1
1262307104 0.1
1262307204 0.1
1262307304 0.1
1262305004 0.2
1262305104 0.4
1262305204 0.4
1262305304 0.4
1262305404 0.4
1262305504 0.4
1262305604 0.4
1262305704 0.2
1262305804 0.3
1262305904 0.3
1262306004 0.3
1262306104 0.3
1262306204 0.3
1262306304 0.3
1262306404 0.3
1262306504 0.3
1262306604 0.3
1262306704 0.3
1262306804 0.3
1262306904 0.2
1262307004 0.2
1262307104 0.2
1262307204 0.2
1262307304 0.2
1262307404 0.3
1262307504 0.3
1262307604 0.1
1262307704 0.1
1262307804 0.1
1262307904 0.1
1262305104 0.4
1262305204 0.4
1262305304 0.4
1262305404 0.4
1262305504 0.4
1262305604 0.3
1262305704 0.3
1262305804 0.3
1262305904 0.3
1262306004 0.3
1262306104 0.3
1262306204 0.3
1262306304 0.3
1262306404 0.3
1262306504 0.3
1262306604 0.3
1262306704 0.3
1262306804 0.3
1262306904 0.1
1262307004 0.1
1262307104 0.1
1262308004 0.7
1262308104 0.7
1262308204 0.7
1262308304 0.7
1262308404 0.7
1262308504 0.7
1262308604 0.7
1262308704 0.1
1262308804 0.4
1262308904 0.5
1262305304 0.2
1262305404 0.2
1262305504 0.2
1262305604 0.2
1262305504 0.2
1262305604 0.2
1262305404 0.2
1262305504 0.2
1262305404 0.2
1262305504 0.5
1262305604 0.3
1262305704 0.3
1262305804 0.3
1262305904 0.3
1262306004 0.3
1262306104 0.3
1262306204 0.5
1262306304 0.5
1262306404 0.5
1262306504 0.5
1262306604 0.5
1262306704 0.5
1262306804 0.5
1262306904 0.5
1262308504 0.1
1262308604 0.1
1262308704 0.1
1262308804 0.1
1262308904 0.1
1262305404 0.2
1262305504 0.2
1262305604 0.4
1262305704 0.4
1262305804 0.4
1262305904 0.4
1262306004 0.4
1262306104 0.4
1262306204 0.4
1262306304 0.5
1262306404 0.5
1262306504 0.5
1262306604 0.5
1262306704 0.5
1262306804 0.5
1262306904 0.5
1262307004 0.5
1262307104 0.5
1262308904 0.5
1262305304 0.6
1262305404 0.7
1262305504 0.7
1262305604 0.7
1262305704 0.7
1262305804 0.7
1262305904 0.7
1262306004 0.7
1262306104 1
1262306204 1
1262306304 1
1262306404 0.3
1262306504 0.3
1262306604 0.3
1262306904 0.5
1262307004 0.5
1262307104 1
1262307204 0.9
1262307304 0.9
1262307404 0.9
1262307504 0.9
1262307604 0.3
1262307704 0.3
1262307804 0.3
1262307904 0.3
1262308004 0.3
1262308104 0.3
1262308204 0.3
1262308304 0.3
1262308804 0.3
1262308904 0.8
1262305104 0.3
1262305204 0.7
1262305304 0.7
1262305404 0.7
1262305504 0.7
1262305604 0.7
1262305704 0.7
1262305804 0.7
1262305904 0.7
1262306004 0.7
1262306104 0.5
1262306204 0.5
1262306304 0.5
1262305404 0.7
1262305504 0.7
1262305604 0.7
1262305704 0.7
1262305804 0.7
1262305904 0.5
1262306004 0.5
1262306104 0.5
1262306204 0.5
1262306304 0.5
1262306404 0.1
1262306504 0.1
1262306704 0.5
1262306804 0.4
1262306904 0.4
1262307004 0.4
1262307104 0.4
1262307204 0.4
1262307304 0.4
1262307404 0.4
1262307504 0.4
1262305904 0.7
1262306004 0.1
1262306104 0.1
1262306204 0.1
1262305604 0.7
1262305704 0.7
1262305804 0.7
1262305904 0.7
1262306004 0.3
1262306104 0.3
1262306204 0.3
1262306304 0.3
1262306404 0.6
1262306504 0.6
1262306604 0.6
1262306704 0.5
1262306804 0.3
1262306904 0.3
1262307004 0.2
1262307104 0.5
1262307204 0.6
1262307304 0.6
1262307404 0.6
1262307504 0.6
1262307604 0.6
1262307704 0.4
1262307804 0.4
1262307904 0.4
1262308004 0.4
1262308104 0.4
1262308204 0.4
1262308604 0.1
1262308704 0.2
1262308804 0.3
1262308904 0.9
1262305204 0.4
1262305304 0.4
1262305404 0.7
1262305504 0.7
1262305604 0.7
1262305704 0.7
1262305804 1
1262305904 1
1262306004 1
1262306104 1
1262306204 1
1262306304 1
1262306404 1
1262306504 1
1262306604 1
1262306704 1
1262306804 1
1262306904 1
1262307004 1
1262307104 1
1262307204 1
1262307304 1
1262307404 1
1262307504 1
1262307604 0.5
1262307704 0.4
1262307804 0.5
1262307904 0.5
1262308004 0.4
1262308104 0.4
1262308204 0.4
1262308304 0.4
1262308404 0.4
1262308504 0.4
1262308604 0.4
1262308704 0.8
1262308804 0.8
1262308904 0.8
1262304904 0.4
1262305004 0.4
1262305104 0.4
1262305204 0.4
1262305304 0.4
1262305404 0.4
1262305504 0.4
1262305604 0.4
1262305704 0.4
1262305804 1
1262305904 0.6
1262306004 0.6
1262306104 0.6
1262306204 0.6
1262306304 0.6
1262306404 0.6
1262306504 0.6
1262305104 0.4
1262305204 0.4
1262305304 0.4
1262305404 0.4
1262305504 0.4
1262305604 0.4
1262305704 1
1262305804 1
1262305904 0.6
1262306004 0.4
1262306104 0.4
1262306204 0.4
1262306304 0.4
1262306404 0.4
1262305004 0.4
1262305104 0.4
1262305204 0.4
1262305304 0.4
1262305404 0.4
1262305504 0.4
1262305604 0.4
1262305704 0.4
1262305804 1
1262305904 0.7
1262306004 0.6
1262306104 0.4
1262306204 0.4
1262306304 0.4
1262306404 0.4
1262306504 0.4
1262304904 0.4
1262305004 0.4
1262305104 0.4
1262305204 0.4
1262305304 0.4
1262305404 0.7
1262305504 0.7
1262305604 0.7
1262305704 0.7
1262305804 0.7
1262305904 1
1262306004 0.6
1262306104 0.6
1262306204 0.6
1262306304 0.6
1262306404 0.6
1262306504 0.6
1262306604 0.1
1262306704 0.1
1262306804 0.1
1262306904 0.1
1262307004 0.5
1262307104 0.5
1262307204 0.5
1262307304 0.5
1262307404 0.5
1262307504 0.5
1262307604 0.5
1262307704 0.5
1262307804 0.5
1262307904 0.5
1262308004 0.5
1262308104 0.4
1262308204 0.4
1262308304 0.4
1262308404 0.4
1262308504 0.4
1262308604 0.4
1262308704 0.4
1262308804 0.4
1262308904 0.8
1262305604 0.6
1262305704 0.6
1262305804 0.6
1262305904 0.6
1262306004 0.6
1262306104 0.6
1262306204 0.2
1262306304 0.2
1262306404 0.2
1262306504 0.2
1262306604 0.1
1262306704 0.1
1262305304 0.1
1262305404 0.1
1262305504 0.5
1262305604 0.6
1262305704 0.6
1262305804 0.6
1262305904 0.6
1262306004 0.6
1262306104 0.6
1262306204 0.1
1262306304 0.1
1262306404 0.1
1262306504 0.1
1262305504 0.5
1262305604 0.6
1262305704 0.6
1262305804 0.6
1262305904 0.6
1262306004 0.6
1262306104 0.6
1262306204 0.2
1262306304 0.2
1262306404 0.2
1262306504 0.6
1262306604 0.6
1262306704 0.6
1262306804 0.3
1262306904 0.2
1262307004 0.2
1262307104 0.2
1262307204 0.2
1262307304 0.2
1262305904 0.6
1262306004 0.6
1262306104 0.6
1262306204 0.6
1262306304 0.1
1262306404 0.1
1262306504 0.1
1262305304 0.6
1262305404 0.6
1262305504 0.6
1262305604 0.6
1262305704 0.6
1262305804 0.6
1262305904 0.4
1262306004 0.2
1262306104 0.1
1262306204 0.1
1262306304 0.1
1262306404 0.1
1262306504 0.1
1262306604 0.1
1262306904 0.3
1262307004 0.3
1262307104 0.3
1262307204 0.3
1262307304 0.3
1262307404 0.3
1262307504 0.3
1262307604 0.3
1262307704 0.3
1262307804 0.3
1262307904 0.3
1262308004 1
1262308104 1
1262308204 0.7
1262308304 0.7
1262308404 0.7
1262308504 0.7
1262308604 0.7
1262308704 0.3
1262308804 0.3
1262308904 0.3
