1262304700 0.5 0.5 0.5 0.5 0.5 0.5
1262304900 0.49520089285714 0.5 0.5 0.49786111111111 0.495 0.5
1262305100 0.49481922398589 0.48 0.515 0.50813174603175 0.49333333333333 0.509
1262305300 0.50333141534392 0.48 0.52988095238095 0.50181005291005 0.48039682539683 0.50755555555556
1262305500 0.49336904761905 0.46448412698413 0.51119047619048 0.50308465608466 0.47833333333333 0.53333333333333
1262305700 0.48734603174603 0.455 0.51875 0.51663333333333 0.49222222222222 0.53
1262305900 0.47916547619048 0.4755 0.495 0.52112651515152 0.49166666666667 0.54466666666667
1262306100 0.48086078643579 0.453 0.49942857142857 0.5126797979798 0.47075 0.54933333333333
1262306300 0.47630328282828 0.45444444444444 0.5 0.50509310966811 0.462 0.53
1262306500 0.46568731962482 0.43071428571429 0.49045454545455 0.50112821067821 0.46666666666667 0.53083333333333
1262306700 0.47876954556881 0.44556818181818 0.50333333333333 0.48963555578409 0.45488888888889 0.52625
1262306900 0.48474488183815 0.44954545454545 0.53186274509804 0.48404664182567 0.46 0.51651515151515
1262307100 0.48575488513894 0.45685714285714 0.51006993006993 0.50644059028347 0.47987012987013 0.53227272727273
1262307300 0.48140206589114 0.45296650717703 0.50538461538462 0.50309633966974 0.47284210526316 0.53379807692308
1262307500 0.47514202953909 0.43916666666667 0.50450980392157 0.50314540178604 0.48272727272727 0.52958333333333
1262307700 0.48131082963304 0.45785714285714 0.51923076923077 0.49957198624389 0.46133333333333 0.52052631578947
1262307900 0.47232051577593 0.429125 0.51525252525253 0.49531525224432 0.46010256410256 0.51722222222222
1262308100 0.47833410057864 0.43045454545455 0.52108823529412 0.48653758701458 0.463 0.51410714285714
1262308300 0.46709975688563 0.4331884057971 0.50375 0.48786592163875 0.43983333333333 0.53
1262308500 0.45734823153899 0.43131944444444 0.48421428571429 0.49579754589684 0.44579365079365 0.54769841269841
1262308700 0.45557874208695 0.42454545454545 0.48421052631579 0.50634865818736 0.46552941176471 0.54472727272727
1262308900 0.45230591252797 0.40983333333333 0.49242424242424 0.51087142037454 0.485 0.53952380952381
