1262305004 0.1
1262305104 0.4
1262305204 0.4
1262305304 0.4
1262305404 0.4
1262305504 0.4
1262305604 0.5
1262305704 0.5
1262305804 0.6
1262305904 0.6
1262306004 0.6
1262306104 0.6
1262306204 0.6
1262306304 0.5
1262306404 0.5
1262306504 0.5
1262306604 0.5
1262306704 0.6
1262306804 0.6
1262306904 0.6
1262307004 0.6
1262307104 0.5
1262307204 0.5
1262307304 0.6
1262307404 0.5
1262307504 0.5
1262307604 0.5
1262307704 0.5
1262307804 0.6
1262307904 0.4
1262308004 0.4
1262308104 0.4
1262308204 0.4
1262308304 0.5
1262308404 0.5
1262308630.5336 0.5
1262308730.5336 0.4
1262308830.5336 0.4
1262308930.5336 0.5
1262305104 0.5
1262305204 0.5
1262305304 0.6
1262305404 0.6
1262305504 0.3
1262305604 0.5
1262305704 0.5
1262305804 0.5
1262305904 0.5
1262306004 0.6
1262306104 0.5
1262306204 0.5
1262306304 0.5
1262306404 0.5
1262306504 0.5
1262306604 0.7
1262306704 0.5
1262306804 0.5
1262306904 0.6
1262307004 0.6
1262307104 0.6
1262307204 0.5
1262307304 0.6
1262307404 0.5
1262307504 0.5
1262307604 0.5
1262307704 0.5
1262307804 0.5
1262307904 0.4
1262308004 0.5
1262308104 0.5
1262308204 0.5
1262308304 0.6
1262308404 0.6
1262308504 0.6
1262308604 0.6
1262308704 0.6
1262308804 0.6
1262308904 0.6
1262304904 0.5
1262305004 0.4
1262305104 0.5
1262305204 0.5
1262305304 0.5
1262305404 0.5
1262305504 0.5
1262305604 0.4
1262305704 0.5
1262305804 0.5
1262305904 0.5
1262306004 0.5
1262306232.2288 0.5
1262306332.2288 0.5
1262306432.2288 0.5
1262306532.2288 0.6
1262306776.3921 0.5
1262306876.3921 0.5
1262306976.3921 0.5
1262307076.3921 0.5
1262307176.3921 0.5
1262307276.3921 0.5
1262307376.3921 0.5
1262307476.3921 0.5
1262307576.3921 0.5
1262307676.3921 0.5
1262307776.3921 0.5
1262307876.3921 0.5
1262308119.5701 0.4
1262308219.5701 0.4
1262308319.5701 0.4
1262308419.5701 0.5
1262308519.5701 0.5
1262308619.5701 0.6
1262308719.5701 0.5
1262308819.5701 0.5
1262308919.5701 0.5
1262304711.6776 0.1
1262304811.6776 0.1
1262304911.6776 0.1
1262305011.6776 0.1
1262305111.6776 0.4
1262305211.6776 0.5
1262305491.9575 0.4
1262305591.9575 0.5
1262305691.9575 0.4
1262305791.9575 0.4
1262305891.9575 0.5
1262305991.9575 0.4
1262306091.9575 0.4
1262306191.9575 0.4
1262306291.9575 0.4
1262306391.9575 0.4
1262306491.9575 0.5
1262306591.9575 0.5
1262306691.9575 0.5
1262306791.9575 0.6
1262306891.9575 0.6
1262306991.9575 0.6
1262307091.9575 0.6
1262307191.9575 0.6
1262307291.9575 0.5
1262307391.9575 0.5
1262307491.9575 0.5
1262307591.9575 0.5
1262307691.9575 0.5
1262307791.9575 0.5
1262307891.9575 0.5
1262307991.9575 0.5
1262308091.9575 0.5
1262308191.9575 0.4
1262308291.9575 0.5
1262308391.9575 0.5
1262308491.9575 0.5
1262308591.9575 0.5
1262308691.9575 0.5
1262308791.9575 0.6
1262308891.9575 0.6
1262308991.9575 0.6
1262305104 0.5
1262305204 0.5
1262305304 0.5
1262305404 0.5
1262305504 0.5
1262305604 0.6
1262305704 0.6
1262305804 0.6
1262305904 0.6
1262306004 0.6
1262306104 0.6
1262306204 0.5
1262306304 0.5
1262306404 0.5
1262306504 0.5
1262306604 0.6
1262306704 0.5
1262306804 0.5
1262306904 0.5
1262307004 0.5
1262307104 0.4
1262307204 0.4
1262307304 0.4
1262307404 0.6
1262307504 0.6
1262307604 0.5
1262307704 0.5
1262307804 0.5
1262307904 0.6
1262308004 0.3
1262308104 0.3
1262308204 0.5
1262308304 0.5
1262308404 0.5
1262308504 0.5
1262308604 0.5
1262308704 0.5
1262308804 0.5
1262308904 0.5
1262305304 0.3
1262305404 0.4
1262305504 0.5
1262305604 0.6
1262305704 0.4
1262305804 0.4
1262305904 0.4
1262306004 0.4
1262306212.8282 0.4
1262306312.8282 0.5
1262306412.8282 0.5
1262306512.8282 0.6
1262306612.8282 0.6
1262306712.8282 0.4
1262306812.8282 0.4
1262306912.8282 0.4
1262307012.8282 0.5
1262307112.8282 0.5
1262307361.3773 0.5
1262307461.3773 0.5
1262307561.3773 0.5
1262307661.3773 0.5
1262307761.3773 0.5
1262307861.3773 0.5
1262307961.3773 0.5
1262308061.3773 0.5
1262308161.3773 0.5
1262308261.3773 0.6
1262308361.3773 0.5
1262308461.3773 0.5
1262308561.3773 0.4
1262308661.3773 0.6
1262308761.3773 0.6
1262308861.3773 0.6
1262308961.3773 0.6
1262305304 0.1
1262305404 0.4
1262305504 0.6
1262305604 0.5
1262305704 0.5
1262305804 0.5
1262305904 0.5
1262306004 0.5
1262306104 0.5
1262306204 0.5
1262306304 0.5
1262306404 0.5
1262306504 0.5
1262306604 0.5
1262306704 0.5
1262306804 0.5
1262306904 0.5
1262307004 0.5
1262307282.151 0.4
1262307382.151 0.4
1262307482.151 0.6
1262307582.151 0.5
1262307682.151 0.5
1262307782.151 0.6
1262307882.151 0.5
1262307982.151 0.5
1262308082.151 0.6
1262308182.151 0.6
1262308282.151 0.7
1262308382.151 0.7
1262308482.151 0.7
1262308582.151 0.7
1262308682.151 0.7
1262308782.151 0.7
1262308882.151 0.7
1262308982.151 0.7
1262305204 0.4
1262305304 0.5
1262305404 0.5
1262305504 0.5
1262305604 0.5
1262305704 0.6
1262305804 0.6
1262305904 0.6
1262306004 0.6
1262306104 0.6
1262306204 0.6
1262306401.8284 0.6
1262306501.8284 0.5
1262306601.8284 0.5
1262306701.8284 0.5
1262306801.8284 0.5
1262306901.8284 0.5
1262307001.8284 0.5
1262307101.8284 0.4
1262307201.8284 0.4
1262307301.8284 0.3
1262307401.8284 0.4
1262307501.8284 0.4
1262307601.8284 0.4
1262307701.8284 0.4
1262307801.8284 0.6
1262307901.8284 0.5
1262308001.8284 0.5
1262308101.8284 0.5
1262308201.8284 0.4
1262308301.8284 0.4
1262308401.8284 0.4
1262308501.8284 0.4
1262308601.8284 0.4
1262308701.8284 0.4
1262308801.8284 0.4
1262308901.8284 0.4
1262305204 0.4
1262305304 0.5
1262305404 0.5
1262305504 0.6
1262305604 0.5
1262305704 0.5
1262305804 0.5
1262305904 0.5
1262306004 0.6
1262306212.8282 0.5
1262306312.8282 0.4
1262306412.8282 0.5
1262306512.8282 0.5
1262306612.8282 0.5
1262306712.8282 0.5
1262306812.8282 0.5
1262306912.8282 0.5
1262307012.8282 0.5
1262307112.8282 0.6
1262307212.8282 0.6
1262307312.8282 0.6
1262307412.8282 0.4
1262307512.8282 0.5
1262307612.8282 0.5
1262307712.8282 0.5
1262307812.8282 0.6
1262308053.631 0.7
1262308153.631 0.6
1262308253.631 0.6
1262308353.631 0.5
1262308453.631 0.5
1262308553.631 0.4
1262308653.631 0.5
1262308753.631 0.5
1262308853.631 0.5
1262308953.631 0.5
1262305404 0.2
1262305504 0.2
1262305604 0.2
1262305704 0.4
1262305804 0.4
1262305904 0.4
1262306004 0.6
1262306225.4778 0.5
1262306325.4778 0.5
1262306425.4778 0.5
1262306525.4778 0.5
1262306625.4778 0.6
1262306725.4778 0.4
1262306825.4778 0.4
1262306925.4778 0.5
1262307192.9797 0.5
1262307292.9797 0.5
1262307392.9797 0.6
1262307492.9797 0.6
1262307592.9797 0.6
1262307835.6364 0.6
1262307935.6364 0.5
1262308035.6364 0.5
1262308135.6364 0.5
1262308235.6364 0.5
1262308335.6364 0.5
1262308435.6364 0.5
1262308535.6364 0.5
1262308635.6364 0.5
1262308735.6364 0.5
1262308835.6364 0.5
1262308935.6364 0.6
1262305204 0.4
1262305304 0.4
1262305404 0.4
1262305504 0.5
1262305604 0.6
1262305704 0.5
1262305804 0.5
1262305904 0.6
1262306004 0.5
1262306104 0.4
1262306204 0.5
1262306304 0.6
1262306404 0.6
1262306504 0.6
1262306604 0.5
1262306704 0.5
1262306804 0.5
1262306904 0.5
1262307004 0.5
1262307104 0.5
1262307204 0.6
1262307304 0.5
1262307571.6081 0.6
1262307671.6081 0.4
1262307771.6081 0.4
1262307871.6081 0.4
1262307971.6081 0.4
1262308071.6081 0.4
1262308171.6081 0.5
1262308271.6081 0.5
1262308371.6081 0.5
1262308471.6081 0.5
1262308571.6081 0.5
1262308671.6081 0.5
1262308771.6081 0.5
1262308871.6081 0.5
1262308971.6081 0.5
1262305004 0.2
1262305104 0.2
1262305204 0.5
1262305304 0.5
1262305404 0.5
1262305504 0.5
1262305604 0.6
1262305704 0.5
1262305804 0.7
1262305904 0.7
1262306004 0.5
1262306104 0.5
1262306204 0.5
1262306304 0.5
1262306404 0.7
1262306504 0.7
1262306604 0.7
1262306704 0.7
1262306804 0.6
1262306904 0.7
1262307004 0.5
1262307104 0.5
1262307204 0.5
1262307304 0.6
1262307404 0.6
1262307504 0.5
1262307604 0.5
1262307704 0.5
1262307804 0.5
1262307904 0.5
1262308004 0.5
1262308104 0.5
1262308204 0.3
1262308304 0.5
1262308404 0.5
1262308504 0.5
1262308604 0.5
1262308704 0.5
1262308804 0.5
1262308904 0.5
1262304804 0.4
1262304904 0.4
1262305004 0.4
1262305104 0.4
1262305204 0.5
1262305304 0.5
1262305404 0.5
1262305504 0.5
1262305604 0.5
1262305704 0.4
1262305804 0.5
1262305904 0.5
1262306004 0.6
1262306104 0.6
1262306360.9139 0.5
1262306460.9139 0.6
1262306560.9139 0.6
1262306660.9139 0.5
1262306760.9139 0.5
1262306860.9139 0.5
1262306960.9139 0.5
1262307060.9139 0.5
1262307160.9139 0.5
1262307260.9139 0.5
1262307360.9139 0.5
1262307460.9139 0.5
1262307560.9139 0.5
1262307660.9139 0.5
1262307760.9139 0.5
1262307860.9139 0.5
1262307960.9139 0.4
1262308060.9139 0.4
1262308160.9139 0.4
1262308260.9139 0.4
1262308360.9139 0.4
1262308460.9139 0.4
1262308560.9139 0.4
1262308660.9139 0.4
1262308760.9139 0.5
1262308860.9139 0.5
1262308960.9139 0.5
1262305004 0.5
1262305104 0.5
1262305204 0.5
1262305304 0.4
1262305539.3086 0.6
1262305639.3086 0.6
1262305739.3086 0.4
1262305839.3086 0.5
1262305939.3086 0.5
1262306039.3086 0.6
1262306139.3086 0.6
1262306239.3086 0.5
1262306339.3086 0.5
1262306439.3086 0.7
1262306539.3086 0.7
1262306639.3086 0.7
1262306739.3086 0.7
1262306839.3086 0.5
1262306939.3086 0.5
1262307039.3086 0.5
1262307139.3086 0.5
1262307239.3086 0.7
1262307339.3086 0.7
1262307439.3086 0.7
1262307539.3086 0.6
1262307815.8215 0.6
1262308086.368 0.4
1262308186.368 0.4
1262308286.368 0.4
1262308386.368 0.5
1262308486.368 0.5
1262308586.368 0.5
1262308686.368 0.5
1262308786.368 0.4
1262308886.368 0.6
1262308986.368 0.5
1262304604 0.2
1262304704 0.4
1262304804 0.5
1262304904 0.5
1262305004 0.5
1262305104 0.5
1262305204 0.5
1262305304 0.5
1262305404 0.5
1262305504 0.6
1262305604 0.4
1262305704 0.4
1262305804 0.5
1262305943.6901 0.5
1262306181.02 0.5
1262306281.02 0.6
1262306381.02 0.8
1262306481.02 0.7
1262306581.02 0.7
1262306681.02 0.5
1262306781.02 0.5
1262306881.02 0.5
1262306981.02 0.4
1262307081.02 0.7
1262307181.02 0.7
1262307281.02 0.5
1262307543.7191 0.5
1262307657.7883 0.5
1262307757.7883 0.4
1262307857.7883 0.4
1262307957.7883 0.4
1262308057.7883 0.5
1262308157.7883 0.5
1262308257.7883 0.5
1262308357.7883 0.4
1262308457.7883 0.5
1262308557.7883 0.5
1262308657.7883 0.5
1262308757.7883 0.5
1262308857.7883 0.5
1262308957.7883 0.5
1262304804 0.5
1262304904 0.5
1262305004 0.6
1262305104 0.6
1262305204 0.4
1262305304 0.4
1262305404 0.4
1262305504 0.4
1262305604 0.4
1262305704 0.6
1262305804 0.4
1262305904 0.5
1262306004 0.5
1262306104 0.6
1262306204 0.6
1262306304 0.6
1262306404 0.6
1262306504 0.6
1262306604 0.6
1262306704 0.6
1262306804 0.6
1262306904 0.6
1262307004 0.6
1262307104 0.3
1262307204 0.6
1262307304 0.6
1262307404 0.7
1262307504 0.6
1262307604 0.4
1262307704 0.4
1262307804 0.6
1262307904 0.5
1262308004 0.6
1262308104 0.5
1262308204 0.6
1262308304 0.6
1262308404 0.6
1262308504 0.6
1262308604 0.6
1262308704 0.6
1262308804 0.6
1262308904 0.6
1262304604 0.2
1262304704 0.4
1262304804 0.5
1262304904 0.5
1262305004 0.5
1262305104 0.5
1262305204 0.5
1262305304 0.5
1262305404 0.6
1262305629.2078 0.6
1262305729.2078 0.4
1262305829.2078 0.4
1262305929.2078 0.5
1262306029.2078 0.4
1262306129.2078 0.4
1262306417.4497 0.6
1262306517.4497 0.5
1262306617.4497 0.5
1262306717.4497 0.4
1262306817.4497 0.5
1262306917.4497 0.5
1262307017.4497 0.5
1262307117.4497 0.6
1262307217.4497 0.6
1262307317.4497 0.6
1262307417.4497 0.6
1262307517.4497 0.6
1262307617.4497 0.5
1262307717.4497 0.5
1262307817.4497 0.6
1262307917.4497 0.6
1262308017.4497 0.6
1262308117.4497 0.5
1262308217.4497 0.5
1262308317.4497 0.5
1262308417.4497 0.5
1262308677.7288 0.5
1262308777.7288 0.6
1262308877.7288 0.6
1262308977.7288 0.6
1262305004 0.4
1262305104 0.3
1262305204 0.4
1262305304 0.5
1262305404 0.4
1262305504 0.4
1262305604 0.4
1262305704 0.4
1262305804 0.6
1262305904 0.7
1262306004 0.7
1262306104 0.7
1262306204 0.6
1262306304 0.6
1262306404 0.6
1262306504 0.4
1262306604 0.4
1262306704 0.4
1262306804 0.6
1262306904 0.6
1262307004 0.6
1262307104 0.6
1262307204 0.6
1262307304 0.6
1262307404 0.6
1262307504 0.6
1262307604 0.6
1262307704 0.5
1262307804 0.5
1262307904 0.5
1262308004 0.5
1262308104 0.7
1262308204 0.7
1262308304 0.7
1262308404 0.6
1262308504 0.6
1262308604 0.6
1262308704 0.6
1262308804 0.6
1262308904 0.6
1262304804 0.5
1262304904 0.5
1262305004 0.5
1262305104 0.5
1262305204 0.5
1262305304 0.5
1262305404 0.6
1262305504 0.6
1262305604 0.6
1262305704 0.7
1262305804 0.7
1262305904 0.6
1262306004 0.7
1262306104 0.7
1262306204 0.7
1262306304 0.6
1262306404 0.6
1262306504 0.6
1262306604 0.5
1262306887.5598 0.4
1262306987.5598 0.6
1262307087.5598 0.6
1262307187.5598 0.5
1262307287.5598 0.7
1262307387.5598 0.6
1262307487.5598 0.6
1262307587.5598 0.6
1262307687.5598 0.5
1262307787.5598 0.5
1262307887.5598 0.6
1262307987.5598 0.6
1262308254.2981 0.6
1262308354.2981 0.6
1262308454.2981 0.5
1262308677.7288 0.5
1262308777.7288 0.5
1262308877.7288 0.5
1262308977.7288 0.5
1262304604 0.2
1262304704 0.4
1262304804 0.5
1262304904 0.5
1262305004 0.5
1262305104 0.5
1262305204 0.4
1262305304 0.4
1262305404 0.5
1262305504 0.5
1262305604 0.5
1262305704 0.5
1262305804 0.4
1262305904 0.4
1262306004 0.4
1262306104 0.4
1262306204 0.4
1262306304 0.4
1262306404 0.4
1262306504 0.5
1262306604 0.5
1262306704 0.5
1262306804 0.6
1262306904 0.6
1262307004 0.5
1262307104 0.6
1262307204 0.6
1262307304 0.6
1262307404 0.6
1262307504 0.6
1262307604 0.5
1262307704 0.5
1262307804 0.5
1262307904 0.5
1262308004 0.5
1262308104 0.5
1262308204 0.6
1262308304 0.6
1262308404 0.6
1262308504 0.6
1262308609.2117 0.6
1262308893.9662 0.6
1262308993.9662 0.6
1262304704 0.2
1262304804 0.2
1262304904 0.5
1262305004 0.5
1262305104 0.5
1262305204 0.5
1262305304 0.5
1262305404 0.5
1262305504 0.5
1262305604 0.5
1262305704 0.4
1262305804 0.5
1262305904 0.4
1262306004 0.5
1262306104 0.4
1262306204 0.4
1262306304 0.4
1262306404 0.4
1262306504 0.6
1262306604 0.6
1262306704 0.7
1262306804 0.7
1262306904 0.7
1262307004 0.7
1262307104 0.7
1262307204 0.7
1262307304 0.5
1262307404 0.5
1262307504 0.5
1262307604 0.5
1262307704 0.6
1262307804 0.6
1262307904 0.6
1262308004 0.6
1262308104 0.6
1262308204 0.6
1262308304 0.5
1262308404 0.6
1262308504 0.5
1262308604 0.4
1262308704 0.4
1262308804 0.4
1262308904 0.4
1262304704 0.2
1262304804 0.2
1262304904 0.2
1262305004 0.4
1262305104 0.5
1262305204 0.5
1262305304 0.5
1262305404 0.5
1262305504 0.5
1262305604 0.5
1262305704 0.5
1262305804 0.4
1262305904 0.4
1262306004 0.5
1262306104 0.4
1262306204 0.4
1262306304 0.4
1262306404 0.4
1262306504 0.4
1262306604 0.4
1262306704 0.4
1262306804 0.4
1262306904 0.4
1262307004 0.5
1262307104 0.5
1262307204 0.5
1262307400.7707 0.5
1262307500.7707 0.4
1262307600.7707 0.5
1262307700.7707 0.5
1262307800.7707 0.5
1262307900.7707 0.5
1262308000.7707 0.5
1262308100.7707 0.5
1262308200.7707 0.5
1262308300.7707 0.5
1262308400.7707 0.5
1262308500.7707 0.5
1262308600.7707 0.4
1262308700.7707 0.4
1262308800.7707 0.5
1262308900.7707 0.5
1262304704 0.2
1262304804 0.5
1262304904 0.5
1262305004 0.6
1262305104 0.5
1262305204 0.5
1262305304 0.5
1262305404 0.5
1262305504 0.5
1262305604 0.5
1262305704 0.5
1262305804 0.5
1262305904 0.5
1262306004 0.5
1262306104 0.5
1262306204 0.5
1262306304 0.5
1262306404 0.5
1262306504 0.5
1262306604 0.5
1262306704 0.5
1262306804 0.5
1262306904 0.4
1262307004 0.4
1262307104 0.4
1262307204 0.4
1262307304 0.5
1262307404 0.5
1262307504 0.5
1262307604 0.5
1262307704 0.5
1262307804 0.5
1262307904 0.5
1262308004 0.5
1262308104 0.5
1262308204 0.5
1262308304 0.5
1262308404 0.5
1262308504 0.5
1262308604 0.5
1262308704 0.5
1262308804 0.5
1262308904 0.5
1262304704 0.2
1262304804 0.2
1262304904 0.2
1262305004 0.5
1262305104 0.5
1262305204 0.5
1262305304 0.5
1262305404 0.5
1262305504 0.6
1262305604 0.6
1262305704 0.5
1262305804 0.4
1262305904 0.4
1262306004 0.4
1262306104 0.4
1262306204 0.4
1262306304 0.4
1262306404 0.4
1262306504 0.5
1262306604 0.5
1262306704 0.5
1262306804 0.5
1262306904 0.5
1262307004 0.5
1262307184.1003 0.5
1262307284.1003 0.5
1262307384.1003 0.5
1262307484.1003 0.5
1262307584.1003 0.5
1262307684.1003 0.5
1262307784.1003 0.5
1262307884.1003 0.5
1262307984.1003 0.4
1262308084.1003 0.4
1262308184.1003 0.5
1262308284.1003 0.5
1262308384.1003 0.4
1262308484.1003 0.5
1262308584.1003 0.5
1262308684.1003 0.5
1262308784.1003 0.5
1262308884.1003 0.5
1262308984.1003 0.5
1262304604 0.2
1262304704 0.2
1262304804 0.2
1262304904 0.2
1262305004 0.2
1262305104 0.2
1262305204 0.2
1262305304 0.2
1262305404 0.5
1262305504 0.6
1262305604 0.6
1262305704 0.6
1262305804 0.6
1262305904 0.6
1262306004 0.6
1262306104 0.5
1262306204 0.5
1262306304 0.5
1262306404 0.5
1262306504 0.5
1262306604 0.5
1262306704 0.5
1262306804 0.5
1262306904 0.3
1262307004 0.5
1262307104 0.4
1262307204 0.4
1262307304 0.5
1262307404 0.5
1262307504 0.7
1262307604 0.5
1262307704 0.5
1262307804 0.4
1262307904 0.4
1262308004 0.4
1262308104 0.4
1262308204 0.4
1262308304 0.4
1262308404 0.4
1262308504 0.4
1262308604 0.4
1262308704 0.4
1262308804 0.4
1262308904 0.4
