1262304804 0.5
1262304904 0.5
1262305004 0.5
1262305104 0.5
1262305204 0.5
1262305304 0.5
1262305404 0.5
1262305504 0.4
1262305604 0.5
1262305704 0.5
1262305804 0.5
1262305904 0.5
1262306004 0.5
1262306104 0.5
1262306204 0.5
1262306304 0.5
1262306404 0.5
1262306504 0.5
1262306604 0.6
1262306704 0.5
1262306804 0.5
1262306904 0.5
1262307004 0.5
1262307104 0.4
1262307204 0.4
1262307304 0.4
1262307404 0.4
1262307504 0.5
1262307604 0.5
1262307704 0.5
1262307804 0.5
1262307904 0.7
1262308004 0.5
1262308104 0.5
1262308204 0.6
1262308304 0.6
1262308404 0.6
1262308504 0.6
1262308604 0.6
1262308704 0.6
1262308804 0.7
1262308904 0.7
1262304804 0.5
1262304904 0.5
1262305004 0.5
1262305104 0.5
1262305204 0.5
1262305411.4949 0.5
1262305511.4949 0.5
1262305611.4949 0.5
1262305711.4949 0.5
1262305811.4949 0.5
1262305911.4949 0.5
1262306012.516 0.5
1262306112.516 0.6
1262306334.3645 0.6
1262306434.3645 0.5
1262306534.3645 0.5
1262306634.3645 0.6
1262306734.3645 0.5
1262306834.3645 0.5
1262306934.3645 0.5
1262307034.3645 0.5
1262307134.3645 0.5
1262307234.3645 0.5
1262307369.2196 0.5
1262307469.2196 0.5
1262307569.2196 0.5
1262307669.2196 0.4
1262307769.2196 0.5
1262307869.2196 0.5
1262307969.2196 0.5
1262308069.2196 0.5
1262308169.2196 0.5
1262308269.2196 0.7
1262308369.2196 0.7
1262308469.2196 0.7
1262308569.2196 0.7
1262308669.2196 0.7
1262308769.2196 0.7
1262308869.2196 0.7
1262308969.2196 0.7
1262305104 0.5
1262305204 0.5
1262305304 0.5
1262305404 0.5
1262305504 0.5
1262305604 0.5
1262305704 0.4
1262305804 0.4
1262305904 0.6
1262306126.3619 0.6
1262306226.3619 0.6
1262306326.3619 0.6
1262306426.3619 0.6
1262306526.3619 0.6
1262306626.3619 0.6
1262306726.3619 0.6
1262306826.3619 0.6
1262306926.3619 0.6
1262307026.3619 0.5
1262307126.3619 0.4
1262307226.3619 0.6
1262307326.3619 0.5
1262307426.3619 0.5
1262307526.3619 0.5
1262307626.3619 0.5
1262307726.3619 0.5
1262307957.0466 0.5
1262308057.0466 0.6
1262308157.0466 0.6
1262308257.0466 0.6
1262308357.0466 0.6
1262308457.0466 0.6
1262308557.0466 0.6
1262308657.0466 0.6
1262308757.0466 0.6
1262308857.0466 0.6
1262308957.0466 0.6
1262305004 0.5
1262305104 0.5
1262305204 0.5
1262305304 0.5
1262305404 0.5
1262305504 0.5
1262305604 0.5
1262305704 0.5
1262305804 0.5
1262305904 0.6
1262306004 0.6
1262306104 0.6
1262306204 0.4
1262306304 0.4
1262306404 0.4
1262306504 0.4
1262306604 0.5
1262306704 0.5
1262306804 0.5
1262306904 0.5
1262307004 0.5
1262307104 0.5
1262307204 0.4
1262307304 0.4
1262307404 0.5
1262307504 0.6
1262307604 0.6
1262307704 0.5
1262307804 0.5
1262307904 0.5
1262308004 0.5
1262308104 0.5
1262308204 0.5
1262308304 0.5
1262308404 0.5
1262308504 0.5
1262308604 0.5
1262308704 0.5
1262308804 0.5
1262308904 0.5
1262304804 0.5
1262304904 0.5
1262305004 0.5
1262305104 0.5
1262305204 0.5
1262305304 0.5
1262305404 0.5
1262305504 0.4
1262305604 0.5
1262305704 0.6
1262305804 0.5
1262305904 0.5
1262306004 0.6
1262306104 0.6
1262306204 0.6
1262306304 0.6
1262306404 0.6
1262306504 0.6
1262306604 0.6
1262306704 0.6
1262306804 0.6
1262306904 0.6
1262307004 0.5
1262307104 0.5
1262307204 0.5
1262307304 0.5
1262307404 0.5
1262307504 0.5
1262307604 0.5
1262307704 0.3
1262307957.0466 0.4
1262308057.0466 0.6
1262308157.0466 0.6
1262308257.0466 0.6
1262308357.0466 0.6
1262308457.0466 0.6
1262308557.0466 0.6
1262308657.0466 0.5
1262308757.0466 0.5
1262308857.0466 0.5
1262308957.0466 0.5
1262304804 0.2
1262304904 0.2
1262305004 0.2
1262305104 0.2
1262305204 0.5
1262305304 0.5
1262305404 0.5
1262305504 0.5
1262305604 0.5
1262305704 0.3
1262305804 0.4
1262305904 0.4
1262306004 0.4
1262306104 0.4
1262306204 0.5
1262306304 0.6
1262306404 0.6
1262306504 0.6
1262306604 0.5
1262306704 0.5
1262306804 0.6
1262306904 0.5
1262307004 0.5
1262307104 0.5
1262307204 0.5
1262307304 0.3
1262307404 0.3
1262307504 0.4
1262307604 0.4
1262307704 0.3
1262307804 0.4
1262307904 0.6
1262308004 0.5
1262308104 0.4
1262308204 0.6
1262308304 0.5
1262308404 0.5
1262308504 0.5
1262308604 0.5
1262308704 0.5
1262308804 0.5
1262308904 0.7
1262304604 0.2
1262304704 0.2
1262304804 0.2
1262304904 0.2
1262305004 0.2
1262305104 0.2
1262305204 0.2
1262305304 0.2
1262305404 0.2
1262305504 0.2
1262305604 0.4
1262305704 0.5
1262305804 0.3
1262305904 0.3
1262306004 0.4
1262306104 0.4
1262306204 0.4
1262306304 0.6
1262306404 0.6
1262306504 0.6
1262306604 0.6
1262306704 0.4
1262306804 0.5
1262306904 0.6
1262307004 0.6
1262307104 0.3
1262307204 0.3
1262307304 0.3
1262307404 0.3
1262307504 0.3
1262307604 0.4
1262307704 0.5
1262307804 0.5
1262307904 0.5
1262308004 0.6
1262308104 0.4
1262308204 0.6
1262308304 0.6
1262308404 0.6
1262308504 0.6
1262308604 0.6
1262308704 0.6
1262308804 0.6
1262308904 0.6
1262304804 0.2
1262304904 0.2
1262305004 0.2
1262305104 0.2
1262305204 0.5
1262305304 0.5
1262305404 0.5
1262305504 0.5
1262305604 0.5
1262305704 0.5
1262305804 0.5
1262305904 0.5
1262306004 0.5
1262306111.2288 0.5
1262306211.2288 0.6
1262306311.2288 0.6
1262306411.2288 0.6
1262306511.2288 0.6
1262306611.2288 0.6
1262306711.2288 0.5
1262306811.2288 0.5
1262306911.2288 0.4
1262307011.2288 0.4
1262307111.2288 0.3
1262307211.2288 0.3
1262307311.2288 0.3
1262307411.2288 0.3
1262307511.2288 0.4
1262307611.2288 0.4
1262307711.2288 0.4
1262307811.2288 0.4
1262307911.2288 0.4
1262308011.2288 0.4
1262308111.2288 0.6
1262308232.1102 0.4
1262308332.1102 0.4
1262308432.1102 0.4
1262308532.1102 0.4
1262308632.1102 0.4
1262308732.1102 0.5
1262308832.1102 0.5
1262308932.1102 0.4
1262304904 0.2
1262305004 0.2
1262305104 0.2
1262305204 0.2
1262305304 0.5
1262305404 0.5
1262305504 0.5
1262305604 0.4
1262305704 0.5
1262305804 0.6
1262305904 0.6
1262306004 0.6
1262306104 0.5
1262306204 0.5
1262306304 0.4
1262306404 0.4
1262306504 0.5
1262306604 0.7
1262306704 0.5
1262306804 0.5
1262306904 0.5
1262307004 0.7
1262307104 0.5
1262307295.6807 0.5
1262307502.0742 0.5
1262307602.0742 0.5
1262307702.0742 0.5
1262307802.0742 0.4
1262307902.0742 0.4
1262308002.0742 0.4
1262308102.0742 0.4
1262308202.0742 0.4
1262308302.0742 0.4
1262308402.0742 0.4
1262308502.0742 0.3
1262308602.0742 0.3
1262308702.0742 0.3
1262308802.0742 0.3
1262308902.0742 0.4
1262304904 0.2
1262305004 0.2
1262305104 0.2
1262305204 0.2
1262305304 0.5
1262305404 0.5
1262305504 0.5
1262305604 0.5
1262305704 0.4
1262305804 0.6
1262305904 0.5
1262306004 0.5
1262306104 0.5
1262306204 0.5
1262306304 0.4
1262306404 0.4
1262306504 0.4
1262306604 0.3
1262306704 0.5
1262306804 0.7
1262306904 0.5
1262307004 0.4
1262307104 0.4
1262307204 0.4
1262307304 0.5
1262307404 0.4
1262307504 0.6
1262307604 0.6
1262307704 0.6
1262307804 0.6
1262307904 0.6
1262308132.7323 0.6
1262308232.7323 0.4
1262308332.7323 0.4
1262308432.7323 0.4
1262308532.7323 0.4
1262308632.7323 0.4
1262308732.7323 0.4
1262308832.7323 0.4
1262308932.7323 0.4
1262304604 0.2
1262304704 0.3
1262304804 0.5
1262304904 0.6
1262305004 0.4
1262305104 0.5
1262305204 0.5
1262305304 0.5
1262305404 0.6
1262305504 0.5
1262305604 0.5
1262305797.3406 0.5
1262305897.3406 0.4
1262305997.3406 0.5
1262306097.3406 0.5
1262306197.3406 0.5
1262306297.3406 0.5
1262306416.481 0.5
1262306516.481 0.5
1262306616.481 0.5
1262306716.481 0.5
1262306816.481 0.5
1262306916.481 0.5
1262307016.481 0.5
1262307116.481 0.5
1262307216.481 0.5
1262307316.481 0.5
1262307416.481 0.5
1262307516.481 0.5
1262307616.481 0.5
1262307716.481 0.5
1262307816.481 0.5
1262307916.481 0.6
1262308016.481 0.6
1262308116.481 0.6
1262308216.481 0.5
1262308316.481 0.5
1262308416.481 0.5
1262308516.481 0.5
1262308616.481 0.5
1262308716.481 0.4
1262308816.481 0.4
1262308916.481 0.4
1262304604 0.2
1262304704 0.4
1262304804 0.5
1262304904 0.5
1262305004 0.5
1262305104 0.5
1262305204 0.5
1262305304 0.5
1262305404 0.5
1262305504 0.7
1262305757.101 0.7
1262305857.101 0.5
1262305957.101 0.5
1262306057.101 0.5
1262306157.101 0.5
1262306257.101 0.4
1262306357.101 0.4
1262306457.101 0.4
1262306557.101 0.6
1262306657.101 0.6
1262306757.101 0.6
1262306857.101 0.6
1262306957.101 0.5
1262307057.101 0.6
1262307157.101 0.6
1262307257.101 0.6
1262307357.101 0.5
1262307457.101 0.5
1262307557.101 0.5
1262307842.0843 0.5
1262307942.0843 0.5
1262308042.0843 0.5
1262308142.0843 0.5
1262308273.2408 0.4
1262308373.2408 0.4
1262308473.2408 0.4
1262308573.2408 0.4
1262308673.2408 0.3
1262308773.2408 0.3
1262308873.2408 0.3
1262308973.2408 0.3
1262304904 0.5
1262305004 0.5
1262305286.3134 0.4
1262305528.1099 0.4
1262305628.1099 0.2
1262305728.1099 0.2
1262305986.3408 0.2
1262306086.3408 0.2
1262306186.3408 0.2
1262306286.3408 0.2
1262306484.6009 0.5
1262306584.6009 0.5
1262306684.6009 0.6
1262306784.6009 0.5
1262306987.3309 0.5
1262307222.4758 0.6
1262307322.4758 0.6
1262307422.4758 0.5
1262307668.1298 0.5
1262307768.1298 0.6
1262307868.1298 0.7
1262307968.1298 0.6
1262308068.1298 0.6
1262308168.1298 0.5
1262308268.1298 0.4
1262308368.1298 0.4
1262308468.1298 0.4
1262308568.1298 0.4
1262308668.1298 0.4
1262308768.1298 0.4
1262308868.1298 0.4
1262308968.1298 0.4
1262304904 0.5
1262305004 0.5
1262305104 0.5
1262305204 0.5
1262305304 0.5
1262305404 0.5
1262305504 0.5
1262305604 0.5
1262305704 0.4
1262305804 0.6
1262305904 0.5
1262306004 0.5
1262306104 0.5
1262306204 0.5
1262306304 0.5
1262306404 0.6
1262306504 0.6
1262306604 0.6
1262306704 0.6
1262306804 0.6
1262306916.6592 0.6
1262307016.6592 0.5
1262307116.6592 0.5
1262307216.6592 0.6
1262307316.6592 0.6
1262307416.6592 0.6
1262307516.6592 0.6
1262307616.6592 0.6
1262307716.6592 0.6
1262307816.6592 0.6
1262307916.6592 0.6
1262308016.6592 0.6
1262308116.6592 0.5
1262308216.6592 0.5
1262308316.6592 0.5
1262308416.6592 0.4
1262308516.6592 0.4
1262308616.6592 0.4
1262308716.6592 0.4
1262308816.6592 0.4
1262308916.6592 0.5
1262304704 0.4
1262304804 0.5
1262304904 0.5
1262305004 0.5
1262305104 0.5
1262305204 0.5
1262305304 0.5
1262305404 0.5
1262305504 0.6
1262305604 0.6
1262305704 0.5
1262305804 0.5
1262305904 0.5
1262306004 0.5
1262306104 0.4
1262306204 0.4
1262306304 0.5
1262306404 0.5
1262306504 0.5
1262306604 0.5
1262306704 0.5
1262306804 0.5
1262306904 0.5
1262307004 0.5
1262307104 0.5
1262307204 0.6
1262307304 0.6
1262307404 0.4
1262307653.084 0.5
1262307753.084 0.6
1262307853.084 0.6
1262307953.084 0.5
1262308053.084 0.5
1262308153.084 0.5
1262308253.084 0.5
1262308392.15 0.5
1262308492.15 0.5
1262308592.15 0.5
1262308692.15 0.5
1262308792.15 0.5
1262308892.15 0.5
1262308992.15 0.5
1262304604 0.2
1262304704 0.3
1262304804 0.3
1262304904 0.3
1262305004 0.3
1262305104 0.4
1262305204 0.5
1262305304 0.4
1262305404 0.6
1262305504 0.6
1262305604 0.6
1262305704 0.6
1262305804 0.6
1262305904 0.6
1262306004 0.5
1262306197.3318 0.5
1262306297.3318 0.5
1262306397.3318 0.5
1262306497.3318 0.5
1262306597.3318 0.5
1262306697.3318 0.6
1262306797.3318 0.6
1262306897.3318 0.7
1262306997.3318 0.7
1262307097.3318 0.7
1262307197.3318 0.7
1262307297.3318 0.7
1262307397.3318 0.7
1262307497.3318 0.7
1262307597.3318 0.7
1262307697.3318 0.4
1262307797.3318 0.6
1262307897.3318 0.4
1262307997.3318 0.5
1262308097.3318 0.7
1262308197.3318 0.5
1262308297.3318 0.5
1262308397.3318 0.5
1262308497.3318 0.5
1262308597.3318 0.5
1262308697.3318 0.5
1262308797.3318 0.5
1262308897.3318 0.6
1262308997.3318 0.6
1262304804 0.5
1262304904 0.6
1262305004 0.6
1262305104 0.6
1262305204 0.6
1262305304 0.6
1262305404 0.5
1262305504 0.5
1262305604 0.5
1262305704 0.5
1262305804 0.5
1262305904 0.5
1262306004 0.6
1262306104 0.6
1262306204 0.6
1262306304 0.6
1262306404 0.5
1262306504 0.5
1262306604 0.5
1262306704 0.6
1262306804 0.6
1262306904 0.5
1262307004 0.5
1262307104 0.5
1262307204 0.5
1262307304 0.6
1262307404 0.6
1262307504 0.6
1262307604 0.6
1262307704 0.6
1262307804 0.7
1262307904 0.5
1262308004 0.5
1262308104 0.5
1262308204 0.5
1262308304 0.5
1262308404 0.5
1262308548.6402 0.5
1262308648.6402 0.5
1262308748.6402 0.5
1262308848.6402 0.5
1262308948.6402 0.5
1262304804 0.3
1262304904 0.3
1262305004 0.3
1262305104 0.4
1262305204 0.5
1262305304 0.5
1262305404 0.6
1262305504 0.6
1262305604 0.6
1262305704 0.6
1262305804 0.6
1262305904 0.6
1262306004 0.6
1262306104 0.6
1262306204 0.6
1262306304 0.6
1262306404 0.5
1262306504 0.4
1262306604 0.4
1262306704 0.4
1262306804 0.5
1262306904 0.4
1262307004 0.4
1262307104 0.4
1262307204 0.4
1262307304 0.4
1262307404 0.5
1262307504 0.6
1262307604 0.6
1262307704 0.6
1262307804 0.6
1262307904 0.6
1262308004 0.5
1262308104 0.6
1262308204 0.6
1262308304 0.6
1262308404 0.6
1262308504 0.7
1262308604 0.6
1262308704 0.6
1262308804 0.6
1262308904 0.6
1262304604 0.2
1262304704 0.3
1262304804 0.3
1262304904 0.4
1262305004 0.4
1262305104 0.4
1262305204 0.4
1262305304 0.5
1262305404 0.5
1262305629.2078 0.5
1262305729.2078 0.4
1262305829.2078 0.4
1262305929.2078 0.4
1262306029.2078 0.5
1262306129.2078 0.5
1262306229.2078 0.5
1262306329.2078 0.5
1262306429.2078 0.5
1262306529.2078 0.5
1262306629.2078 0.5
1262306729.2078 0.3
1262306829.2078 0.4
1262306929.2078 0.6
1262307029.2078 0.6
1262307129.2078 0.6
1262307229.2078 0.6
1262307474.8898 0.7
1262307574.8898 0.5
1262307674.8898 0.4
1262307774.8898 0.5
1262307874.8898 0.5
1262307974.8898 0.5
1262308074.8898 0.5
1262308174.8898 0.5
1262308274.8898 0.5
1262308374.8898 0.4
1262308474.8898 0.5
1262308574.8898 0.5
1262308674.8898 0.5
1262308774.8898 0.5
1262308874.8898 0.5
1262308974.8898 0.5
1262304804 0.3
1262304904 0.6
1262305004 0.5
1262305104 0.5
1262305204 0.5
1262305304 0.5
1262305404 0.5
1262305504 0.6
1262305604 0.6
1262305704 0.6
1262305804 0.5
1262305904 0.5
1262306004 0.5
1262306104 0.5
1262306204 0.5
1262306304 0.5
1262306404 0.5
1262306504 0.4
1262306604 0.5
1262306704 0.5
1262306804 0.5
1262306904 0.6
1262307004 0.6
1262307266.5033 0.6
1262307366.5033 0.8
1262307466.5033 0.8
1262307566.5033 0.8
1262307666.5033 0.5
1262307766.5033 0.5
1262307983.7659 0.6
1262308083.7659 0.6
1262308183.7659 0.6
1262308283.7659 0.7
1262308383.7659 0.6
1262308483.7659 0.6
1262308583.7659 0.5
1262308683.7659 0.6
1262308783.7659 0.6
1262308883.7659 0.6
1262308983.7659 0.6
1262304604 0.1
1262304704 0.1
1262304804 0.1
1262304904 0.1
1262305004 0.4
1262305104 0.5
1262305204 0.5
1262305304 0.6
1262305404 0.5
1262305504 0.3
1262305604 0.4
1262305704 0.5
1262305804 0.5
1262305904 0.6
1262306004 0.5
1262306104 0.5
1262306204 0.5
1262306304 0.5
1262306404 0.5
1262306504 0.5
1262306604 0.5
1262306704 0.5
1262306804 0.5
1262306904 0.5
1262307004 0.5
1262307104 0.5
1262307204 0.5
1262307304 0.5
1262307404 0.5
1262307504 0.4
1262307604 0.5
1262307704 0.5
1262307804 0.5
1262307904 0.5
1262308004 0.5
1262308104 0.5
1262308204 0.4
1262308304 0.6
1262308404 0.6
1262308504 0.4
1262308604 0.4
1262308704 0.4
1262308804 0.4
1262308904 0.4
1262304604 0.1
1262304704 0.1
1262304804 0.1
1262304904 0.1
1262305004 0.1
1262305104 0.1
1262305204 0.5
1262305304 0.5
1262305404 0.5
1262305504 0.4
1262305604 0.5
1262305704 0.4
1262305804 0.4
1262305904 0.4
1262306004 0.5
1262306104 0.5
1262306204 0.5
1262306304 0.5
1262306404 0.5
1262306504 0.5
1262306604 0.5
1262306704 0.4
1262306804 0.4
1262306904 0.5
1262307166.1145 0.4
1262307266.1145 0.4
1262307366.1145 0.4
1262307466.1145 0.4
1262307566.1145 0.5
1262307666.1145 0.5
1262307766.1145 0.5
1262307866.1145 0.5
1262307966.1145 0.5
1262308066.1145 0.5
1262308166.1145 0.5
1262308266.1145 0.5
1262308366.1145 0.5
1262308466.1145 0.4
1262308566.1145 0.4
1262308666.1145 0.4
1262308766.1145 0.4
1262308866.1145 0.4
1262308966.1145 0.4
1262304604 0.1
1262304704 0.1
1262304804 0.1
1262304904 0.1
1262305004 0.7
1262305104 0.5
1262305204 0.5
1262305304 0.5
1262305404 0.5
1262305504 0.5
1262305604 0.5
1262305704 0.5
1262305804 0.5
1262305904 0.4
1262306004 0.4
1262306104 0.4
1262306204 0.4
1262306304 0.4
1262306404 0.5
1262306504 0.5
1262306604 0.5
1262306704 0.6
1262306804 0.6
1262306904 0.6
1262307004 0.6
1262307104 0.6
1262307204 0.6
1262307304 0.6
1262307404 0.6
1262307504 0.5
1262307604 0.5
1262307704 0.5
1262307804 0.5
1262307904 0.5
1262308004 0.5
1262308104 0.5
1262308204 0.4
1262308304 0.5
1262308404 0.5
1262308504 0.5
1262308604 0.4
1262308704 0.4
1262308804 0.6
1262308904 0.6
1262304604 0.1
1262304704 0.1
1262304804 0.1
1262304904 0.1
1262305004 0.1
1262305104 0.1
1262305204 0.4
1262305304 0.4
1262305404 0.4
1262305504 0.4
1262305604 0.4
1262305704 0.4
1262305804 0.4
1262305904 0.4
1262306004 0.4
1262306104 0.4
1262306204 0.4
1262306304 0.4
1262306404 0.4
1262306504 0.4
1262306604 0.4
1262306704 0.5
1262306804 0.5
1262306904 0.5
1262307004 0.4
1262307104 0.4
1262307204 0.6
1262307304 0.5
1262307404 0.5
1262307504 0.4
1262307604 0.5
1262307704 0.5
1262307804 0.5
1262307904 0.5
1262308004 0.5
1262308104 0.4
1262308204 0.4
1262308304 0.4
1262308404 0.5
1262308504 0.5
1262308604 0.5
1262308704 0.5
1262308804 0.5
1262308904 0.5
1262304604 0.1
1262304704 0.1
1262304804 0.1
1262304904 0.1
1262305004 0.1
1262305104 0.1
1262305204 0.3
1262305304 0.5
1262305404 0.4
1262305504 0.5
1262305604 0.4
1262305704 0.5
1262305804 0.6
1262305904 0.6
1262306004 0.5
1262306104 0.5
1262306204 0.5
1262306304 0.5
1262306404 0.5
1262306504 0.4
1262306604 0.4
1262306704 0.4
1262306804 0.4
1262306904 0.5
1262307004 0.4
1262307104 0.4
1262307204 0.4
1262307304 0.5
1262307404 0.5
1262307504 0.6
1262307604 0.5
1262307704 0.4
1262307804 0.4
1262307904 0.4
1262308004 0.5
1262308104 0.5
1262308204 0.4
1262308304 0.4
1262308404 0.4
1262308504 0.4
1262308604 0.3
1262308704 0.3
1262308804 0.3
1262308904 0.3
