1262304700 0.5 0.5 0.75 0.5 0.5 0.5
1262304800 0.53571428571428 0.5 0.66666666666667 0.5 0.5 0.5
1262304900 0.5 0.5 0.625 0.5 0.5 0.53333333333333
1262305000 0.5 0.48 0.63333333333333 0.47111111111111 0.4 0.55
1262305100 0.6675 0.56 0.7 0.42 0.33333333333333 0.5
1262305200 0.7 0.6 0.76 0.39 0.3 0.44
1262305300 0.78 0.66 0.84 0.31 0.22 0.46
1262305400 0.81 0.66 0.84 0.26 0.22 0.36
1262305500 0.84 0.78 0.96 0.3 0.18 0.3
1262305600 0.87 0.78 0.94 0.22 0.17 0.29
1262305700 0.9 0.72 0.96 0.19 0.16 0.27
1262305800 0.9 0.78 0.96 0.17 0.08 0.28
1262305900 0.9 0.76 1 0.17 0.08 0.29
1262306000 0.93 0.82 1 0.16 0.12 0.21
1262306100 0.9 0.88 0.98 0.16 0.08 0.23
1262306200 0.92 0.88 1 0.11 0.09 0.15
1262306300 0.91 0.84 1 0.14 0.1 0.16
1262306400 0.9 0.84 1 0.14 0.12 0.26
1262306500 0.87 0.84 1 0.15 0.11 0.28
1262306600 0.87 0.82 1 0.13 0.11 0.32
1262306700 0.89 0.82 1 0.18 0.11 0.33
1262306800 0.92 0.82 1 0.23 0.11 0.36
1262306900 0.91 0.86 1 0.23 0.1 0.4
1262307000 0.91 0.76 1 0.17 0.09 0.39
1262307100 0.93 0.76 1 0.17 0.06 0.4
1262307200 0.87 0.74 1 0.18 0.06 0.38
1262307300 0.89 0.76 1 0.2 0.12 0.4
1262307400 0.89 0.76 1 0.26 0.16 0.36
1262307500 0.91 0.76 1 0.27 0.16 0.5
1262307600 0.92 0.76 1 0.27 0.16 0.48
1262307700 0.87 0.78 1 0.22 0.18 0.44
1262307800 0.88 0.78 0.98 0.28 0.16 0.42
1262307900 0.83 0.74 1 0.26 0.18 0.44
1262308000 0.77 0.74 0.94 0.26 0.18 0.44
1262308100 0.77 0.74 0.86 0.24 0.14 0.5
1262308200 0.77 0.74 0.86 0.22 0.14 0.44
1262308300 0.75 0.7 0.8 0.22 0.14 0.46
1262308400 0.75 0.7 0.78 0.22 0.14 0.38
1262308500 0.75 0.7 0.8 0.18 0.14 0.48
