1262304700 0.59486607142857 0.5 1 0.46276041666667 0.22916666666667 0.5
1262304900 0.58515277777778 0.5 0.60833333333333 0.41750587889477 0.3375 0.5
1262305100 0.66420833333333 0.56541666666667 0.7725 0.37156893004115 0.3 0.4462962962963
1262305300 0.739875 0.635 0.88 0.24380555555556 0.13625 0.345
1262305500 0.806 0.72 0.91 0.176625 0.06 0.27
1262305700 0.8685 0.81 0.97 0.1835 0.055 0.3
1262305900 0.901 0.84 1 0.1675 0.075 0.265
1262306100 0.907 0.855 1 0.147 0.005 0.215
1262306300 0.9115 0.875 1 0.1285 0 0.2
1262306500 0.9115 0.855 1 0.097 0 0.19
1262306700 0.933 0.88 1 0.0865 0 0.14
1262306900 0.93 0.88 1 0.103 0 0.215
1262307100 0.9275 0.91 1 0.1035 0 0.2
1262307300 0.932 0.92 1 0.1035 0 0.18
1262307500 0.944 0.915 1 0.102 0 0.2
1262307700 0.935 0.86 1 0.1185 0 0.215
1262307900 0.917 0.875 1 0.114 0 0.225
1262308100 0.909 0.865 1 0.1135 0 0.205
1262308300 0.9125 0.89 1 0.1205 0 0.22
1262308500 0.908 0.88 1 0.1295 0 0.205
1262308700 0.8935 0.85 1 0.1355 0 0.24
1262308900 0.888 0.84 1 0.14 0 0.24
