1262304700 0 0 0 1 1 1
1262304900 0.099603174603175 0 0 0.81309523809524 0.82857142857143 1
1262305100 0.30012138188609 0 0.76 0.81731481481482 0.78952380952381 1
1262305300 0.32654970760234 0 0.56 0.8334246031746 0.705 1
1262305500 0.37060912698413 0.14 0.54555555555556 0.76 0.54 0.98
1262305700 0.433 0.275 0.625 0.644 0.45 0.835
1262305900 0.393 0.135 0.555 0.683 0.555 0.815
1262306100 0.344 0.205 0.51 0.697 0.59 0.795
1262306300 0.375 0.21 0.55 0.6785 0.56 0.815
1262306500 0.4055 0.26 0.495 0.6045 0.475 0.735
1262306700 0.452 0.315 0.59 0.612 0.435 0.76
1262306900 0.417 0.22 0.555 0.5915 0.475 0.765
1262307100 0.423 0.27 0.6 0.689 0.6 0.81
1262307300 0.411 0.245 0.625 0.6345 0.505 0.75
1262307500 0.4625 0.31 0.59 0.5835 0.475 0.695
1262307700 0.473 0.36 0.605 0.598 0.455 0.705
1262307900 0.477 0.385 0.56 0.598 0.52 0.715
1262308100 0.5135 0.39 0.65 0.5455 0.395 0.66
1262308300 0.4875 0.355 0.71 0.569 0.45 0.71
1262308500 0.4585 0.33 0.6 0.5815 0.475 0.74
1262308700 0.497 0.405 0.605 0.5365 0.43 0.67
1262308900 0.557 0.42 0.67 0.481 0.4 0.58
