1262304900 0.73305555555556 0.5 1 0.66458333333333 0.52916666666667 0.8
1262305100 0.71479166666667 0.53 0.9175 0.66583333333333 0.5 1
1262305300 0.706 0.58 0.83 0.79532679738562 0.53 1
1262305500 0.72966666666667 0.615 0.865 0.73331790123457 0.51 0.96666666666667
1262305700 0.782 0.68 0.905 0.70102777777778 0.56 0.89944444444444
1262305900 0.837 0.795 0.98 0.6825 0.495 0.9
1262306100 0.8825 0.84 0.985 0.6845 0.51 0.87
1262306300 0.9345 0.91 1 0.7075 0.535 0.87
1262306500 0.966 0.95 1 0.751 0.59 0.915
1262306700 0.9775 0.99 1 0.77 0.57 0.965
1262306900 0.9855 1 1 0.8035 0.675 0.98
1262307100 0.997 1 1 0.819 0.72 1
1262307300 0.9995 1 1 0.848 0.75 1
1262307500 1 1 1 0.8685 0.78 1
1262307700 1 1 1 0.9045 0.875 1
1262307900 1 1 1 0.9285 0.92 1
1262308100 1 1 1 0.9465 0.945 1
1262308300 1 1 1 0.9575 0.975 1
1262308500 1 1 1 0.966 1 1
1262308700 1 1 1 0.97 1 1
1262308900 1 1 1 0.973 1 1
