1262304904 0.6
1262305004 0.7
1262305104 0.7
1262305204 0.7
1262305304 0.7
1262305404 0.7
1262305504 0.7
1262305604 0.7
1262305704 0.7
1262305804 0.4
1262305904 0.4
1262306004 0.4
1262306104 0.4
1262304904 0.6
1262305004 0.7
1262305104 0.7
1262305204 0.7
1262305304 0.7
1262305404 0.4
1262305504 0.4
1262305604 0.4
1262305704 0.4
1262305804 0.4
1262305904 0.4
1262306004 0.4
1262306104 0.1
1262306204 0.1
1262306304 0.1
1262306404 0.1
1262306504 0.1
1262304904 0.6
1262305004 0.7
1262305104 0.7
1262305204 0.7
1262305304 0.7
1262305404 0.7
1262305504 0.7
1262305604 0.7
1262305704 0.3
1262305804 0.1
1262305104 0.2
1262305204 0.7
1262305304 0.7
1262305404 0.7
1262305504 0.7
1262305604 0.7
1262305704 0.6
1262305804 0.3
1262305904 0.3
1262306004 0.1
1262306104 0.1
1262306204 0.1
1262306304 0.1
1262306404 0.1
1262306504 0.1
1262305304 0.6
1262305404 0.6
1262305504 0.6
1262305604 0.6
1262305704 0.6
1262305804 0.4
1262305904 0.4
1262306004 0.4
1262306104 0.4
1262306204 0.3
1262306304 0.3
1262306404 0.3
1262304904 0.3
1262305004 0.3
1262305104 0.3
1262305204 0.4
1262305304 0.4
1262305404 0.4
1262305504 0.1
1262304904 0.3
1262305004 0.3
1262305104 0.3
1262305204 0.4
1262305304 0.4
1262305404 0.4
1262305504 0.4
1262305604 0.4
1262305704 0.4
1262305804 0.4
1262305904 0.2
1262306004 0.2
1262306104 0.2
1262306204 0.2
1262306304 0.2
1262306404 0.2
1262306504 0.1
1262306604 0.1
1262304604 0.2
1262304704 0.3
1262304804 0.3
1262304904 0.3
1262305004 0.4
1262305104 0.4
1262305204 0.4
1262305304 0.4
1262305404 0.4
1262305504 0.2
1262305604 0.2
1262305704 0.2
1262305804 0.2
1262305904 0.2
1262306004 0.2
1262306104 0.2
1262304804 0.1
1262304904 0.3
1262305004 0.3
1262305104 0.3
1262305204 0.3
1262305304 0.3
1262305404 0.3
1262305504 0.3
1262305604 0.3
1262305704 0.2
1262305804 0.2
1262305904 0.2
1262306004 0.2
1262306104 0.2
1262306204 0.2
1262304604 0.2
1262304704 0.3
1262304804 0.3
1262304904 0.3
1262305004 0.3
1262305104 0.4
1262305204 0.4
1262305304 0.2
1262305404 0.1
1262305504 0.1
1262305604 0.1
1262305704 0.1
1262305804 0.1
1262305904 0.1
1262305104 0.5
1262305204 0.5
1262305304 0.5
1262305404 0.5
1262305504 0.5
1262305604 0.3
1262305704 0.2
1262305804 0.2
1262305904 0.2
1262306004 0.2
1262306104 0.2
1262306204 0.2
1262305104 0.6
1262305204 0.6
1262305304 0.6
1262305404 0.5
1262305504 0.4
1262305604 0.4
1262305704 0.1
1262305804 0.1
1262305904 0.1
1262306004 0.1
1262306104 0.1
1262304904 0.6
1262305004 0.6
1262305104 0.6
1262305204 0.6
1262305304 0.6
1262305404 0.5
1262305504 0.1
1262305604 0.1
1262305704 0.1
1262305804 0.1
1262305904 0.1
1262306004 0.1
1262305304 0.3
1262305404 0.3
1262305504 0.3
1262305604 0.3
1262305704 0.2
1262305804 0.1
1262305104 0.4
1262305204 0.6
1262305304 0.6
1262305404 0.4
1262305504 0.4
1262305604 0.4
1262305704 0.1
1262305204 0.1
1262305204 0.6
1262305304 0.6
1262305404 0.6
1262305504 0.6
1262305604 0.6
1262305704 0.6
1262305804 0.4
1262305904 0.3
1262306004 0.3
1262306104 0.3
1262306204 0.1
1262306304 0.1
1262306404 0.1
1262306504 0.1
1262306604 0.1
1262306704 0.1
1262306804 0.1
1262306904 0.1
1262305304 0.6
1262305404 0.6
1262305504 0.6
1262305604 0.6
1262305704 0.6
1262305804 0.6
1262305904 0.6
1262306004 0.6
1262306104 0.6
1262306204 0.4
1262306304 0.1
1262306404 0.1
1262306504 0.1
1262306604 0.1
1262305804 0.4
1262305904 0.4
1262306004 0.2
1262305904 0.4
1262306004 0.4
1262306104 0.3
1262306204 0.3
1262306304 0.3
1262306404 0.3
1262306504 0.3
1262306604 0.3
1262306704 0.2
1262306804 0.1
1262306904 0.1
1262307004 0.1
1262307104 0.1
1262307204 0.1
1262305604 0.7
1262305704 0.7
1262305804 0.7
1262305904 0.7
1262306004 0.7
1262306104 0.7
1262306204 0.7
1262306304 0.7
