1262304700 0 0 0 1 1 1
1262304900 0.045138888888889 0 0.055555555555556 0.89333333333333 1 1
1262305100 0.27448148148148 0 0.41666666666667 0.87241496598639 0.88714285714286 1
1262305300 0.30970486111111 0 0.52388888888889 0.7985 0.65 1
1262305500 0.35341666666667 0.11 0.625 0.7385 0.48 1
1262305700 0.4795 0.215 0.78 0.6255 0.42 0.855
1262305900 0.5635 0.355 0.78 0.482 0.255 0.68
1262306100 0.605 0.34 0.845 0.4 0.145 0.63
1262306300 0.615 0.34 0.875 0.396 0.07 0.645
1262306500 0.628 0.355 0.925 0.3765 0.03 0.69
1262306700 0.6355 0.445 0.98 0.3705 0.02 0.69
1262306900 0.6255 0.375 1 0.363 0.02 0.69
1262307100 0.641 0.33 1 0.357 0.01 0.71
1262307300 0.677 0.37 1 0.357 0 0.76
1262307500 0.6905 0.39 1 0.352 0 0.76
1262307700 0.689 0.36 1 0.3495 0 0.76
1262307900 0.686 0.33 1 0.3485 0 0.775
1262308100 0.6875 0.33 1 0.3535 0 0.79
1262308300 0.686 0.395 1 0.3515 0 0.79
1262308500 0.688 0.42 1 0.3505 0 0.79
1262308700 0.701 0.42 1 0.351 0 0.79
1262308900 0.7065 0.42 1 0.351 0 0.79
