1262305000 0.5 0.5 0.5 0.58333333333334 0.5 0.66666666666667
1262305100 0.5 0.49090909090909 0.5 0.5 0.5 0.66666666666667
1262305200 0.5 0.47272727272727 0.50909090909091 0.54166666666667 0.5 0.66666666666667
1262305300 0.5 0.48321678321678 0.51818181818182 0.5 0.5 0.75
1262305400 0.49615384615385 0.46363636363636 0.52575757575758 0.5 0.5 0.66666666666667
1262305500 0.47564102564102 0.46363636363636 0.52967032967033 0.5 0.375 0.625
1262305600 0.48693251193251 0.45454545454545 0.52967032967033 0.50340909090909 0.38636363636364 0.57348484848485
1262305700 0.4749666999667 0.45454545454545 0.54395604395604 0.53333333333333 0.44767676767677 0.66666666666667
1262305800 0.47051837051837 0.45494505494505 0.55934065934066 0.52424242424242 0.44444444444444 0.56666666666667
1262305900 0.4774358974359 0.45040293040293 0.56483516483516 0.52424242424242 0.38888888888889 0.73257575757576
1262306000 0.49090909090909 0.45218864468865 0.58285714285714 0.51515151515151 0.38636363636364 0.74090909090909
1262306100 0.49160839160839 0.44635531135531 0.58021978021978 0.55393939393939 0.29848484848485 0.74090909090909
1262306200 0.47677322677323 0.44635531135531 0.58678571428571 0.5044696969697 0.33333333333333 0.74090909090909
1262306300 0.47722832722833 0.44916666666667 0.58678571428571 0.55961038961039 0.43717948717949 0.61111111111111
1262306400 0.48123321123321 0.45494505494505 0.58085901027078 0.57777000777001 0.4459706959707 0.63428571428571
1262306500 0.48282051282051 0.44175824175824 0.57838235294118 0.53306818181818 0.46047619047619 0.61471861471861
1262306600 0.47564102564103 0.43887254901961 0.57838235294118 0.53166666666667 0.39090909090909 0.61774891774892
1262306700 0.48615384615385 0.43684640522876 0.57338235294118 0.53045454545454 0.39090909090909 0.62544122544123
1262306800 0.48909502262444 0.43513071895425 0.57228758169935 0.5419696969697 0.37757575757576 0.63258408258408
1262306900 0.49203619909502 0.43384395424836 0.56478758169935 0.52635586635587 0.46313131313131 0.58859943977591
1262307000 0.49203619909502 0.4375 0.56277949776402 0.51434829059829 0.46441336441336 0.58859943977591
1262307100 0.49611953242836 0.43235294117647 0.5562435500516 0.48410839160839 0.41329004329004 0.57968253968254
1262307200 0.50094645550528 0.43510737628384 0.56154110767114 0.47855283605284 0.44017094017094 0.58695526695527
1262307300 0.50274509803922 0.43977591036414 0.56023391812866 0.48433746808747 0.43358974358974 0.59266955266955
1262307400 0.49803921568627 0.44444444444444 0.57029239766082 0.50835511710512 0.45380952380953 0.59588383838384
1262307500 0.49686274509804 0.44444444444444 0.57736842105263 0.52204079254079 0.42920634920635 0.58853089720737
1262307600 0.47995872033024 0.44809941520468 0.58117794486215 0.52562354312354 0.42920634920635 0.58094070961718
1262307700 0.4812865497076 0.45029239766082 0.57828320802005 0.5462080076786 0.42742857142857 0.58094070961718
1262307800 0.47608995528036 0.45645833333334 0.57505847953216 0.55171328671329 0.42031746031746 0.58633089133089
1262307900 0.47763157894737 0.46571428571429 0.57359649122807 0.55098892773893 0.42031746031746 0.59310606060606
1262308000 0.47874060150376 0.47 0.56 0.52890688259109 0.42031746031746 0.59310606060606
1262308100 0.48603437942683 0.45568421052632 0.5574269005848 0.53165413533835 0.42031746031746 0.59310606060606
1262308200 0.49011180124224 0.45473684210526 0.54291021671827 0.53075630252101 0.42031746031746 0.5864393939394
1262308300 0.49050395810498 0.45473684210526 0.53243402624207 0.52746633268692 0.42642857142857 0.58030303030303
1262308400 0.4830783095847 0.45031015037594 0.52589807852966 0.52318061840121 0.42642857142857 0.5801282051282
1262308500 0.48006535947713 0.44320488721805 0.51029657477026 0.52219918669222 0.42642857142857 0.57083333333333
