1262304700 0.5 0.5 0.5 0.5 0.5 0.5
1262304800 0.5 0.5 0.5 0.5 0.5 0.5
1262304900 0.5 0.5 0.5 0.5 0.5 0.5
1262305000 0.49545454545455 0.47727272727272 0.5 0.49545454545454 0.48484848484848 0.5
1262305100 0.49090909090909 0.46363636363636 0.5 0.48977272727273 0.47979797979798 0.5
1262305200 0.4787296037296 0.45454545454545 0.48958333333333 0.47766122766123 0.46818181818182 0.48333333333333
1262305300 0.47033799533799 0.4483682983683 0.49090909090909 0.48598484848485 0.45874125874126 0.49038461538461
1262305400 0.47342657342657 0.4497668997669 0.48461538461538 0.45602175602175 0.43123543123543 0.49038461538461
1262305500 0.47692307692308 0.4548951048951 0.51378205128205 0.45 0.42424242424243 0.47902097902098
1262305600 0.48461538461538 0.46461538461538 0.50241758241758 0.46106948606949 0.43877233877234 0.48181818181818
1262305700 0.48846153846154 0.46761460761461 0.50659340659341 0.46927017427017 0.45384615384615 0.48461538461538
1262305800 0.4874358974359 0.47589743589743 0.50981018981019 0.47818070818071 0.44058608058608 0.49615384615385
1262305900 0.49615384615385 0.47589743589743 0.52302197802198 0.48979432332374 0.4570695970696 0.50821678321678
1262306000 0.50333333333333 0.4817094017094 0.52842490842491 0.49685314685315 0.4570695970696 0.51428571428571
1262306100 0.51085972850679 0.49128205128205 0.5314942900237 0.50553857906799 0.47238095238095 0.52197802197802
1262306200 0.51692307692308 0.48461538461538 0.53193277310924 0.50380952380952 0.48571428571429 0.51575757575758
1262306300 0.52012066365007 0.49581699346405 0.52875816993464 0.50547619047619 0.48745098039216 0.51575757575758
1262306400 0.51516339869281 0.49411764705882 0.5208875128999 0.50372046254399 0.49294117647059 0.52333333333333
1262306500 0.50755656108597 0.49607843137255 0.51764705882353 0.5016425868593 0.4764705882353 0.53
1262306600 0.50277777777778 0.49236326109391 0.52287581699346 0.49776772247361 0.48950808393533 0.53176470588235
1262306700 0.49705882352941 0.48789473684211 0.51793372319688 0.50245999614421 0.47836257309942 0.52222222222222
1262306800 0.49070261437909 0.47643274853801 0.52631578947368 0.5021322915131 0.46045112781955 0.52477124183007
1262306900 0.48947368421053 0.46842105263158 0.5234606123151 0.49738003095975 0.45311833505332 0.52411764705883
1262307000 0.48989938080495 0.46025111799106 0.52052631578947 0.49081284298777 0.44018919848641 0.50701754385965
1262307100 0.49425217455403 0.46315789473684 0.51526315789474 0.49040943267259 0.44238095238095 0.5187675070028
1262307200 0.49498746867168 0.46 0.51904761904762 0.48964369479849 0.44309941520468 0.51161236424394
1262307300 0.49314248825527 0.45880952380952 0.51904761904762 0.49000062656642 0.45798983625071 0.50218782249742
1262307400 0.49218504925027 0.45415584415584 0.51863354037267 0.49334119612757 0.46792772444946 0.50952459376372
1262307500 0.48649774138905 0.46300432900433 0.52026256352343 0.49162676512253 0.46659786721706 0.51910973084886
1262307600 0.49099378881988 0.47662337662338 0.5193787251396 0.49353737604882 0.4672170622635 0.52720685111989
1262307700 0.49665207980425 0.47551345755693 0.52146621494447 0.48962293155248 0.46832817337462 0.52173913043478
1262307800 0.50036352657005 0.4655972288581 0.52213438735178 0.48951697722567 0.45885448916409 0.52173913043478
1262307900 0.49584057971014 0.45753957636566 0.52377681577682 0.48732237617455 0.45671428571428 0.51645299145299
1262308000 0.49365217391304 0.45190476190476 0.52297666102014 0.48900529100529 0.45750061050061 0.51663216011042
1262308100 0.49653548866592 0.45075757575757 0.52311636189897 0.49267353580397 0.46179936006023 0.52179283518414
1262308200 0.49428684503902 0.44366647844909 0.52884907454698 0.48612808125852 0.45575905575905 0.52178656126482
1262308300 0.49381705331705 0.45016879890771 0.52539130434783 0.48228347578347 0.45575905575905 0.52442160737813
1262308400 0.49512506541078 0.46220961122439 0.52708319649699 0.4813277704582 0.45234025234025 0.52706763285024
1262308500 0.4949361009361 0.47061797899236 0.52522605363985 0.48740301566389 0.45136054421768 0.53394351542178
