1262304900 0.79166666666667 0.79166666666667 0.79166666666667 0.50757575757576 0.50757575757576 0.50757575757576
1262305100 0.88333333333333 0.88333333333333 0.88333333333333 0.49083333333333 0.49083333333333 0.49083333333333
1262305300 0.63333333333333 0.63333333333333 0.63333333333333 0.47 0.47 0.47
1262305500 0.76 0.76 0.76 0.38 0.38 0.38
1262305700 0.82666666666667 0.82666666666667 0.82666666666667 0.40666666666667 0.40666666666667 0.40666666666667
1262305900 0.82666666666667 0.82666666666667 0.82666666666667 0.39333333333333 0.39333333333333 0.39333333333333
1262306100 0.86 0.86 0.86 0.37333333333333 0.37333333333333 0.37333333333333
1262306300 0.90666666666667 0.90666666666667 0.90666666666667 0.33333333333333 0.33333333333333 0.33333333333333
1262306500 0.93333333333333 0.93333333333333 0.93333333333333 0.3 0.3 0.3
1262306700 0.93333333333333 0.93333333333333 0.93333333333333 0.22666666666667 0.22666666666667 0.22666666666667
1262306900 0.93333333333333 0.93333333333333 0.93333333333333 0.23333333333333 0.23333333333333 0.23333333333333
1262307100 0.96 0.96 0.96 0.086666666666667 0.086666666666667 0.086666666666667
1262307300 1 1 1 0.046666666666667 0.046666666666667 0.046666666666667
1262307500 1 1 1 0 0 0
1262307700 1 1 1 0 0 0
1262307900 1 1 1 0 0 0
1262308100 1 1 1 0 0 0
1262308300 1 1 1 0 0 0
1262308500 1 1 1 0 0 0
1262308700 1 1 1 0 0 0
1262308900 1 1 1 0 0 0
1262309100 1 1 1 0 0 0
1262309300 1 1 1 0 0 0
1262309500 1 1 1 0 0 0
1262309700 1 1 1 0 0 0
1262309900 1 1 1 0 0 0
