1262304104 node1 3 0 node2 0 0 node3 0 1 node4 0 0 node5 1 0 node6 1 0 node7 0 0 node8 0 0 node9 0 1 node10 0 0 node11 0 1 node12 0 1 node13 0 1
1262304204 node1 3 0 node2 0 0 node3 0 1 node4 0 0 node5 1 0 node6 1 0 node7 0 0 node8 0 0 node9 0 1 node10 0 0 node11 0 1 node12 0 1 node13 0 1
1262304304 node1 5 0 node2 0 0 node3 0 1 node4 0 0 node5 0 0 node6 0 0 node7 0 0 node8 0 0 node9 0 1 node10 0 0 node11 0 1 node12 0 1 node13 0 1
1262304404 node1 5 3 node2 0 0 node3 0 1 node4 0 0 node5 0 0 node6 0 0 node7 0 0 node8 0 0 node9 0 0 node10 0 0 node11 0 0 node12 0 0 node13 0 1
1262304504 node1 5 3 node2 0 0 node3 0 2 node4 0 0 node5 0 0 node6 0 0 node7 0 0 node8 0 0 node9 0 0 node10 0 0 node11 0 0 node12 0 0 node13 0 0
1262304604 node1 5 4 node2 0 0 node3 0 1 node4 0 0 node5 0 0 node6 0 0 node7 0 0 node8 0 0 node9 0 0 node10 0 0 node11 0 0 node12 0 0 node13 0 0
1262304704 node1 5 5 node2 0 0 node3 0 0 node4 0 0 node5 0 0 node6 0 0 node7 0 0 node8 0 0 node9 0 0 node10 0 0 node11 0 0 node12 0 0 node13 0 0
1262304804 node1 5 5 node2 0 0 node3 0 0 node4 0 0 node5 0 0 node6 0 0 node7 0 0 node8 0 0 node9 0 0 node10 0 0 node11 0 0 node12 0 0 node13 0 0
1262304904 node1 5 5 node2 0 0 node3 0 0 node4 0 0 node5 0 0 node6 0 0 node7 0 0 node8 0 0 node9 0 0 node10 0 0 node11 0 0 node12 0 0 node13 0 0
1262305004 node1 5 5 node2 0 0 node3 0 0 node4 0 0 node5 0 0 node6 0 0 node7 0 0 node8 0 0 node9 0 0 node10 0 0 node11 0 0 node12 0 0 node13 0 0
1262305104 node1 5 5 node2 0 0 node3 0 0 node4 0 0 node5 0 0 node6 0 0 node7 0 0 node8 0 0 node9 0 0 node10 0 0 node11 0 0 node12 0 0 node13 0 0
1262305204 node1 5 5 node2 0 0 node3 0 0 node4 0 0 node5 0 0 node6 0 0 node7 0 0 node8 0 0 node9 0 0 node10 0 0 node11 0 0 node12 0 0 node13 0 0
1262305304 node1 5 5 node2 0 0 node3 0 0 node4 0 0 node5 0 0 node6 0 0 node7 0 0 node8 0 0 node9 0 0 node10 0 0 node11 0 0 node12 0 0 node13 0 0
1262305404 node1 5 5 node2 0 0 node3 0 0 node4 0 0 node5 0 0 node6 0 0 node7 0 0 node8 0 0 node9 0 0 node10 0 0 node11 0 0 node12 0 0 node13 0 0
1262305504 node1 5 5 node2 0 0 node3 0 0 node4 0 0 node5 0 0 node6 0 0 node7 0 0 node8 0 0 node9 0 0 node10 0 0 node11 0 0 node12 0 0 node13 0 0
1262305604 node1 5 5 node2 0 0 node3 0 0 node4 0 0 node5 0 0 node6 0 0 node7 0 0 node8 0 0 node9 0 0 node10 0 0 node11 0 0 node12 0 0 node13 0 0
1262305704 node1 5 5 node2 0 0 node3 0 0 node4 0 0 node5 0 0 node6 0 0 node7 0 0 node8 0 0 node9 0 0 node10 0 0 node11 0 0 node12 0 0 node13 0 0
1262305804 node1 5 5 node2 0 0 node3 0 0 node4 0 0 node5 0 0 node6 0 0 node7 0 0 node8 0 0 node9 0 0 node10 0 0 node11 0 0 node12 0 0 node13 0 0
1262305904 node1 5 4 node2 0 0 node3 0 1 node4 0 0 node5 0 0 node6 0 0 node7 0 0 node8 0 0 node9 0 0 node10 0 0 node11 0 0 node12 0 0 node13 0 0
1262306004 node1 5 5 node2 0 0 node3 0 0 node4 0 0 node5 0 0 node6 0 0 node7 0 0 node8 0 0 node9 0 0 node10 0 0 node11 0 0 node12 0 0 node13 0 0
1262306104 node1 5 5 node2 0 0 node3 0 0 node4 0 0 node5 0 0 node6 0 0 node7 0 0 node8 0 0 node9 0 0 node10 0 0 node11 0 0 node12 0 0 node13 0 0
1262306204 node1 5 5 node2 0 0 node3 0 0 node4 0 0 node5 0 0 node6 0 0 node7 0 0 node8 0 0 node9 0 0 node10 0 0 node11 0 0 node12 0 0 node13 0 0
1262306304 node1 5 5 node2 0 0 node3 0 0 node4 0 0 node5 0 0 node6 0 0 node7 0 0 node8 0 0 node9 0 0 node10 0 0 node11 0 0 node12 0 0 node13 0 0
1262306404 node1 5 5 node2 0 0 node3 0 0 node4 0 0 node5 0 0 node6 0 0 node7 0 0 node8 0 0 node9 0 0 node10 0 0 node11 0 0 node12 0 0 node13 0 0
1262306504 node1 5 5 node2 0 0 node3 0 0 node4 0 0 node5 0 0 node6 0 0 node7 0 0 node8 0 0 node9 0 0 node10 0 0 node11 0 0 node12 0 0 node13 0 0
1262306604 node1 5 5 node2 0 0 node3 0 0 node4 0 0 node5 0 0 node6 0 0 node7 0 0 node8 0 0 node9 0 0 node10 0 0 node11 0 0 node12 0 0 node13 0 0
1262306704 node1 5 5 node2 0 0 node3 0 0 node4 0 0 node5 0 0 node6 0 0 node7 0 0 node8 0 0 node9 0 0 node10 0 0 node11 0 0 node12 0 0 node13 0 0
1262306804 node1 5 5 node2 0 0 node3 0 0 node4 0 0 node5 0 0 node6 0 0 node7 0 0 node8 0 0 node9 0 0 node10 0 0 node11 0 0 node12 0 0 node13 0 0
1262306904 node1 5 5 node2 0 0 node3 0 0 node4 0 0 node5 0 0 node6 0 0 node7 0 0 node8 0 0 node9 0 0 node10 0 0 node11 0 0 node12 0 0 node13 0 0
1262307004 node1 5 5 node2 0 0 node3 0 0 node4 0 0 node5 0 0 node6 0 0 node7 0 0 node8 0 0 node9 0 0 node10 0 0 node11 0 0 node12 0 0 node13 0 0
1262307104 node1 5 5 node2 0 0 node3 0 0 node4 0 0 node5 0 0 node6 0 0 node7 0 0 node8 0 0 node9 0 0 node10 0 0 node11 0 0 node12 0 0 node13 0 0
1262307204 node1 5 5 node2 0 0 node3 0 0 node4 0 0 node5 0 0 node6 0 0 node7 0 0 node8 0 0 node9 0 0 node10 0 0 node11 0 0 node12 0 0 node13 0 0
1262307304 node1 5 5 node2 0 0 node3 0 0 node4 0 0 node5 0 0 node6 0 0 node7 0 0 node8 0 0 node9 0 0 node10 0 0 node11 0 0 node12 0 0 node13 0 0
1262307404 node1 5 5 node2 0 0 node3 0 0 node4 0 0 node5 0 0 node6 0 0 node7 0 0 node8 0 0 node9 0 0 node10 0 0 node11 0 0 node12 0 0 node13 0 0
1262307504 node1 5 5 node2 0 0 node3 0 0 node4 0 0 node5 0 0 node6 0 0 node7 0 0 node8 0 0 node9 0 0 node10 0 0 node11 0 0 node12 0 0 node13 0 0
1262307604 node1 5 5 node2 0 0 node3 0 0 node4 0 0 node5 0 0 node6 0 0 node7 0 0 node8 0 0 node9 0 0 node10 0 0 node11 0 0 node12 0 0 node13 0 0
1262307704 node1 5 5 node2 0 0 node3 0 0 node4 0 0 node5 0 0 node6 0 0 node7 0 0 node8 0 0 node9 0 0 node10 0 0 node11 0 0 node12 0 0 node13 0 0
1262307804 node1 5 5 node2 0 0 node3 0 0 node4 0 0 node5 0 0 node6 0 0 node7 0 0 node8 0 0 node9 0 0 node10 0 0 node11 0 0 node12 0 0 node13 0 0
1262307904 node1 5 5 node2 0 0 node3 0 0 node4 0 0 node5 0 0 node6 0 0 node7 0 0 node8 0 0 node9 0 0 node10 0 0 node11 0 0 node12 0 0 node13 0 0
1262308004 node1 5 5 node2 0 0 node3 0 0 node4 0 0 node5 0 0 node6 0 0 node7 0 0 node8 0 0 node9 0 0 node10 0 0 node11 0 0 node12 0 0 node13 0 0
1262308104 node1 5 5 node2 0 0 node3 0 0 node4 0 0 node5 0 0 node6 0 0 node7 0 0 node8 0 0 node9 0 0 node10 0 0 node11 0 0 node12 0 0 node13 0 0
1262308204 node1 5 5 node2 0 0 node3 0 0 node4 0 0 node5 0 0 node6 0 0 node7 0 0 node8 0 0 node9 0 0 node10 0 0 node11 0 0 node12 0 0 node13 0 0
1262308304 node1 5 5 node2 0 0 node3 0 0 node4 0 0 node5 0 0 node6 0 0 node7 0 0 node8 0 0 node9 0 0 node10 0 0 node11 0 0 node12 0 0 node13 0 0
1262308404 node1 5 5 node2 0 0 node3 0 0 node4 0 0 node5 0 0 node6 0 0 node7 0 0 node8 0 0 node9 0 0 node10 0 0 node11 0 0 node12 0 0 node13 0 0
1262308504 node1 5 5 node2 0 0 node3 0 0 node4 0 0 node5 0 0 node6 0 0 node7 0 0 node8 0 0 node9 0 0 node10 0 0 node11 0 0 node12 0 0 node13 0 0
1262308604 node1 5 5 node2 0 0 node3 0 0 node4 0 0 node5 0 0 node6 0 0 node7 0 0 node8 0 0 node9 0 0 node10 0 0 node11 0 0 node12 0 0 node13 0 0
1262308704 node1 5 5 node2 0 0 node3 0 0 node4 0 0 node5 0 0 node6 0 0 node7 0 0 node8 0 0 node9 0 0 node10 0 0 node11 0 0 node12 0 0 node13 0 0
1262308804 node1 5 5 node2 0 0 node3 0 0 node4 0 0 node5 0 0 node6 0 0 node7 0 0 node8 0 0 node9 0 0 node10 0 0 node11 0 0 node12 0 0 node13 0 0
1262308904 node1 5 5 node2 0 0 node3 0 0 node4 0 0 node5 0 0 node6 0 0 node7 0 0 node8 0 0 node9 0 0 node10 0 0 node11 0 0 node12 0 0 node13 0 0
1262309004 node1 5 5 node2 0 0 node3 0 0 node4 0 0 node5 0 0 node6 0 0 node7 0 0 node8 0 0 node9 0 0 node10 0 0 node11 0 0 node12 0 0 node13 0 0
1262309104 node1 5 5 node2 0 0 node3 0 0 node4 0 0 node5 0 0 node6 0 0 node7 0 0 node8 0 0 node9 0 0 node10 0 0 node11 0 0 node12 0 0 node13 0 0
1262309204 node1 5 5 node2 0 0 node3 0 0 node4 0 0 node5 0 0 node6 0 0 node7 0 0 node8 0 0 node9 0 0 node10 0 0 node11 0 0 node12 0 0 node13 0 0
1262309304 node1 5 5 node2 0 0 node3 0 0 node4 0 0 node5 0 0 node6 0 0 node7 0 0 node8 0 0 node9 0 0 node10 0 0 node11 0 0 node12 0 0 node13 0 0
1262309404 node1 5 5 node2 0 0 node3 0 0 node4 0 0 node5 0 0 node6 0 0 node7 0 0 node8 0 0 node9 0 0 node10 0 0 node11 0 0 node12 0 0 node13 0 0
1262309504 node1 5 5 node2 0 0 node3 0 0 node4 0 0 node5 0 0 node6 0 0 node7 0 0 node8 0 0 node9 0 0 node10 0 0 node11 0 0 node12 0 0 node13 0 0
1262309604 node1 5 5 node2 0 0 node3 0 0 node4 0 0 node5 0 0 node6 0 0 node7 0 0 node8 0 0 node9 0 0 node10 0 0 node11 0 0 node12 0 0 node13 0 0
1262309704 node1 5 5 node2 0 0 node3 0 0 node4 0 0 node5 0 0 node6 0 0 node7 0 0 node8 0 0 node9 0 0 node10 0 0 node11 0 0 node12 0 0 node13 0 0
1262309804 node1 5 5 node2 0 0 node3 0 0 node4 0 0 node5 0 0 node6 0 0 node7 0 0 node8 0 0 node9 0 0 node10 0 0 node11 0 0 node12 0 0 node13 0 0
1262309904 node1 5 5 node2 0 0 node3 0 0 node4 0 0 node5 0 0 node6 0 0 node7 0 0 node8 0 0 node9 0 0 node10 0 0 node11 0 0 node12 0 0 node13 0 0
