1262304700 0.61703869047619 0.5 0.68452380952381 0.40384615384615 0.4047619047619 0.5
1262304900 0.57053819444444 0.5 0.625 0.47223958333333 0.4625 0.5175
1262305100 0.67507716049383 0.54 0.78 0.36381746031746 0.29 0.47
1262305300 0.76331547619048 0.645 0.845 0.28761111111111 0.23486111111111 0.3825
1262305500 0.81129166666667 0.715 0.925 0.2125 0.095 0.3
1262305700 0.821 0.765 0.96 0.154 0.04 0.21
1262305900 0.8625 0.79 0.97 0.115 0.035 0.17
1262306100 0.8825 0.81 0.99 0.094 0 0.13
1262306300 0.896 0.81 1 0.0985 0 0.145
1262306500 0.8965 0.795 1 0.115 0 0.18
1262306700 0.9005 0.84 1 0.1095 0 0.16
1262306900 0.9095 0.86 1 0.1185 0 0.24
1262307100 0.9165 0.865 1 0.1195 0 0.215
1262307300 0.918 0.895 1 0.118 0 0.19
1262307500 0.8965 0.845 1 0.1485 0.005 0.27
1262307700 0.873 0.79 1 0.165 0.05 0.29
1262307900 0.8745 0.79 1 0.1975 0.09 0.29
1262308100 0.884 0.8 1 0.186 0.085 0.245
1262308300 0.8785 0.795 1 0.198 0.1 0.355
1262308500 0.873 0.78 1 0.2095 0.1 0.365
1262308700 0.8585 0.765 0.995 0.2295 0.1 0.385
1262308900 0.8345 0.76 0.97 0.241 0.1 0.39
