1262304700 0.62047619047619 0.5 0.75 0.46079365079365 0.33333333333333 0.5
1262304900 0.57343650793651 0.5 0.58791666666667 0.50537581699346 0.48 0.50833333333333
1262305100 0.5878630952381 0.5 0.6975 0.51053606237817 0.44 0.55
1262305300 0.65464285714286 0.55142857142857 0.775 0.46365497076023 0.35 0.56
1262305500 0.7475 0.675 0.86 0.39263157894737 0.22 0.54
1262305700 0.8 0.76 0.9 0.3115 0.14 0.455
1262305900 0.8335 0.755 0.945 0.24716666666667 0.09 0.365
1262306100 0.8725 0.84 0.975 0.1915 0.045 0.275
1262306300 0.8805 0.86 0.985 0.1425 0.03 0.19
1262306500 0.894 0.89 1 0.1195 0 0.175
1262306700 0.907 0.915 1 0.124 0 0.215
1262306900 0.93 0.935 1 0.129 0 0.205
1262307100 0.9325 0.9 1 0.1255 0 0.22
1262307300 0.946 0.96 1 0.1 0 0.21
1262307500 0.956 0.96 1 0.085 0 0.135
1262307700 0.9575 0.94 1 0.092 0 0.195
1262307900 0.9565 0.96 1 0.094 0 0.18
1262308100 0.94 0.92 1 0.091 0 0.175
1262308300 0.9305 0.92 1 0.0765 0 0.12
1262308500 0.9375 0.94 1 0.0675 0 0.12
1262308700 0.937 0.94 1 0.07 0 0.12
1262308900 0.938 0.94 1 0.063 0 0.09
