1262305000 0.66666666666667 0.66666666666667 0.66666666666667 1 1 1
1262305100 0.33 0.16 0.5 1 0.69722222222222 1
1262305200 0.18 0.14 0.26 0.88 0.62 1
1262305300 0.22 0.16 0.25 0.95 0.7 1
1262305400 0.24 0.18 0.34 0.79 0.66 1
1262305500 0.22 0.12 0.4 0.7 0.55 1
1262305600 0.48 0.24 0.74 0.64 0.48 0.84
1262305700 0.46 0.285 0.71 0.5 0.36 0.7
1262305800 0.56 0.32 0.75 0.4 0.32 0.66666666666667
1262305900 0.66 0.36 0.79 0.38 0.22 0.62
1262306000 0.64 0.32 0.84 0.39 0.16 0.78
1262306100 0.68 0.5 0.9 0.33 0.16 0.76
1262306200 0.71 0.46 0.9 0.36 0.16 0.76
1262306300 0.85 0.52 0.94 0.34 0.1 0.66
1262306400 0.91 0.52 1 0.37 0.19 0.66
1262306500 0.91 0.56 1 0.29 0.19 0.66
1262306600 0.92 0.6 1 0.36 0.18 0.63
1262306700 0.94 0.74 1 0.39 0.12 0.62
1262306800 0.97 0.76 1 0.4 0.12 0.6
1262306900 1 0.88 1 0.48 0.16 0.62
1262307000 1 0.88 1 0.49 0.18 0.62
1262307100 1 0.96 1 0.49 0.16 0.62
1262307200 1 0.96 1 0.49 0.14 0.72
1262307300 1 0.96 1 0.49 0.12 0.72
1262307400 1 0.96 1 0.49 0.12 0.72
1262307500 1 0.96 1 0.49 0.12 0.72
1262307600 1 0.96 1 0.49 0.12 0.72
1262307700 1 1 1 0.49 0.12 0.72
1262307800 1 1 1 0.49 0.12 0.74
1262307900 1 1 1 0.49 0.12 0.76
1262308000 1 1 1 0.49 0.12 0.78
1262308100 1 1 1 0.49 0.12 0.78
1262308200 1 1 1 0.49 0.12 0.82
1262308300 1 1 1 0.49 0.12 0.84
1262308400 1 1 1 0.49 0.12 0.84
1262308500 1 1 1 0.49 0.12 0.84
