TOKEN:	TOKEN_405093767
0	10	Created	0
244.84710001945	1	Received	0
481.41190004349	8	Received	0
1193.4983000755	5	Received	0
1866.0473999977	12	Received	0
2629.90989995	5	Received	0
3306.1268999577	7	Received	0
3900.8099000454	6	Received	0
4307.7144999504	5	Received	0
4621.23939991	4	Received	0
5634.632600069	10	Received	0
6289.1317999363	4	Received	0
6539.9042000771	10	Received	0
7778.9888000488	8	Received	0
8246.9937999249	7	Received	0
8871.6637001038	4	Received	0
9080.0927000046	1	Received	0
9860.6758000851	12	Received	0
10165.056099892	10	Received	0
10440.01060009	4	Received	0
10688.74729991	13	Received	0
12457.590800047	7	Received	0
13037.373600006	11	Received	0


TOKEN:	TOKEN_786031959
0	11	Created	0
1383.1521999836	6	Received	0
1928.0153000355	10	Received	0
2522.3222999573	7	Received	0
3000.761300087	6	Received	0
3306.3805000782	11	Received	0
3839.4755001068	10	Received	0
4399.2843000889	7	Received	0
4661.9040000439	15	Received	0
5153.6605000496	20	Received	0
5381.0037999153	15	Received	0
5951.6192998886	23	Received	0
6954.4904999733	22	Received	0
9908.032900095	17	Received	0
11420.449800014	5	Received	0
12489.437599897	6	Received	0
12718.424799919	22	Received	0
13347.631700039	21	Received	0
13589.531300068	17	Received	0
13863.206899881	9	Received	0


TOKEN:	TOKEN_159582684
0	4	Created	0
1856.5183999538	2	Received	0
2640.8726000786	11	Received	12
3234.4800999165	13	Received	12
3435.7325999737	12	Received	12
4003.2725000381	9	Received	12
4670.5376000404	5	Received	12
4979.476099968	13	Received	12
5899.6052999496	7	Received	12
6886.9493000507	8	Received	12
7616.2960000038	23	Received	12
8739.3052999973	14	Received	12
9394.0587999821	18	Received	12
11316.508500099	15	Received	12
11652.25909996	16	Received	12
13933.792299986	14	Received	12


TOKEN:	TOKEN_718479195
0	13	Created	0
1564.1607000828	17	Received	0
2100.035599947	22	Received	0
3526.2111999989	15	Received	0
4307.3766000271	19	Received	0
5005.4402000904	14	Received	0
5449.2704999447	3	Received	0
6144.1120998859	14	Received	0
6416.1287999153	19	Received	0
7206.7781000137	17	Received	0
9820.1210000515	15	Received	0
10912.829200029	20	Received	0
11369.673000097	21	Received	0
13310.642800093	19	Received	0
14054.078399897	10	Received	0


TOKEN:	TOKEN_1069562896
0	12	Created	0
540.8218998909	2	Received	0
785.31150007248	22	Received	2
1689.3329000473	14	Received	2
1907.4221000671	15	Received	2
2655.7279999256	14	Received	2
3345.2523999214	3	Received	2
5396.9347999096	20	Received	1
6308.4872000217	21	Received	1
9484.0885999203	20	Received	1
10621.106899977	19	Received	1
12532.134299994	15	Received	1
12771.245800018	23	Received	1
14066.432800055	16	Received	1


TOKEN:	TOKEN_195046430
4	20	Created	0
3347.5313000679	19	Received	0
4226.9017000198	18	Received	0
5684.5671999454	17	Received	0
6450.772300005	18	Received	0
7537.5043001175	3	Received	0
12565.177099943	17	Received	0
13050.819400072	18	Received	0
13284.267299891	17	Received	0
13585.930399895	18	Received	0
14195.942800045	20	Received	0


TOKEN:	TOKEN_629377758
0	7	Created	0
2146.6421000957	19	Received	0
2693.1040999889	17	Received	0
4750.6691999435	12	Received	0
6456.2899999619	9	Received	0
7335.1296000481	12	Received	0
7683.489000082	13	Received	0
8157.1342000961	4	Received	0
8467.7672998905	13	Received	0
8669.9546999931	8	Received	0
9192.3183999062	12	Received	0
9718.7936000824	4	Received	0
10040.83310008	11	Received	0
10300.470900059	9	Received	0
10528.590600014	5	Received	0
10886.262900114	7	Received	0
11341.825299978	4	Received	0
11546.772799969	10	Received	0
11764.587599993	4	Received	0
13511.381700039	5	Received	0


TOKEN:	TOKEN_938088934
4	14	Created	0
1025.0423998833	21	Received	0
1728.5834000111	19	Received	0
2000.548500061	18	Received	0
3791.9658000469	2	Received	0
4261.9481999874	21	Received	11
6189.8540999889	2	Received	11


TOKEN:	TOKEN_442522090
4	19	Created	0
315.43939995766	18	Received	0
533.10080003738	19	Received	0
741.84820008278	18	Received	0
1502.3496999741	23	Received	0
3958.2709999084	20	Received	0
4751.3324999809	2	Received	0
5511.4900000095	19	Received	8
6114.5641999245	22	Received	8
6884.071199894	15	Received	8
9296.2811000347	19	Received	8
10001.849100113	14	Received	8
10859.826499939	23	Received	8
12568.860100031	18	Received	8
12875.723500013	20	Received	8
13806.293499947	13	Received	8
14093.175100088	8	Received	8
14349.314199924	19	Received	8


TOKEN:	TOKEN_642211741
0	6	Created	0
301.94400000572	10	Received	0
1197.5401000977	12	Received	0
1672.6047000885	9	Received	0
2043.3273999691	6	Received	0
2274.4663999081	13	Received	0
2770.55189991	21	Received	0
3162.9965000153	15	Received	0
3430.6421000957	20	Received	0
3719.7883999348	22	Received	0
5784.7750999928	18	Received	0
6404.2186000347	15	Received	0
6662.6424000263	20	Received	0
7555.2481000423	19	Received	0
8824.3822999001	16	Received	0
10034.83039999	22	Received	0
12305.796799898	14	Received	0
12833.802999973	19	Received	0
13207.413300037	14	Received	0
13824.800600052	21	Received	0


TOKEN:	TOKEN_718004220
4	21	Created	0
301.67420005798	15	Received	0
1386.9595999718	16	Received	0
1642.2023999691	18	Received	0
1857.6514000893	16	Received	0
3440.219399929	14	Received	0
4701.676500082	16	Received	0
7292.798500061	14	Received	0
8376.8615999222	18	Received	0
9375.3417999744	23	Received	0
10817.372699976	12	Received	0
11965.837500095	11	Received	0
12225.273200035	8	Received	0
13046.717099905	1	Received	0


TOKEN:	TOKEN_232489615
5	2	Created	0
480.98979997635	17	Received	4
1079.5578000546	23	Received	4
1316.2929000854	9	Received	4
1629.9906001091	8	Received	4
2162.0599999428	11	Received	4
2399.3854000568	8	Received	4
4574.905600071	11	Received	4
4900.206799984	8	Received	4
6652.8710999489	4	Received	4
6974.2757999897	1	Received	4
7191.9609999657	5	Received	2
7452.3269999027	11	Received	2
8554.8891999722	9	Received	2
8771.5297000408	13	Received	2
9095.3308999538	10	Received	2
9308.6624999046	13	Received	2
10462.108599901	10	Received	2
11088.495699883	8	Received	2
11626.425400019	9	Received	2
12147.689500093	12	Received	2
12613.999300003	5	Received	2
12868.940799952	12	Received	2
13136.106800079	8	Received	2
13473.10800004	12	Received	2
14318.640000105	7	Received	2


TOKEN:	TOKEN_224037981
4	17	Created	0
305.54830002785	22	Received	0
534.17330002785	5	Received	0
1023.6617000103	1	Received	0
3405.6001000404	9	Received	0
3822.345400095	5	Received	0
4214.0343999863	11	Received	0
4450.9189999104	1	Received	0
4686.1019001007	6	Received	0
6463.1203000546	5	Received	0
7037.1421999931	7	Received	0
7392.6479001045	6	Received	0
7909.1721000671	5	Received	0
8474.5713000298	6	Received	0
8913.9811000824	9	Received	0
9708.0996999741	8	Received	0
9926.0636000633	10	Received	0
10154.440599918	6	Received	0
11062.891299963	5	Received	0
11364.844599962	11	Received	0
11843.401200056	10	Received	0
12226.983400106	9	Received	0
13211.582000017	6	Received	0


