1262304800 1 0.75 1 1 1 1
1262304900 1 0.56666666666667 1 1 0.75 1
1262305000 0.95 0.6 1 0.88888888888889 0.63888888888889 1
1262305100 0.71 0.6 1 1 0.75 1
1262305200 0.69 0.6 1 1 0.75 1
1262305300 0.57 0.54 0.825 0.87 0.60833333333334 1
1262305400 0.57 0.54 0.72 0.65666666666667 0.6 1
1262305500 0.56 0.54 0.8 0.61 0.59428571428571 0.86666666666667
1262305600 0.56 0.54 0.74 0.61 0.56 0.9
1262305700 0.57 0.54 0.74 0.585 0.4 0.92
1262305800 0.57 0.54 0.76 0.58 0.38 0.92
1262305900 0.61 0.56 0.7 0.54 0.36 0.72
1262306000 0.68 0.58 0.7 0.54 0.38 0.6
1262306100 0.66 0.6 0.7 0.48 0.36 0.62
1262306200 0.64 0.58 0.7 0.42 0.36 0.62
1262306300 0.59 0.54 0.7 0.42 0.3 0.62
1262306400 0.58 0.54 0.76 0.51 0.22 0.62
1262306500 0.55 0.52 0.68 0.48 0.18 0.56
1262306600 0.56 0.54 0.74 0.36 0.18 0.56
1262306700 0.59 0.5 0.72 0.3 0.16 0.58
1262306800 0.61 0.5 0.72 0.24 0.12 0.58
1262306900 0.6 0.54 0.72 0.23 0.18 0.48
1262307000 0.63 0.56 0.72 0.24 0.18 0.36
1262307100 0.6 0.54 0.66 0.22 0.2 0.52
1262307200 0.61 0.56 0.72 0.22 0.2 0.36
1262307300 0.62 0.5 0.74 0.2 0.12 0.4
1262307400 0.63 0.52 0.72 0.21 0.18 0.34
1262307500 0.59 0.56 0.7 0.22 0.18 0.32
1262307600 0.59 0.56 0.7 0.2 0.18 0.26
1262307700 0.64 0.56 0.7 0.22 0.2 0.28
1262307800 0.59 0.54 0.68 0.22 0.2 0.28
1262307900 0.66 0.58 0.72 0.2 0.14 0.28
1262308000 0.65 0.58 0.72 0.19 0.12 0.22
1262308100 0.7 0.54 0.76 0.21 0.1 0.28
1262308200 0.67 0.62 0.76 0.22 0.14 0.3
1262308300 0.66 0.64 0.66 0.2 0.14 0.26
1262308400 0.64 0.6 0.66 0.2 0.12 0.26
1262308500 0.64 0.6 0.66 0.2 0.12 0.26
