1262304700 0 0 0 0.96764705882353 1 1
1262304900 0.20549655388471 0 0.21714285714286 0.92910401002506 0.91714285714286 1
1262305100 0.22801388888889 0 0.39222222222222 0.89681415343915 0.80166666666667 1
1262305300 0.26024047619048 0.13714285714286 0.38 0.85350581538171 0.75765306122449 0.97
1262305500 0.19054484126984 0.08375 0.305 0.83102777777778 0.74944444444444 0.96
1262305700 0.18810238095238 0.056666666666667 0.31321428571429 0.83389404761905 0.76 0.91785714285714
1262305900 0.15501406926407 0.02625 0.24666666666667 0.87081854256854 0.81 0.955
1262306100 0.13896987179487 0.04 0.23166666666667 0.87187530525031 0.792 0.94857142857143
1262306300 0.11738340548341 0.06 0.12888888888889 0.83877543290043 0.79441558441558 0.91833333333333
1262306500 0.12376622405372 0.072179487179487 0.15798076923077 0.81553993506494 0.72809523809524 0.92875
1262306700 0.12925782967033 0.062857142857143 0.17493055555556 0.82423548812299 0.72083333333333 0.91194444444444
1262306900 0.15536969158293 0.066833333333333 0.20384615384615 0.8294114779828 0.76857142857143 0.91175824175824
1262307100 0.19365100601153 0.11727272727273 0.2725 0.81397223601991 0.76573529411765 0.90754545454545
1262307300 0.22247671953949 0.148375 0.31466666666667 0.82555729580018 0.75491071428571 0.91108597285068
1262307500 0.20135625901446 0.10566666666667 0.27571428571429 0.831460957949 0.74566666666667 0.92941558441558
1262307700 0.17525250545378 0.078782894736842 0.21791666666667 0.81441890891187 0.744375 0.88235294117647
1262307900 0.15265081250449 0.084583333333333 0.19204166666667 0.76724789467069 0.7098431372549 0.82444444444444
1262308100 0.14462044058882 0.063153846153846 0.20372727272727 0.77404173767409 0.67930555555556 0.87345454545455
1262308300 0.16867047777158 0.065497076023392 0.24 0.79545457422134 0.66928571428571 0.92852941176471
1262308500 0.21696187544396 0.10520833333333 0.30142857142857 0.82019438793061 0.76166666666667 0.90733333333333
1262308700 0.24917102292273 0.14904761904762 0.3345 0.80383370815631 0.71513888888889 0.8771645021645
1262308900 0.26788243410226 0.1347619047619 0.41976449275362 0.78498940631578 0.71967105263158 0.86222222222222
