1262304604 0.2
1262304704 0.2
1262304804 0.2
1262304904 0.2
1262305004 0.2
1262305104 0.2
1262305204 1
1262305304 1
1262305404 1
1262305504 0.8
1262305604 0.7
1262305704 0.3
1262305804 0.3
1262305904 0.3
1262306004 0.7
1262306104 0.7
1262306204 0.9
1262306304 0.9
1262306404 0.9
1262306504 0.9
1262306604 0.9
1262306704 0.9
1262306804 0.9
1262306904 0.9
1262307004 0.9
1262307104 0.9
1262307204 0.9
1262307304 1
1262307404 1
1262307504 1
1262307604 1
1262307704 0.9
1262307937.599 0.9
1262308037.599 0.9
1262308137.599 1
1262308237.599 1
1262308337.599 1
1262308437.599 0.2
1262308537.599 0.2
1262308637.599 0.7
1262308737.599 0.7
1262308837.599 0.7
1262308937.599 0.7
1262304704 0.2
1262304804 0.2
1262304904 0.2
1262305004 0.2
1262305104 0.2
1262305204 0.2
1262305304 1
1262305404 0.2
1262305504 0.2
1262305604 0.7
1262305704 0.8
1262305804 1
1262305904 1
1262306004 0.7
1262306104 0.6
1262306294.9427 0.6
1262306394.9427 1
1262306494.9427 1
1262306594.9427 1
1262306694.9427 0.8
1262306794.9427 0.8
1262306894.9427 0.8
1262306994.9427 0.8
1262307094.9427 0.8
1262307194.9427 0.8
1262307294.9427 1
1262307394.9427 1
1262307494.9427 1
1262307594.9427 1
1262307694.9427 1
1262307794.9427 1
1262307894.9427 1
1262307994.9427 1
1262308094.9427 0.3
1262308194.9427 0.9
1262308294.9427 0.9
1262308394.9427 0.9
1262308494.9427 1
1262308594.9427 1
1262308694.9427 1
1262308794.9427 1
1262308894.9427 1
1262308994.9427 1
1262304704 0.2
1262304804 0.2
1262304904 0.2
1262305004 0.2
1262305104 0.2
1262305204 0.2
1262305304 1
1262305404 0.4
1262305504 0.4
1262305604 0.9
1262305704 0.8
1262305804 1
1262305904 1
1262306004 1
1262306104 1
1262306204 1
1262306304 1
1262306404 0.2
1262306604 0.2
1262306704 0.5
1262306804 0.7
1262306904 0.7
1262307004 1
1262307251.0785 1
1262307351.0785 1
1262307451.0785 0.7
1262307551.0785 1
1262307651.0785 0.5
1262307751.0785 0.5
1262307851.0785 0.5
1262308132.462 1
1262308232.462 1
1262308332.462 1
1262308432.462 0.7
1262308532.462 0.7
1262308632.462 0.7
1262308732.462 0.7
1262308832.462 0.7
1262308932.462 0.7
1262304904 0.2
1262305004 0.2
1262305104 0.2
1262305204 1
1262305304 1
1262305404 0.2
1262305504 0.2
1262305604 1
1262305704 1
1262305804 1
1262305904 1
1262306004 1
1262306104 1
1262306389.4206 1
1262306489.4206 1
1262306589.4206 1
1262306689.4206 0.8
1262306789.4206 0.8
1262306889.4206 0.8
1262306989.4206 0.8
1262307089.4206 0.8
1262307189.4206 0.8
1262307289.4206 1
1262307389.4206 1
1262307489.4206 1
1262307589.4206 0.4
1262307689.4206 0.6
1262307789.4206 0.6
1262307889.4206 0.6
1262307989.4206 1
1262308089.4206 0.3
1262308189.4206 0.6
1262308289.4206 1
1262308389.4206 1
1262308489.4206 1
1262308589.4206 1
1262308689.4206 1
1262308789.4206 1
1262308889.4206 1
1262308989.4206 1
1262304904 0.2
1262305004 0.9
1262305104 1
1262305204 1
1262305304 1
1262305404 1
1262305504 1
1262305604 0.8
1262305704 0.5
1262305804 0.3
1262305904 0.3
1262306004 0.3
1262306104 1
1262306204 1
1262306304 1
1262306404 1
1262306504 0.6
1262306604 0.6
1262306704 0.6
1262306804 1
1262306904 1
1262307004 0.4
1262307104 0.4
1262307204 0.4
1262307304 0.4
1262307404 0.4
1262307504 0.7
1262307604 0.7
1262307704 1
1262307804 1
1262307904 1
1262308004 1
1262308104 1
1262308204 1
1262308304 1
1262308404 1
1262308539.403 1
1262308798.9042 0.6
1262308898.9042 0.6
1262308998.9042 0.6
1262304804 0.3
1262304904 0.6
1262305004 0.8
1262305104 0.7
1262305204 0.8
1262305304 0.8
1262305404 0.8
1262305504 0.8
1262305604 0.7
1262305707.3772 0.7
1262305807.3772 1
1262305907.3772 1
1262306007.3772 1
1262306107.3772 1
1262306207.3772 1
1262306307.3772 1
1262306407.3772 1
1262306507.3772 1
1262306607.3772 1
1262306707.3772 1
1262306807.3772 1
1262306907.3772 1
1262307007.3772 0.9
1262307107.3772 0.9
1262307207.3772 0.7
1262307307.3772 0.7
1262307407.3772 0.9
1262307507.3772 0.9
1262307607.3772 0.9
1262307707.3772 0.9
1262307807.3772 0.6
1262307907.3772 0.2
1262308007.3772 0.2
1262308107.3772 0.9
1262308207.3772 1
1262308307.3772 0.8
1262308407.3772 1
1262308609.5844 1
1262308709.5844 0.5
1262308809.5844 0.5
1262308909.5844 0.5
1262304604 0.2
1262304704 0.3
1262304804 0.3
1262304904 0.6
1262305004 0.8
1262305104 0.8
1262305204 0.8
1262305304 0.8
1262305404 0.8
1262305504 0.8
1262305604 0.8
1262305704 0.7
1262305804 0.7
1262305904 0.7
1262306004 0.7
1262306104 0.9
1262306331.6859 1
1262306431.6859 1
1262306531.6859 1
1262306631.6859 1
1262306731.6859 1
1262306831.6859 1
1262306931.6859 0.4
1262307031.6859 0.9
1262307131.6859 0.9
1262307231.6859 0.9
1262307331.6859 0.9
1262307431.6859 0.9
1262307531.6859 0.8
1262307631.6859 0.8
1262307731.6859 0.9
1262307831.6859 1
1262307931.6859 1
1262308031.6859 1
1262308131.6859 1
1262308420.5842 0.9
1262308526.0775 0.9
1262308626.0775 0.6
1262308726.0775 0.6
1262308826.0775 0.8
1262308926.0775 0.8
1262304704 0.3
1262304804 0.5
1262304904 0.7
1262305004 0.8
1262305104 0.6
1262305204 0.6
1262305304 0.6
1262305404 0.6
1262305504 0.6
1262305604 0.6
1262305704 0.7
1262305804 0.7
1262305904 0.7
1262306004 0.8
1262306104 1
1262306204 1
1262306304 1
1262306404 1
1262306504 0.1
1262306604 0.2
1262306704 0.2
1262306804 0.2
1262306904 1
1262307004 1
1262307104 1
1262307204 0.5
1262307304 0.5
1262307404 0.5
1262307504 1
1262307604 0.9
1262307704 0.9
1262307804 0.5
1262307904 0.3
1262308004 0.3
1262308104 0.8
1262308204 0.8
1262308304 0.8
1262308404 1
1262308609.5844 1
1262308709.5844 0.8
1262308809.5844 0.8
1262308909.5844 0.9
1262304804 0.5
1262304904 0.6
1262305004 0.8
1262305269.4998 0.8
1262305369.4998 1
1262305469.4998 1
1262305569.4998 1
1262305669.4998 1
1262305769.4998 1
1262305869.4998 0.8
1262305969.4998 0.7
1262306069.4998 0.7
1262306169.4998 0.7
1262306269.4998 0.7
1262306369.4998 0.7
1262306655.8235 0.7
1262306755.8235 0.7
1262306855.8235 0.7
1262306955.8235 0.9
1262307055.8235 1
1262307155.8235 0.5
1262307255.8235 0.5
1262307355.8235 0.5
1262307455.8235 1
1262307555.8235 0.8
1262307655.8235 0.8
1262307755.8235 0.7
1262308044.0726 0.1
1262308144.0726 0.1
1262308365.5775 0.9
1262308465.5775 1
1262308565.5775 0.7
1262308665.5775 0.7
1262308765.5775 0.7
1262308865.5775 0.9
1262308965.5775 0.9
1262304804 0.3
1262304904 0.6
1262305004 0.8
1262305104 0.8
1262305204 0.8
1262305304 0.8
1262305404 0.8
1262305504 0.8
1262305604 0.8
1262305704 0.8
1262305804 0.8
1262305904 0.8
1262306004 1
1262306104 1
1262306204 1
1262306304 1
1262306404 1
1262306504 0.9
1262306604 0.4
1262306704 0.4
1262306804 0.4
1262306904 0.6
1262307004 0.6
1262307104 0.9
1262307204 0.1
1262307304 0.2
1262307404 1
1262307504 0.7
1262307604 0.7
1262307704 0.6
1262307804 0.1
1262308304 0.8
1262308404 0.8
1262308504 0.8
1262308604 0.5
1262308704 0.5
1262308804 0.6
1262308904 0.7
1262304804 0.5
1262304904 0.7
1262305004 0.7
1262305104 0.7
1262305204 0.7
1262305304 0.4
1262305404 0.4
1262305504 0.4
1262305604 0.8
1262305704 0.8
1262305804 0.8
1262305904 0.8
1262306004 0.8
1262306104 0.7
1262306204 0.9
1262306304 0.9
1262306404 0.9
1262306504 0.7
1262306604 1
1262306704 1
1262306804 1
1262306904 1
1262307132.0199 1
1262307232.0199 1
1262307332.0199 1
1262307432.0199 1
1262307532.0199 0.9
1262307632.0199 0.9
1262307732.0199 1
1262307832.0199 1
1262307932.0199 1
1262308032.0199 1
1262308132.0199 1
1262308232.0199 1
1262308332.0199 0.9
1262308432.0199 0.9
1262308532.0199 0.9
1262308632.0199 0.2
1262308732.0199 0.2
1262308832.0199 0.2
1262308932.0199 0.6
1262304604 0.2
1262304704 0.3
1262304804 0.3
1262304904 0.3
1262305004 0.7
1262305104 0.3
1262305204 0.3
1262305304 0.3
1262305404 0.3
1262305504 0.7
1262305604 1
1262305704 1
1262305804 1
1262305904 0.9
1262306004 0.8
1262306104 0.6
1262306204 0.6
1262306304 0.6
1262306404 0.9
1262306504 0.3
1262306604 0.7
1262306704 0.6
1262306804 0.6
1262306904 0.3
1262307004 0.5
1262307104 0.5
1262307204 0.9
1262307304 0.9
1262307404 1
1262307504 1
1262307604 1
1262307704 1
1262307804 1
1262307934.5801 1
1262308034.5801 0.9
1262308134.5801 0.9
1262308234.5801 0.9
1262308334.5801 0.9
1262308434.5801 0.9
1262308534.5801 0.9
1262308634.5801 0.9
1262308734.5801 0.9
1262308834.5801 0.9
1262308934.5801 0.9
1262304704 0.3
1262304804 0.3
1262304904 0.3
1262305004 0.3
1262305104 0.3
1262305204 0.6
1262305304 0.6
1262305404 1
1262305504 0.9
1262305604 0.9
1262305704 1
1262305804 1
1262305904 0.7
1262306004 1
1262306104 1
1262306204 1
1262306304 1
1262306404 1
1262306504 1
1262306604 0.8
1262306704 0.6
1262306804 0.6
1262306904 0.6
1262307004 0.9
1262307104 0.9
1262307204 0.9
1262307304 0.8
1262307404 0.8
1262307504 0.9
1262307604 0.9
1262307704 0.9
1262307804 0.7
1262307904 0.7
1262308004 0.7
1262308104 0.5
1262308204 1
1262308304 1
1262308404 1
1262308504 1
1262308604 1
1262308704 1
1262308804 1
1262308904 1
1262304604 0.1
1262304704 0.1
1262304804 0.5
1262304904 0.7
1262305004 0.7
1262305104 0.7
1262305204 0.1
1262305304 0.4
1262305404 0.3
1262305504 0.3
1262305604 0.9
1262305704 1
1262305804 1
1262305904 0.8
1262306004 0.8
1262306104 0.8
1262306204 0.8
1262306304 0.8
1262306404 0.8
1262306504 0.8
1262306604 1
1262306704 1
1262306804 1
1262306904 1
1262307004 1
1262307104 0.5
1262307204 0.5
1262307304 0.7
1262307404 1
1262307504 1
1262307604 1
1262307704 0.4
1262307804 0.6
1262307904 0.6
1262308004 1
1262308104 1
1262308204 0.9
1262308304 0.9
1262308404 0.9
1262308504 0.9
1262308626.0606 0.9
1262308726.0606 0.2
1262308826.0606 0.2
1262308926.0606 0.3
1262304804 0.3
1262304904 0.3
1262305004 0.3
1262305104 0.3
1262305204 0.4
1262305304 0.3
1262305504 0.2
1262305604 0.2
1262305704 0.2
1262305804 0.7
1262305904 1
1262306004 0.9
1262306104 0.9
1262306204 0.8
1262306304 0.8
1262306404 0.8
1262306504 1
1262306604 1
1262306704 1
1262306804 1
1262306904 1
1262307004 0.8
1262307104 0.9
1262307204 0.9
1262307304 0.9
1262307404 1
1262307504 1
1262307604 1
1262307704 0.6
1262307804 0.6
1262307904 0.6
1262308004 1
1262308104 1
1262308204 1
1262308304 1
1262308404 1
1262308504 1
1262308604 1
1262308704 1
1262308804 1
1262308904 0.4
1262304704 0.1
1262304804 0.3
1262304904 0.7
1262305004 0.9
1262305104 0.9
1262305204 0.9
1262305304 0.9
1262305404 0.9
1262305504 0.9
1262305604 0.9
1262305704 0.9
1262305804 1
1262305904 1
1262306061.046 1
1262306292.2228 0.6
1262306392.2228 1
1262306492.2228 1
1262306592.2228 1
1262306692.2228 0.8
1262306792.2228 0.8
1262306892.2228 0.2
1262306992.2228 0.7
1262307092.2228 1
1262307192.2228 1
1262307292.2228 1
1262307392.2228 0.9
1262307492.2228 0.9
1262307592.2228 1
1262307692.2228 1
1262307792.2228 1
1262307892.2228 1
1262307992.2228 1
1262308092.2228 1
1262308192.2228 1
1262308292.2228 1
1262308549.9383 1
1262308649.9383 1
1262308900.8742 1
1262304904 0.1
1262305004 0.1
1262305104 0.7
1262305204 1
1262305304 1
1262305404 1
1262305504 1
1262305604 1
1262305704 1
1262305804 1
1262305904 1
1262306004 1
1262306104 0.5
1262306204 0.4
1262306304 0.4
1262306404 0.6
1262306504 1
1262306604 1
1262306704 1
1262306804 1
1262306904 1
1262307004 1
1262307104 1
1262307204 1
1262307304 0.6
1262307404 0.6
1262307504 0.6
1262307604 1
1262307704 0.6
1262307804 0.6
1262307904 0.6
1262308004 0.8
1262308104 0.8
1262308204 0.8
1262308304 0.8
1262308404 0.8
1262308504 0.8
1262308604 0.9
1262308704 0.9
1262308900.8742 0.9
1262304804 0.5
1262304904 0.7
1262305004 0.7
1262305104 0.7
1262305346.2332 0.7
1262305446.2332 1
1262305546.2332 1
1262305646.2332 1
1262305746.2332 1
1262305846.2332 1
1262305946.2332 1
1262306046.2332 1
1262306146.2332 1
1262306246.2332 1
1262306346.2332 1
1262306446.2332 1
1262306546.2332 1
1262306646.2332 1
1262306746.2332 1
1262306846.2332 1
1262306946.2332 1
1262307046.2332 1
1262307312.0024 0.4
1262307412.0024 0.7
1262307512.0024 0.9
1262307612.0024 0.8
1262307712.0024 0.6
1262307911.4321 0.6
1262308011.4321 1
1262308111.4321 1
1262308211.4321 1
1262308311.4321 1
1262308411.4321 1
1262308511.4321 1
1262308611.4321 1
1262308711.4321 1
1262308811.4321 1
1262308911.4321 1
1262304604 0.1
1262304704 0.1
1262304804 0.1
1262304904 0.1
1262305004 0.1
1262305104 0.9
1262305204 1
1262305304 1
1262305404 1
1262305504 1
1262305604 1
1262305704 1
1262305804 1
1262305904 1
1262306004 1
1262306104 1
1262306204 1
1262306304 1
1262306404 0.9
1262306504 1
1262306604 0.7
1262306704 0.7
1262306804 0.5
1262306904 0.8
1262307004 0.8
1262307104 0.8
1262307204 1
1262307304 1
1262307404 0.6
1262307504 0.6
1262307604 1
1262307704 1
1262307804 1
1262307904 1
1262308004 1
1262308104 0.8
1262308204 0.8
1262308304 0.8
1262308404 0.8
1262308602.9733 0.8
1262308702.9733 0.8
1262308802.9733 1
1262308902.9733 1
1262304604 0.2
1262304704 0.3
1262304804 0.3
1262304904 0.3
1262305004 0.7
1262305104 0.7
1262305204 0.9
1262305304 0.9
1262305404 0.9
1262305504 0.9
1262305604 0.9
1262305704 0.9
1262305804 0.9
1262305904 1
1262306004 1
1262306104 1
1262306204 1
1262306304 1
1262306404 0.9
1262306504 1
1262306604 1
1262306704 1
1262306804 1
1262306904 1
1262307004 1
1262307104 1
1262307312.0024 1
1262307412.0024 0.6
1262307512.0024 0.6
1262307612.0024 0.9
1262307712.0024 0.9
1262307812.0024 0.8
1262307912.0024 0.8
1262308012.0024 0.9
1262308112.0024 1
1262308212.0024 1
1262308312.0024 1
1262308412.0024 1
1262308512.0024 1
1262308612.0024 1
1262308712.0024 1
1262308812.0024 1
1262308912.0024 1
1262304604 0.1
1262304704 0.3
1262304804 0.4
1262304904 0.4
1262305004 0.4
1262305104 0.4
1262305204 0.4
1262305304 0.4
1262305404 0.4
1262305504 0.8
1262305604 0.5
1262305704 0.5
1262305804 0.5
1262305904 0.5
1262306004 0.5
1262306104 0.4
1262306204 0.4
1262306304 1
1262306404 1
1262306619.9726 1
1262306719.9726 0.2
1262306819.9726 0.2
1262306919.9726 0.2
1262307019.9726 1
1262307119.9726 1
1262307219.9726 1
1262307319.9726 1
1262307419.9726 0.7
1262307519.9726 0.7
1262307619.9726 0.5
1262307719.9726 0.8
1262307819.9726 0.8
1262307919.9726 1
1262308019.9726 1
1262308119.9726 1
1262308219.9726 1
1262308319.9726 1
1262308419.9726 1
1262308708.4334 1
1262308808.4334 0.9
1262308908.4334 0.9
1262304604 0.1
1262304704 0.4
1262304804 0.4
1262304904 0.7
1262305004 0.8
1262305104 0.8
1262305204 1
1262305304 1
1262305404 1
1262305504 1
1262305604 0.5
1262305704 0.5
1262305804 0.9
1262305904 1
1262306004 1
1262306104 0.9
1262306204 0.9
1262306304 0.7
1262306404 0.7
1262306504 0.7
1262306604 1
1262306704 1
1262306804 1
1262306904 1
1262307004 1
1262307104 1
1262307204 1
1262307304 0.6
1262307404 0.2
1262307504 1
1262307604 1
1262307704 1
1262307804 1
1262307904 1
1262308004 1
1262308104 1
1262308204 1
1262308304 1
1262308404 1
1262308504 1
1262308708.4334 1
1262308808.4334 1
1262308908.4334 1
1262304604 0.2
1262304704 0.4
1262304804 0.4
1262304904 0.7
1262305004 0.8
1262305104 0.9
1262305204 1
1262305468.6966 1
1262305568.6966 1
1262305853.038 1
1262305953.038 0.7
1262306053.038 0.8
1262306153.038 1
1262306253.038 1
1262306353.038 1
1262306453.038 1
1262306553.038 1
1262306653.038 1
1262306753.038 1
1262306853.038 1
1262306953.038 0.4
1262307053.038 0.4
1262307153.038 0.4
1262307253.038 1
1262307353.038 1
1262307453.038 0.9
1262307553.038 0.9
1262307653.038 0.8
1262307753.038 0.8
1262307853.038 0.8
1262307953.038 0.8
1262308053.038 0.8
1262308153.038 0.8
1262308253.038 1
1262308353.038 1
1262308453.038 0.4
1262308553.038 0.4
1262308653.038 0.4
1262308753.038 0.7
1262308853.038 1
1262308953.038 1
1262304604 0.2
1262304704 0.4
1262304804 0.4
1262304904 0.4
1262305004 0.4
1262305104 0.4
1262305204 1
1262305304 1
1262305404 1
1262305504 1
1262305604 1
1262305704 1
1262305804 1
1262305904 0.5
1262306004 0.4
1262306104 0.9
1262306204 1
1262306304 1
1262306404 1
1262306504 1
1262306604 1
1262306704 1
1262306804 1
1262306904 1
1262307004 1
1262307104 0.4
1262307204 0.6
1262307304 1
1262307404 1
1262307504 1
1262307604 1
1262307704 1
1262307804 1
1262307904 1
1262308004 0.8
1262308104 0.8
1262308204 0.8
1262308304 0.9
1262308404 0.9
1262308504 1
1262308708.4334 1
1262308808.4334 1
1262308908.4334 0.6
1262304804 0.4
1262304904 0.7
1262305004 0.8
1262305104 0.8
1262305388.7115 1
1262305488.7115 1
1262305588.7115 1
1262305688.7115 1
1262305792.8006 1
1262305892.8006 1
1262305992.8006 1
1262306092.8006 1
1262306192.8006 1
1262306292.8006 0.9
1262306392.8006 0.9
1262306492.8006 0.9
1262306713.1625 0.7
1262306813.1625 0.7
1262306913.1625 0.3
1262307013.1625 0.3
1262307113.1625 0.8
1262307213.1625 0.8
1262307332.1561 0.8
1262307432.1561 0.5
1262307532.1561 0.2
1262307632.1561 0.2
1262307732.1561 0.2
1262307832.1561 0.4
1262307932.1561 0.3
1262308032.1561 0.5
1262308132.1561 0.8
1262308232.1561 0.8
1262308332.1561 1
1262308432.1561 1
1262308532.1561 1
1262308632.1561 1
1262308732.1561 0.6
1262308832.1561 0.6
1262308932.1561 0.7
1262304604.3592 0.2
1262304704.3592 0.4
1262304804.3592 0.5
1262304904.3592 0.5
1262305004.3592 0.5
1262305104.3592 0.5
1262305204.3592 0.5
1262305304.3592 0.6
1262305404.3592 0.6
1262305504.3592 0.6
1262305604.3592 0.3
1262305704.3592 0.3
1262305804.3592 1
1262305904.3592 0.9
1262306004.3592 0.9
1262306104.3592 0.9
1262306204.3592 1
1262306304.3592 1
1262306404.3592 1
1262306504.3592 1
1262306604.3592 1
1262306704.3592 1
1262306804.3592 0.9
1262306904.3592 0.9
1262307004.3592 0.9
1262307104.3592 1
1262307204.3592 1
1262307304.3592 1
1262307404.3592 1
1262307504.3592 1
1262307604.3592 1
1262307704.3592 1
1262307804.3592 1
1262307904.3592 1
1262308004.3592 1
1262308233.333 1
1262308333.333 0.9
1262308433.333 0.9
1262308533.333 0.9
1262308633.333 0.9
1262308733.333 0.9
1262308833.333 0.7
1262308933.333 0.7
1262304604 0.2
1262304704 0.4
1262304804 0.4
1262304904 0.6
1262305004 0.6
1262305104 0.6
1262305204 1
1262305304 1
1262305404 1
1262305504 1
1262305604 1
1262305704 1
1262305804 1
1262305904 1
1262306004 1
1262306104 1
1262306204 1
1262306304 1
1262306404 1
1262306504 1
1262306604 1
1262306876.5178 1
1262306976.5178 0.9
1262307076.5178 0.9
1262307176.5178 0.9
1262307276.5178 0.9
1262307376.5178 0.9
1262307476.5178 0.9
1262307576.5178 0.9
1262307676.5178 1
1262307879.1769 1
1262308079.1769 0.5
1262308179.1769 0.5
1262308279.1769 0.5
1262308379.1769 0.6
1262308479.1769 0.9
1262308579.1769 0.9
1262308679.1769 0.8
1262308779.1769 0.8
1262308879.1769 0.8
1262308979.1769 0.9
1262304604 0.1
1262304704 0.4
1262304804 0.5
1262304904 0.5
1262305004 0.5
1262305104 1
1262305204 1
1262305304 1
1262305404 1
1262305504 1
1262305604 1
1262305704 1
1262305804 1
1262305904 1
1262306004 1
1262306104 1
1262306204 1
1262306304 1
1262306404 1
1262306504 1
1262306604 1
1262306704 1
1262306804 0.8
1262306904 0.8
1262307004 0.7
1262307104 0.7
1262307204 1
1262307304 1
1262307404 1
1262307504 1
1262307604 1
1262307704 1
1262307804 1
1262307904 1
1262308004 1
1262308104 0.6
1262308204 0.6
1262308304 0.6
1262308404 0.6
1262308504 0.7
1262308604 0.7
1262308704 0.7
1262308804 0.7
1262308904 0.7
1262304604 0.2
1262304704 0.4
1262304804 0.5
1262304904 0.6
1262305004 0.6
1262305104 0.6
1262305204 0.6
1262305304 0.6
1262305404 0.6
1262305604 0.4
1262305704 0.4
1262305804 1
1262305904 1
1262306004 1
1262306104 1
1262306204 1
1262306304 1
1262306520.471 1
1262306781.3671 1
1262306881.3671 1
1262307111.2011 1
1262307211.2011 1
1262307311.2011 1
1262307411.2011 1
1262307511.2011 1
1262307791.7869 1
1262307891.7869 1
1262307991.7869 1
1262308091.7869 1
1262308191.7869 1
1262308411.8254 1
1262308511.8254 1
1262308611.8254 1
1262308711.8254 1
1262308811.8254 1
1262308911.8254 1
1262304604 0.1
1262304704 0.4
1262304804 0.5
1262304904 0.5
1262305004 0.5
1262305104 0.6
1262305204 0.6
1262305304 1
1262305404 1
1262305504 1
1262305604 1
1262305704 1
1262305804 1
1262305904 0.8
1262306004 0.8
1262306104 0.8
1262306204 0.8
1262306304 0.8
1262306404 1
1262306504 0.5
1262306604 0.5
1262306704 1
1262306804 1
1262306904 1
1262307004 1
1262307104 1
1262307204 1
1262307304 1
1262307501.4778 1
1262307601.4778 1
1262307701.4778 1
1262307801.4778 1
1262307901.4778 0.8
1262308001.4778 0.3
1262308101.4778 0.3
1262308201.4778 0.3
1262308301.4778 0.3
1262308401.4778 0.9
1262308501.4778 0.9
1262308601.4778 0.9
1262308701.4778 1
1262308801.4778 1
1262308901.4778 1
