1262306404 0.1
1262306504 0.5
1262306604 0.5
1262306704 0.5
1262306804 0.2
1262306904 0.2
1262307004 0.2
1262307204 0.3
1262307492.9272 0.1
1262307592.9272 0.7
1262307692.9272 0.7
1262307792.9272 0.7
1262307892.9272 0.7
1262308123.2006 0.7
1262306570.0377 0.2
1262306670.0377 0.2
1262306770.0377 0.2
1262306870.0377 0.2
1262307170.0377 0.3
1262307270.0377 0.3
1262307370.0377 0.3
1262307470.0377 0.3
1262307570.0377 0.3
1262307870.0377 0.1
1262307970.0377 0.1
1262308070.0377 0.2
1262308170.0377 0.2
1262308270.0377 0.2
1262308370.0377 0.2
1262308470.0377 0.2
1262308570.0377 0.2
1262308670.0377 0.2
1262308770.0377 0.2
1262308870.0377 0.2
1262308970.0377 0.2
1262305404 0.3
1262305504 0.3
1262305604 0.3
1262305704 0.2
1262305804 0.1
1262306104 0.5
1262306204 0.5
1262306304 0.5
1262306404 0.2
1262306804 0.1
1262307004 0.3
1262307104 0.3
1262307204 0.3
1262307304 0.3
1262307523.9964 0.3
1262307806.4171 0.3
1262307906.4171 0.3
1262308006.4171 0.3
1262308106.4171 0.2
1262308206.4171 0.2
1262308306.4171 0.2
1262308406.4171 0.2
1262308506.4171 0.2
1262308606.4171 0.2
1262308706.4171 0.1
1262308806.4171 0.1
1262308906.4171 0.1
1262305204 0.2
1262305304 0.2
1262305404 0.2
1262305504 0.2
1262306604 0.2
1262306704 0.4
1262306804 0.4
1262306904 0.4
1262307004 0.5
1262307104 0.5
1262307204 0.4
1262307304 0.3
1262307404 0.3
1262307504 0.3
1262307604 0.6
1262307704 0.8
1262307804 0.2
1262307904 0.2
1262308004 0.2
1262308104 0.2
1262308204 0.2
1262308304 0.2
1262308404 0.2
1262308504 0.7
1262308604 0.7
1262308858.4804 0.4
1262308958.4804 0.2
1262305804 0.1
1262305904 0.1
1262306004 0.1
1262306104 0.1
1262306693.2095 0.3
1262306793.2095 0.3
1262306893.2095 0.1
1262307096.0841 0.1
1262307196.0841 0.3
1262307296.0841 0.3
1262307396.0841 0.3
1262307496.0841 1
1262307596.0841 1
1262307804.689 1
1262308043.2103 0.2
1262308143.2103 0.1
1262308243.2103 0.1
1262308343.2103 0.1
1262308443.2103 0.1
1262308726.7542 0.1
1262308826.7542 0.1
1262308926.7542 0.1
1262305704 0.1
1262305804 0.2
1262305904 0.2
1262306004 0.3
1262306104 0.2
1262306204 0.2
1262306304 0.2
1262306404 0.2
1262306504 0.2
1262307204 0.2
1262307304 0.2
1262307404 0.3
1262307504 0.3
1262305704 0.8
1262305804 0.7
1262305904 0.6
1262306004 0.6
1262306604 0.1
1262306704 0.1
1262306804 0.1
1262306904 0.1
1262308404 0.8
1262308504 0.7
1262308604 0.3
1262308704 0.3
1262308978.1436 0.5
1262306104 0.1
1262306204 0.1
1262306304 0.1
1262306404 0.1
1262306504 0.1
1262306904 0.5
1262307004 0.4
1262307104 0.9
1262307204 0.6
1262307304 0.5
1262307404 0.5
1262307504 0.5
1262308811.7376 0.2
1262308911.7376 0.2
1262305504 0.5
1262306571.7842 0.1
1262306671.7842 0.1
1262306871.7842 0.5
1262306971.7842 0.6
1262307071.7842 0.8
1262307171.7842 0.6
1262307432.4298 0.6
1262307832.4298 0.1
1262307932.4298 0.1
1262308032.4298 0.1
1262308132.4298 0.1
1262308432.4298 0.5
1262308532.4298 0.5
1262308632.4298 0.5
1262308732.4298 0.5
1262308832.4298 0.4
1262308932.4298 0.3
1262305104 0.8
1262305204 0.8
1262305304 0.8
1262305404 0.8
1262305504 0.4
1262305604 0.4
1262305704 0.1
1262305804 0.2
1262305904 0.8
1262306004 0.8
1262306104 0.1
1262306604 0.4
1262306704 0.4
1262307204 0.2
1262307304 0.3
1262307404 0.3
1262307504 0.1
1262308404 0.7
1262308504 0.7
1262308604 0.4
1262308704 0.2
1262308804 0.2
1262308904 0.2
1262305104 0.3
1262305311.578 0.6
1262305411.578 0.1
1262305601.7043 0.1
1262305701.7043 0.1
1262305801.7043 0.8
1262305901.7043 0.7
1262306001.7043 0.7
1262306101.7043 0.7
1262306201.7043 0.1
1262306301.7043 0.1
1262306401.7043 0.1
1262306501.7043 0.3
1262306601.7043 0.6
1262306701.7043 0.5
1262307101.7043 0.3
1262307201.7043 0.3
1262307301.7043 0.3
1262307401.7043 0.3
1262307501.7043 0.1
1262308839.6148 0.3
1262308939.6148 0.3
1262307004 0.1
1262307104 0.1
1262307204 0.4
1262307477.832 0.3
1262307577.832 0.3
1262308615.0816 0.1
1262308841.0844 0.3
1262308941.0844 0.2
1262305204 0.7
1262305419.2613 0.4
1262306484.1967 0.4
1262306584.1967 0.4
1262306684.1967 0.6
1262306784.1967 0.6
1262306884.1967 0.4
1262307284.1967 0.2
1262307384.1967 0.2
1262307484.1967 0.2
1262307584.1967 0.2
1262307684.1967 0.5
1262307784.1967 0.5
1262307884.1967 0.6
1262308170.0381 0.6
1262308270.0381 1
1262308370.0381 1
1262308470.0381 1
1262308570.0381 1
1262308670.0381 1
1262308770.0381 0.2
1262308870.0381 0.2
1262308970.0381 0.2
1262304904 0.3
1262305004 0.3
1262305104 0.3
1262305404 0.2
1262305601.7043 0.2
1262305701.7043 0.1
1262307101.7043 0.3
1262307201.7043 0.3
1262307301.7043 0.3
1262307401.7043 0.3
1262307501.7043 0.3
1262307601.7043 0.3
1262307881.9026 0.4
1262307981.9026 0.3
1262308633.32 0.1
1262308733.32 0.4
1262308833.32 0.2
1262308933.32 0.2
1262305204 0.1
1262305304 0.1
1262305404 0.1
1262305504 0.1
1262305604 0.1
1262306147.0676 0.6
1262306247.0676 0.6
1262306647.0676 0.4
1262306747.0676 0.4
1262306847.0676 0.4
1262306947.0676 0.4
1262307047.0676 0.1
1262307147.0676 0.1
1262307382.1367 0.1
1262308182.1367 0.1
1262308282.1367 0.1
1262308382.1367 0.1
1262308482.1367 0.1
1262308582.1367 0.1
1262308682.1367 0.1
1262308782.1367 0.2
1262308882.1367 0.2
1262308982.1367 0.2
1262304804 0.1
1262304904 0.1
1262305004 0.1
1262305104 0.5
1262305204 0.7
1262305304 0.4
1262305404 0.4
1262305504 0.4
1262306104 0.5
1262308605.9402 0.7
1262308705.9402 0.7
1262308805.9402 0.7
1262305104 0.7
1262305204 0.7
1262305304 0.4
1262306104 0.4
1262306377.5821 0.5
1262306643.3952 0.1
1262308543.3952 0.5
1262308643.3952 0.5
1262308743.3952 0.7
1262308843.3952 0.7
1262308943.3952 0.7
1262304904 0.1
1262305004 0.1
1262305104 0.7
1262305204 0.4
1262305304 0.4
1262305404 0.4
1262305504 0.4
1262306104 0.1
1262306204 0.1
1262306399.7395 0.1
1262306499.7395 0.1
1262307255.3422 0.3
1262307855.3422 0.2
1262307955.3422 0.2
1262308055.3422 0.2
1262308155.3422 0.2
1262308455.3422 0.5
1262308555.3422 0.5
1262308655.3422 0.5
1262308755.3422 0.7
1262308855.3422 0.7
1262308955.3422 0.7
1262304804 0.1
1262304904 0.1
1262305004 0.1
1262305104 0.1
1262306689.9052 0.6
1262306789.9052 0.1
1262306889.9052 0.1
1262306989.9052 0.1
1262307089.9052 0.1
1262307189.9052 0.1
1262307689.9052 1
1262307789.9052 0.3
1262307889.9052 0.3
1262307989.9052 0.3
1262308224.4275 0.3
1262308324.4275 0.3
1262308424.4275 0.3
1262308524.4275 0.6
1262308624.4275 0.6
1262308724.4275 0.7
1262308824.4275 0.7
1262308924.4275 0.7
1262304804 0.1
1262304904 0.1
1262305004 0.1
1262305104 0.1
1262305204 0.1
1262305304 0.1
1262308334.9058 0.5
1262308447.3552 0.5
1262308656.0664 0.4
1262308756.0664 0.4
1262308856.0664 0.4
1262308956.0664 0.7
1262304804 0.4
1262304904 0.4
1262305004 0.4
1262305104 0.4
1262305204 0.1
1262305304 0.1
1262305404 0.1
1262305504 0.1
1262305604 0.5
1262305704 0.5
1262305804 0.5
1262305904 0.6
1262306004 0.6
1262306104 0.6
1262306204 0.6
1262306304 0.6
1262306404 0.6
1262307604 0.2
1262307704 0.2
1262307804 0.5
1262307904 0.1
1262308113.3577 0.7
1262308213.3577 0.1
1262308313.3577 0.1
1262308413.3577 0.1
1262308513.3577 0.2
1262308613.3577 0.2
1262308880.0749 0.2
1262308980.0749 0.2
1262304904 0.4
1262305004 0.4
1262305104 0.4
1262305204 0.3
1262305304 0.3
1262306004 0.3
1262306104 0.3
1262306204 0.3
1262306304 0.8
1262306404 0.6
1262306504 0.6
1262306604 0.1
1262306704 0.1
1262307340.434 0.7
1262307440.434 0.8
1262307540.434 0.7
1262308304.0295 0.1
1262308404.0295 0.1
1262308504.0295 0.1
1262308604.0295 0.1
1262308704.0295 0.2
1262308804.0295 0.2
1262308904.0295 0.2
1262305204 0.3
1262305439.6813 0.3
1262305539.6813 0.9
1262305639.6813 0.5
1262305739.6813 0.5
1262305839.6813 0.5
1262305939.6813 0.4
1262306039.6813 0.4
1262306139.6813 0.4
1262306239.6813 0.4
1262306489.9426 0.5
1262306713.1625 0.3
1262306913.1625 0.2
1262307013.1625 0.2
1262307113.1625 0.2
1262307213.1625 0.2
1262307313.1625 0.2
1262307559.6283 0.2
1262307659.6283 0.2
1262307759.6283 0.2
1262307859.6283 0.1
1262307959.6283 0.8
1262308059.6283 0.8
1262308159.6283 0.6
1262308259.6283 0.4
1262308359.6283 0.4
1262308459.6283 0.2
1262308559.6283 0.2
1262308659.6283 0.2
1262308759.6283 0.2
1262308859.6283 0.2
1262308959.6283 0.3
1262305104 0.4
1262305204 0.4
1262305304 0.4
1262305404 0.1
1262305504 0.1
1262305904 0.6
1262306004 0.5
1262306104 0.5
1262306204 0.5
1262306304 0.5
1262306404 0.5
1262306504 0.5
1262306604 0.3
1262306904 0.5
1262307102.9773 0.4
1262307202.9773 0.2
1262307702.9773 0.1
1262308202.9773 0.5
1262308302.9773 0.5
1262308402.9773 0.5
1262308502.9773 0.2
1262308602.9773 0.2
1262308702.9773 0.2
1262308802.9773 0.2
1262308902.9773 0.2
1262305204 0.2
1262305304 0.2
1262305404 0.4
1262305504 0.2
1262305604 0.4
1262305704 0.4
1262305804 0.4
1262305904 0.4
1262306004 0.4
1262306104 0.4
1262306204 0.4
1262306304 0.4
1262306404 0.1
1262306504 0.1
1262306604 0.1
1262306704 0.1
1262307251.4338 0.1
1262307351.4338 0.1
1262307451.4338 0.4
1262307551.4338 0.5
1262307651.4338 0.5
1262307751.4338 0.5
1262307851.4338 0.5
1262307951.4338 0.5
1262308483.627 0.4
1262308698.1791 0.4
1262308798.1791 0.3
1262308898.1791 0.3
1262308998.1791 0.3
1262305504 0.3
1262305604 0.5
1262305704 0.5
1262305804 0.5
1262305904 0.5
1262307104 0.1
1262307204 0.1
1262307304 0.1
1262307404 0.1
1262307904 0.4
1262308004 0.3
1262308104 0.3
1262308204 0.3
1262308304 0.3
1262308404 0.3
1262308504 0.3
1262308604 0.3
1262308704 0.3
1262305204 0.6
1262305304 0.6
1262305404 0.6
1262305504 0.1
1262305604 0.1
1262305704 0.1
1262305804 0.1
1262305904 0.1
1262306504 0.5
1262306604 0.4
1262306704 0.3
1262306804 0.1
1262306904 0.1
1262308833.4195 0.3
1262308933.4195 0.3
1262306545.3196 0.4
1262306645.3196 0.3
1262308322.4198 0.5
1262308422.4198 0.5
1262308522.4198 0.5
1262305204 0.6
1262305304 0.6
1262305404 0.6
1262305504 0.6
1262305604 0.6
1262305704 0.1
1262305804 0.1
1262305904 0.1
1262306004 0.1
1262306504 0.7
1262306604 0.2
1262306804 0.6
1262307038.7155 0.6
1262307300.5584 0.2
1262307413.3865 0.2
1262308013.3865 0.2
1262308113.3865 0.2
1262308213.3865 0.2
1262308959.3933 0.3
1262305204 0.6
1262305304 0.6
1262305404 0.6
1262305504 0.6
1262305604 0.5
1262305704 0.2
1262305804 0.2
1262305904 0.2
1262306587.3856 0.3
1262306687.3856 0.3
1262306787.3856 0.3
1262306987.3856 0.5
1262307087.3856 0.5
1262307187.3856 0.5
1262307287.3856 0.5
1262308122.4198 0.5
1262308222.4198 0.5
1262308322.4198 0.8
1262308569.6544 0.8
1262308669.6544 0.9
1262308769.6544 0.4
1262308869.6544 0.4
