1262305504 0.2
1262305604 0.3
1262305704 0.7
1262305804 0.7
1262305904 0.7
1262306004 0.3
1262306104 0.3
1262306204 0.1
1262306304 0.1
1262306404 0.1
1262306504 0.1
1262306604 0.1
1262306704 0.1
1262306804 0.1
1262306904 0.1
1262307004 0.1
1262307104 0.1
1262307204 0.1
1262307704 0.1
1262307937.599 0.1
1262308037.599 0.1
1262308437.599 0.8
1262308537.599 0.8
1262308637.599 0.3
1262308737.599 0.3
1262308837.599 0.3
1262308937.599 0.3
1262305404 0.8
1262305504 0.8
1262305604 0.3
1262305704 0.2
1262306004 0.3
1262306104 0.4
1262306294.9427 0.4
1262306694.9427 0.2
1262306794.9427 0.2
1262306894.9427 0.2
1262306994.9427 0.2
1262307094.9427 0.2
1262307194.9427 0.2
1262308094.9427 0.7
1262308194.9427 0.1
1262308294.9427 0.1
1262308394.9427 0.1
1262305404 0.6
1262305504 0.6
1262305604 0.1
1262305704 0.2
1262306404 0.8
1262306504 1
1262306604 0.8
1262306704 0.5
1262306804 0.3
1262306904 0.3
1262307451.0785 0.3
1262307651.0785 0.5
1262307751.0785 0.5
1262307851.0785 0.5
1262308432.462 0.3
1262308532.462 0.3
1262308632.462 0.3
1262308732.462 0.3
1262308832.462 0.3
1262308932.462 0.3
1262305404 0.8
1262305504 0.8
1262306689.4206 0.2
1262306789.4206 0.2
1262306889.4206 0.2
1262306989.4206 0.2
1262307089.4206 0.2
1262307189.4206 0.2
1262307589.4206 0.6
1262307689.4206 0.4
1262307789.4206 0.4
1262307889.4206 0.4
1262308089.4206 0.7
1262308189.4206 0.4
1262305604 0.2
1262305704 0.5
1262305804 0.7
1262305904 0.7
1262306004 0.7
1262306504 0.4
1262306604 0.4
1262306704 0.4
1262307004 0.6
1262307104 0.6
1262307204 0.6
1262307304 0.6
1262307404 0.6
1262307504 0.3
1262307604 0.3
1262308798.9042 0.4
1262308898.9042 0.4
1262308998.9042 0.4
1262305004 0.2
1262305104 0.3
1262305204 0.2
1262305304 0.2
1262305404 0.2
1262305504 0.2
1262305604 0.3
1262305707.3772 0.3
1262307007.3772 0.1
1262307107.3772 0.1
1262307207.3772 0.3
1262307307.3772 0.3
1262307407.3772 0.1
1262307507.3772 0.1
1262307607.3772 0.1
1262307707.3772 0.1
1262307807.3772 0.4
1262307907.3772 0.8
1262308007.3772 0.8
1262308107.3772 0.1
1262308307.3772 0.2
1262308709.5844 0.5
1262308809.5844 0.5
1262308909.5844 0.5
1262304904 0.2
1262305004 0.2
1262305104 0.2
1262305204 0.2
1262305304 0.2
1262305404 0.2
1262305504 0.2
1262305604 0.2
1262305704 0.3
1262305804 0.3
1262305904 0.3
1262306004 0.3
1262306104 0.1
1262306931.6859 0.6
1262307031.6859 0.1
1262307131.6859 0.1
1262307231.6859 0.1
1262307331.6859 0.1
1262307431.6859 0.1
1262307531.6859 0.2
1262307631.6859 0.2
1262307731.6859 0.1
1262308420.5842 0.1
1262308526.0775 0.1
1262308626.0775 0.4
1262308726.0775 0.4
1262308826.0775 0.2
1262308926.0775 0.2
1262305004 0.1
1262305104 0.4
1262305204 0.4
1262305304 0.4
1262305404 0.4
1262305504 0.4
1262305604 0.4
1262305704 0.3
1262305804 0.3
1262305904 0.3
1262306004 0.2
1262306504 0.9
1262306604 0.8
1262306704 0.8
1262306804 0.8
1262307204 0.5
1262307304 0.5
1262307404 0.5
1262307604 0.1
1262307704 0.1
1262307804 0.5
1262307904 0.7
1262308004 0.7
1262308104 0.2
1262308204 0.2
1262308304 0.2
1262308709.5844 0.2
1262308809.5844 0.2
1262308909.5844 0.1
1262305004 0.2
1262305269.4998 0.2
1262305869.4998 0.2
1262305969.4998 0.3
1262306069.4998 0.3
1262306169.4998 0.3
1262306269.4998 0.3
1262306369.4998 0.3
1262306655.8235 0.3
1262306755.8235 0.3
1262306855.8235 0.3
1262306955.8235 0.1
1262307155.8235 0.5
1262307255.8235 0.5
1262307355.8235 0.5
1262307555.8235 0.2
1262307655.8235 0.2
1262307755.8235 0.3
1262308044.0726 0.9
1262308144.0726 0.9
1262308365.5775 0.1
1262308565.5775 0.3
1262308665.5775 0.3
1262308765.5775 0.3
1262308865.5775 0.1
1262308965.5775 0.1
1262305004 0.2
1262305104 0.2
1262305204 0.2
1262305304 0.2
1262305404 0.2
1262305504 0.2
1262305604 0.2
1262305704 0.2
1262305804 0.2
1262305904 0.2
1262306504 0.1
1262306604 0.6
1262306704 0.6
1262306804 0.6
1262306904 0.4
1262307004 0.4
1262307104 0.1
1262307204 0.9
1262307304 0.8
1262307504 0.3
1262307604 0.3
1262307704 0.4
1262307804 0.9
1262307904 1
1262308004 1
1262308104 1
1262308204 1
1262308304 0.2
1262308404 0.2
1262308504 0.2
1262308604 0.5
1262308704 0.5
1262308804 0.4
1262308904 0.3
1262305204 0.3
1262305304 0.6
1262305404 0.6
1262305504 0.6
1262305604 0.2
1262305704 0.2
1262305804 0.2
1262305904 0.2
1262306004 0.2
1262306104 0.3
1262306204 0.1
1262306304 0.1
1262306404 0.1
1262306504 0.3
1262307532.0199 0.1
1262307632.0199 0.1
1262308332.0199 0.1
1262308432.0199 0.1
1262308532.0199 0.1
1262308632.0199 0.8
1262308732.0199 0.8
1262308832.0199 0.8
1262308932.0199 0.4
1262305104 0.7
1262305204 0.7
1262305304 0.7
1262305404 0.7
1262305504 0.3
1262305904 0.1
1262306004 0.2
1262306104 0.4
1262306204 0.4
1262306304 0.4
1262306404 0.1
1262306504 0.7
1262306604 0.3
1262306704 0.4
1262306804 0.4
1262306904 0.7
1262307004 0.5
1262307104 0.5
1262307204 0.1
1262307304 0.1
1262308034.5801 0.1
1262308134.5801 0.1
1262308234.5801 0.1
1262308334.5801 0.1
1262308434.5801 0.1
1262308534.5801 0.1
1262308634.5801 0.1
1262308734.5801 0.1
1262308834.5801 0.1
1262308934.5801 0.1
1262304904 0.2
1262305004 0.2
1262305104 0.7
1262305204 0.4
1262305304 0.4
1262305504 0.1
1262305604 0.1
1262305904 0.3
1262306604 0.2
1262306704 0.4
1262306804 0.4
1262306904 0.4
1262307004 0.1
1262307104 0.1
1262307204 0.1
1262307304 0.2
1262307404 0.2
1262307504 0.1
1262307604 0.1
1262307704 0.1
1262307804 0.3
1262307904 0.3
1262308004 0.3
1262308104 0.5
1262305204 0.9
1262305304 0.6
1262305404 0.7
1262305504 0.7
1262305604 0.1
1262305904 0.2
1262306004 0.2
1262306104 0.2
1262306204 0.2
1262306304 0.2
1262306404 0.2
1262306504 0.2
1262307104 0.5
1262307204 0.5
1262307304 0.3
1262307704 0.6
1262307804 0.4
1262307904 0.4
1262308204 0.1
1262308304 0.1
1262308404 0.1
1262308504 0.1
1262308626.0606 0.1
1262308726.0606 0.8
1262308826.0606 0.8
1262308926.0606 0.7
1262305104 0.7
1262305204 0.6
1262305304 0.7
1262305404 1
1262305504 0.8
1262305604 0.8
1262305704 0.8
1262305804 0.3
1262306004 0.1
1262306104 0.1
1262306204 0.2
1262306304 0.2
1262306404 0.2
1262307004 0.2
1262307104 0.1
1262307204 0.1
1262307304 0.1
1262307704 0.4
1262307804 0.4
1262307904 0.4
1262308904 0.6
1262305704 0.1
1262306292.2228 0.4
1262306692.2228 0.2
1262306792.2228 0.2
1262306892.2228 0.8
1262306992.2228 0.3
1262307392.2228 0.1
1262307492.2228 0.1
1262306104 0.5
1262306204 0.6
1262306304 0.6
1262306404 0.4
1262307304 0.4
1262307404 0.4
1262307504 0.4
1262307704 0.4
1262307804 0.4
1262307904 0.4
1262308004 0.2
1262308104 0.2
1262308204 0.2
1262308304 0.2
1262308404 0.2
1262308504 0.2
1262308604 0.1
1262308704 0.1
1262308900.8742 0.1
1262305346.2332 0.3
1262307312.0024 0.6
1262307412.0024 0.3
1262307512.0024 0.1
1262307612.0024 0.2
1262307712.0024 0.4
1262307911.4321 0.4
1262306404 0.1
1262306604 0.3
1262306704 0.3
1262306804 0.5
1262306904 0.2
1262307004 0.2
1262307104 0.2
1262307404 0.4
1262307504 0.4
1262308104 0.2
1262308204 0.2
1262308304 0.2
1262308404 0.2
1262308602.9733 0.2
1262308702.9733 0.2
1262305504 0.1
1262305604 0.1
1262305704 0.1
1262305804 0.1
1262306404 0.1
1262307412.0024 0.4
1262307512.0024 0.4
1262307612.0024 0.1
1262307712.0024 0.1
1262307812.0024 0.2
1262307912.0024 0.2
1262308012.0024 0.1
1262304804 0.1
1262304904 0.1
1262305004 0.1
1262305104 0.1
1262305204 0.1
1262305304 0.1
1262305404 0.1
1262305504 0.2
1262305604 0.5
1262305704 0.5
1262305804 0.5
1262305904 0.5
1262306004 0.5
1262306104 0.6
1262306204 0.6
1262306719.9726 0.8
1262306819.9726 0.8
1262306919.9726 0.8
1262307419.9726 0.3
1262307519.9726 0.3
1262307619.9726 0.5
1262307719.9726 0.2
1262307819.9726 0.2
1262308808.4334 0.1
1262308908.4334 0.1
1262305104 0.1
1262305604 0.5
1262305704 0.5
1262305804 0.1
1262306104 0.1
1262306204 0.1
1262306304 0.3
1262306404 0.3
1262306504 0.3
1262307304 0.4
1262307404 0.8
1262305953.038 0.3
1262306053.038 0.2
1262306953.038 0.6
1262307053.038 0.6
1262307153.038 0.6
1262307453.038 0.1
1262307553.038 0.1
1262307653.038 0.2
1262307753.038 0.2
1262307853.038 0.2
1262307953.038 0.2
1262308053.038 0.2
1262308153.038 0.2
1262308453.038 0.6
1262308553.038 0.6
1262308653.038 0.6
1262308753.038 0.3
1262304904 0.3
1262305004 0.3
1262305104 0.3
1262305904 0.5
1262306004 0.6
1262306104 0.1
1262307104 0.6
1262307204 0.4
1262308004 0.2
1262308104 0.2
1262308204 0.2
1262308304 0.1
1262308404 0.1
1262308908.4334 0.4
1262306292.8006 0.1
1262306392.8006 0.1
1262306492.8006 0.1
1262306713.1625 0.3
1262306813.1625 0.3
1262306913.1625 0.7
1262307013.1625 0.7
1262307113.1625 0.2
1262307213.1625 0.2
1262307332.1561 0.2
1262307432.1561 0.5
1262307532.1561 0.8
1262307632.1561 0.8
1262307732.1561 0.8
1262307832.1561 0.6
1262307932.1561 0.7
1262308032.1561 0.5
1262308132.1561 0.2
1262308232.1561 0.2
1262308732.1561 0.4
1262308832.1561 0.4
1262308932.1561 0.3
1262305304.3592 0.4
1262305404.3592 0.4
1262305504.3592 0.4
1262305604.3592 0.7
1262305704.3592 0.7
1262305904.3592 0.1
1262306004.3592 0.1
1262306104.3592 0.1
1262306804.3592 0.1
1262306904.3592 0.1
1262307004.3592 0.1
1262308333.333 0.1
1262308433.333 0.1
1262308533.333 0.1
1262308633.333 0.1
1262308733.333 0.1
1262308833.333 0.3
1262308933.333 0.3
1262306976.5178 0.1
1262307076.5178 0.1
1262307176.5178 0.1
1262307276.5178 0.1
1262307376.5178 0.1
1262307476.5178 0.1
1262307576.5178 0.1
1262307979.1769 1
1262308079.1769 0.5
1262308179.1769 0.5
1262308279.1769 0.5
1262308379.1769 0.4
1262308479.1769 0.1
1262308579.1769 0.1
1262308679.1769 0.2
1262308779.1769 0.2
1262308879.1769 0.2
1262308979.1769 0.1
1262306804 0.2
1262306904 0.2
1262307004 0.3
1262307104 0.3
1262308104 0.4
1262308204 0.4
1262308304 0.4
1262308404 0.4
1262308504 0.3
1262308604 0.3
1262308704 0.3
1262308804 0.3
1262308904 0.3
1262305304 0.4
1262305404 0.4
1262305504 1
1262305604 0.6
1262305704 0.6
1262305904 0.2
1262306004 0.2
1262306104 0.2
1262306204 0.2
1262306304 0.2
1262306504 0.5
1262306604 0.5
1262307901.4778 0.2
1262308001.4778 0.7
1262308101.4778 0.7
1262308201.4778 0.7
1262308301.4778 0.7
1262308401.4778 0.1
1262308501.4778 0.1
1262308601.4778 0.1
