1262304904 0.6
1262305004 0.6
1262305104 0.6
1262305204 0.8
1262305304 1
1262305404 1
1262305504 1
1262305604 1
1262305704 1
1262305804 1
1262305904 1
1262306004 1
1262306104 1
1262306204 1
1262306304 1
1262306404 0.9
1262306504 0.5
1262306604 0.5
1262306704 0.5
1262306804 0.8
1262306904 0.8
1262307004 0.8
1262307104 1
1262307204 0.7
1262307492.9272 0.9
1262307592.9272 0.3
1262307692.9272 0.3
1262307792.9272 0.3
1262307892.9272 0.3
1262308123.2006 0.3
1262308223.2006 1
1262308337.3812 1
1262308437.3812 1
1262308537.3812 1
1262308637.3812 1
1262308858.4804 1
1262308958.4804 1
1262304904 0.7
1262305004 0.8
1262305104 0.8
1262305204 0.8
1262305304 1
1262305404 1
1262305504 1
1262305604 1
1262305704 1
1262305804 1
1262305904 1
1262306108.6556 1
1262306208.6556 1
1262306470.0377 1
1262306570.0377 0.8
1262306670.0377 0.8
1262306770.0377 0.8
1262306870.0377 0.8
1262306970.0377 1
1262307070.0377 1
1262307170.0377 0.7
1262307270.0377 0.7
1262307370.0377 0.7
1262307470.0377 0.7
1262307570.0377 0.7
1262307670.0377 1
1262307770.0377 1
1262307870.0377 0.9
1262307970.0377 0.9
1262308070.0377 0.8
1262308170.0377 0.8
1262308270.0377 0.8
1262308370.0377 0.8
1262308470.0377 0.8
1262308570.0377 0.8
1262308670.0377 0.8
1262308770.0377 0.8
1262308870.0377 0.8
1262308970.0377 0.8
1262304904 0.7
1262305004 0.8
1262305104 0.8
1262305204 0.8
1262305304 0.8
1262305404 0.7
1262305504 0.7
1262305604 0.7
1262305704 0.8
1262305804 0.9
1262305904 1
1262306004 1
1262306104 0.5
1262306204 0.5
1262306304 0.5
1262306404 0.8
1262306504 1
1262306604 1
1262306704 1
1262306804 0.9
1262306904 1
1262307004 0.7
1262307104 0.7
1262307204 0.7
1262307304 0.7
1262307523.9964 0.7
1262307806.4171 0.7
1262307906.4171 0.7
1262308006.4171 0.7
1262308106.4171 0.8
1262308206.4171 0.8
1262308306.4171 0.8
1262308406.4171 0.8
1262308506.4171 0.8
1262308606.4171 0.8
1262308706.4171 0.9
1262308806.4171 0.9
1262308906.4171 0.9
1262304904 0.7
1262305004 0.8
1262305104 0.8
1262305204 0.8
1262305304 0.8
1262305404 0.8
1262305504 0.8
1262305604 1
1262305704 1
1262305804 1
1262305904 1
1262306004 1
1262306104 1
1262306204 1
1262306304 1
1262306404 1
1262306504 1
1262306604 0.8
1262306704 0.6
1262306804 0.6
1262306904 0.6
1262307004 0.5
1262307104 0.5
1262307204 0.6
1262307304 0.7
1262307404 0.7
1262307504 0.7
1262307604 0.4
1262307704 0.2
1262307804 0.8
1262307904 0.8
1262308004 0.8
1262308104 0.8
1262308204 0.8
1262308304 0.8
1262308404 0.8
1262308504 0.3
1262308604 0.3
1262308858.4804 0.6
1262308958.4804 0.8
1262304904 0.7
1262305004 0.8
1262305104 0.8
1262305204 0.8
1262305304 1
1262305404 1
1262305504 1
1262305604 1
1262305704 1
1262305804 0.9
1262305904 0.9
1262306004 0.9
1262306104 0.9
1262306204 1
1262306487.1355 1
1262306693.2095 0.7
1262306793.2095 0.7
1262306893.2095 0.9
1262307096.0841 0.9
1262307196.0841 0.7
1262307296.0841 0.7
1262307396.0841 0.7
1262308043.2103 0.8
1262308143.2103 0.9
1262308243.2103 0.9
1262308343.2103 0.9
1262308443.2103 0.9
1262308726.7542 0.9
1262308826.7542 0.9
1262308926.7542 0.9
1262304804 0.1
1262304904 0.5
1262305004 0.5
1262305104 0.5
1262305204 0.5
1262305304 0.5
1262305404 1
1262305504 1
1262305604 1
1262305704 0.9
1262305804 0.8
1262305904 0.8
1262306004 0.7
1262306104 0.8
1262306204 0.8
1262306304 0.8
1262306404 0.8
1262306504 0.8
1262306604 1
1262306704 1
1262306804 1
1262306904 1
1262307004 1
1262307104 1
1262307204 0.8
1262307304 0.8
1262307404 0.7
1262307504 0.7
1262307604 1
1262307704 1
1262307804 1
1262307904 1
1262308004 1
1262308104 1
1262308204 1
1262308304 1
1262308404 1
1262308504 1
1262308604 1
1262308704 1
1262308804 1
1262308904 1
1262304604 0.2
1262304704 0.2
1262304804 0.2
1262304904 0.2
1262305004 0.2
1262305104 0.5
1262305204 0.5
1262305304 1
1262305404 1
1262305504 1
1262305604 1
1262305704 0.2
1262305804 0.3
1262305904 0.4
1262306004 0.4
1262306104 1
1262306204 1
1262306304 1
1262306404 1
1262306504 1
1262306604 0.9
1262306704 0.9
1262306804 0.9
1262306904 0.9
1262307004 1
1262307104 1
1262307204 1
1262307304 1
1262307404 1
1262307504 1
1262307604 1
1262307704 1
1262307804 1
1262307904 1
1262308004 1
1262308104 1
1262308204 1
1262308304 1
1262308404 0.2
1262308504 0.3
1262308604 0.7
1262308704 0.7
1262308978.1436 0.5
1262304604 0.1
1262304704 0.1
1262304804 0.1
1262304904 0.5
1262305004 0.5
1262305104 0.5
1262305204 0.5
1262305304 0.5
1262305404 0.5
1262305504 1
1262305604 1
1262305704 1
1262305804 1
1262305904 1
1262306004 1
1262306104 0.9
1262306204 0.9
1262306304 0.9
1262306404 0.9
1262306504 0.9
1262306604 1
1262306704 1
1262306804 1
1262306904 0.5
1262307004 0.6
1262307104 0.1
1262307204 0.4
1262307304 0.5
1262307404 0.5
1262307504 0.5
1262307604 1
1262307704 1
1262307811.7376 1
1262307911.7376 1
1262308011.7376 1
1262308111.7376 1
1262308211.7376 1
1262308311.7376 1
1262308411.7376 1
1262308511.7376 1
1262308611.7376 1
1262308711.7376 1
1262308811.7376 0.8
1262308911.7376 0.8
1262304604 0.1
1262304704 0.4
1262304804 0.5
1262304904 0.5
1262305004 0.5
1262305104 0.5
1262305204 0.5
1262305304 1
1262305404 1
1262305504 0.5
1262305604 1
1262305704 1
1262305804 1
1262305904 1
1262306004 1
1262306104 1
1262306204 1
1262306471.7842 1
1262306571.7842 0.9
1262306671.7842 0.9
1262306771.7842 1
1262306871.7842 0.5
1262306971.7842 0.4
1262307071.7842 0.2
1262307171.7842 0.4
1262307432.4298 0.4
1262307532.4298 1
1262307632.4298 1
1262307732.4298 1
1262307832.4298 0.9
1262307932.4298 0.9
1262308032.4298 0.9
1262308132.4298 0.9
1262308232.4298 1
1262308332.4298 1
1262308432.4298 0.5
1262308532.4298 0.5
1262308632.4298 0.5
1262308732.4298 0.5
1262308832.4298 0.6
1262308932.4298 0.7
1262304604 0.2
1262304704 0.2
1262304804 0.2
1262304904 0.2
1262305004 0.5
1262305104 0.2
1262305204 0.2
1262305304 0.2
1262305404 0.2
1262305504 0.6
1262305604 0.6
1262305704 0.9
1262305804 0.8
1262305904 0.2
1262306004 0.2
1262306104 0.9
1262306204 1
1262306304 1
1262306404 1
1262306504 1
1262306604 0.6
1262306704 0.6
1262306804 1
1262306904 1
1262307004 1
1262307104 1
1262307204 0.8
1262307304 0.7
1262307404 0.7
1262307504 0.9
1262307604 1
1262307704 1
1262307804 1
1262307904 1
1262308004 1
1262308104 1
1262308204 1
1262308304 1
1262308404 0.3
1262308504 0.3
1262308604 0.6
1262308704 0.8
1262308804 0.8
1262308904 0.8
1262304704 0.2
1262304804 0.2
1262304904 0.7
1262305004 0.7
1262305104 0.7
1262305311.578 0.4
1262305411.578 0.9
1262305601.7043 0.9
1262305701.7043 0.9
1262305801.7043 0.2
1262305901.7043 0.3
1262306001.7043 0.3
1262306101.7043 0.3
1262306201.7043 0.9
1262306301.7043 0.9
1262306401.7043 0.9
1262306501.7043 0.7
1262306601.7043 0.4
1262306701.7043 0.5
1262306801.7043 1
1262306901.7043 1
1262307001.7043 1
1262307101.7043 0.7
1262307201.7043 0.7
1262307301.7043 0.7
1262307401.7043 0.7
1262307501.7043 0.9
1262307601.7043 1
1262307701.7043 1
1262307801.7043 1
1262307901.7043 1
1262308139.6148 1
1262308239.6148 1
1262308339.6148 1
1262308439.6148 1
1262308539.6148 1
1262308639.6148 1
1262308739.6148 1
1262308839.6148 0.7
1262308939.6148 0.7
1262304704 0.2
1262304804 0.2
1262304904 0.2
1262305004 0.8
1262305104 1
1262305204 1
1262305304 1
1262305404 1
1262305504 1
1262305604 1
1262305704 1
1262305804 1
1262305904 1
1262306004 1
1262306104 1
1262306204 1
1262306304 1
1262306404 1
1262306504 1
1262306604 1
1262306704 1
1262306804 1
1262306904 1
1262307004 0.9
1262307104 0.9
1262307204 0.6
1262307477.832 0.7
1262307577.832 0.7
1262307677.832 1
1262307915.0816 1
1262308015.0816 1
1262308115.0816 1
1262308215.0816 1
1262308315.0816 1
1262308415.0816 1
1262308515.0816 1
1262308615.0816 0.9
1262308841.0844 0.7
1262308941.0844 0.8
1262304604 0.2
1262304704 0.2
1262304804 0.2
1262304904 0.7
1262305004 0.8
1262305104 0.9
1262305204 0.3
1262305419.2613 0.6
1262305519.2613 1
1262305619.2613 1
1262305719.2613 1
1262305984.1967 1
1262306084.1967 1
1262306184.1967 1
1262306284.1967 1
1262306384.1967 1
1262306484.1967 0.6
1262306584.1967 0.6
1262306684.1967 0.4
1262306784.1967 0.4
1262306884.1967 0.6
1262306984.1967 1
1262307084.1967 1
1262307184.1967 1
1262307284.1967 0.8
1262307384.1967 0.8
1262307484.1967 0.8
1262307584.1967 0.8
1262307684.1967 0.5
1262307784.1967 0.5
1262307884.1967 0.4
1262308170.0381 0.4
1262308770.0381 0.8
1262308870.0381 0.8
1262308970.0381 0.8
1262304704 0.2
1262304804 0.2
1262304904 0.2
1262305004 0.2
1262305104 0.2
1262305204 1
1262305304 1
1262305404 0.8
1262305601.7043 0.8
1262305701.7043 0.9
1262305801.7043 1
1262305901.7043 1
1262306001.7043 1
1262306101.7043 1
1262306201.7043 1
1262306301.7043 1
1262306401.7043 1
1262306501.7043 1
1262306601.7043 1
1262306701.7043 1
1262306801.7043 1
1262306901.7043 1
1262307001.7043 1
1262307101.7043 0.7
1262307201.7043 0.7
1262307301.7043 0.7
1262307401.7043 0.7
1262307501.7043 0.7
1262307601.7043 0.7
1262307881.9026 0.6
1262307981.9026 0.7
1262308133.32 1
1262308233.32 1
1262308333.32 1
1262308433.32 1
1262308533.32 1
1262308633.32 0.9
1262308733.32 0.6
1262308833.32 0.8
1262308933.32 0.8
1262304804 0.2
1262304904 0.2
1262305004 0.9
1262305104 1
1262305204 0.9
1262305304 0.9
1262305404 0.9
1262305504 0.9
1262305604 0.9
1262305704 1
1262305804 1
1262306047.0676 1
1262306147.0676 0.4
1262306247.0676 0.4
1262306347.0676 1
1262306447.0676 1
1262306547.0676 1
1262306647.0676 0.6
1262306747.0676 0.6
1262306847.0676 0.6
1262306947.0676 0.6
1262307047.0676 0.9
1262307147.0676 0.9
1262307382.1367 0.9
1262307482.1367 1
1262307582.1367 1
1262307682.1367 1
1262307782.1367 1
1262307882.1367 1
1262307982.1367 1
1262308082.1367 1
1262308182.1367 0.9
1262308282.1367 0.9
1262308382.1367 0.9
1262308482.1367 0.9
1262308582.1367 0.9
1262308682.1367 0.9
1262308782.1367 0.8
1262308882.1367 0.8
1262308982.1367 0.8
1262304904 0.7
1262305004 0.9
1262305104 0.5
1262305204 0.3
1262305304 0.6
1262305404 0.6
1262305504 0.6
1262305604 1
1262305704 1
1262305804 1
1262305904 1
1262306004 1
1262306104 0.5
1262306204 1
1262306304 1
1262306404 1
1262306504 1
1262306604 1
1262306704 1
1262306804 1
1262306904 1
1262307004 1
1262307104 1
1262307204 1
1262307304 1
1262307404 1
1262307504 1
1262307604 1
1262307704 1
1262307804 1
1262307904 1
1262308004 1
1262308104 1
1262308305.9402 1
1262308405.9402 1
1262308505.9402 1
1262308605.9402 0.3
1262308705.9402 0.3
1262308805.9402 0.3
1262308905.9402 1
1262305104 0.3
1262305204 0.3
1262305304 0.6
1262305404 1
1262305504 1
1262305604 1
1262305704 1
1262305804 1
1262305904 1
1262306004 1
1262306104 0.6
1262306377.5821 0.5
1262306643.3952 0.9
1262306743.3952 1
1262306843.3952 1
1262306943.3952 1
1262307043.3952 1
1262307143.3952 1
1262307243.3952 1
1262307343.3952 1
1262307443.3952 1
1262307543.3952 1
1262307643.3952 1
1262307743.3952 1
1262307843.3952 1
1262307943.3952 1
1262308043.3952 1
1262308143.3952 1
1262308243.3952 1
1262308343.3952 1
1262308443.3952 1
1262308543.3952 0.5
1262308643.3952 0.5
1262308743.3952 0.3
1262308843.3952 0.3
1262308943.3952 0.3
1262305204 0.6
1262305304 0.6
1262305404 0.6
1262305504 0.6
1262305604 1
1262305704 1
1262305804 1
1262305904 1
1262306004 1
1262306104 0.9
1262306204 0.9
1262306399.7395 0.9
1262306499.7395 0.9
1262306599.7395 1
1262306699.7395 1
1262306799.7395 1
1262306899.7395 1
1262306999.7395 1
1262307255.3422 0.7
1262307355.3422 1
1262307455.3422 1
1262307555.3422 1
1262307655.3422 1
1262307755.3422 1
1262307855.3422 0.8
1262307955.3422 0.8
1262308055.3422 0.8
1262308155.3422 0.8
1262308255.3422 1
1262308355.3422 1
1262308455.3422 0.5
1262308555.3422 0.5
1262308655.3422 0.5
1262308755.3422 0.3
1262308855.3422 0.3
1262308955.3422 0.3
1262305004 0.9
1262305104 0.9
1262305204 1
1262305304 1
1262305404 1
1262305504 1
1262305604 1
1262305704 1
1262305804 1
1262305904 1
1262306004 1
1262306104 1
1262306389.9052 1
1262306489.9052 1
1262306589.9052 1
1262306689.9052 0.4
1262306789.9052 0.9
1262306889.9052 0.9
1262306989.9052 0.9
1262307089.9052 0.9
1262307189.9052 0.9
1262307289.9052 1
1262307389.9052 1
1262307489.9052 1
1262307589.9052 1
1262307789.9052 0.7
1262307889.9052 0.7
1262307989.9052 0.7
1262308224.4275 0.7
1262308324.4275 0.7
1262308424.4275 0.7
1262308524.4275 0.4
1262308624.4275 0.4
1262308724.4275 0.3
1262308824.4275 0.3
1262308924.4275 0.3
1262305404 1
1262305504 1
1262305604 1
1262305704 1
1262305804 1
1262305904 1
1262306004 1
1262306104 1
1262306352.0673 1
1262306452.0673 1
1262306552.0673 1
1262306652.0673 1
1262306752.0673 1
1262306852.0673 1
1262307131.5863 1
1262307231.5863 1
1262307331.5863 1
1262307616.0736 1
1262307716.0736 1
1262307934.9058 1
1262308034.9058 1
1262308134.9058 1
1262308234.9058 1
1262308334.9058 0.5
1262308447.3552 0.5
1262308656.0664 0.6
1262308756.0664 0.6
1262308856.0664 0.6
1262308956.0664 0.3
1262304604 0.1
1262304704 0.1
1262304804 0.1
1262304904 0.1
1262305004 0.1
1262305104 0.4
1262305204 0.9
1262305304 0.9
1262305404 0.9
1262305504 0.9
1262305604 0.5
1262305704 0.5
1262305804 0.5
1262305904 0.4
1262306004 0.4
1262306104 0.4
1262306204 0.4
1262306304 0.4
1262306404 0.4
1262306504 1
1262306604 1
1262306704 1
1262306804 1
1262306904 1
1262307004 1
1262307104 1
1262307204 1
1262307304 1
1262307404 1
1262307504 1
1262307604 0.8
1262307704 0.8
1262307804 0.5
1262307904 0.9
1262308113.3577 0.3
1262308213.3577 0.9
1262308313.3577 0.9
1262308413.3577 0.9
1262308513.3577 0.8
1262308613.3577 0.8
1262308880.0749 0.8
1262308980.0749 0.8
1262304604 0.1
1262304704 0.3
1262304804 0.3
1262304904 0.3
1262305004 0.3
1262305104 0.4
1262305204 0.7
1262305304 0.7
1262305404 1
1262305504 1
1262305604 1
1262305704 1
1262305804 1
1262305904 1
1262306004 0.7
1262306104 0.7
1262306204 0.7
1262306304 0.2
1262306404 0.4
1262306504 0.4
1262306604 0.9
1262306704 0.9
1262306804 1
1262306904 1
1262307004 1
1262307240.434 1
1262307340.434 0.3
1262307440.434 0.2
1262307540.434 0.3
1262307640.434 1
1262307740.434 1
1262307840.434 1
1262307940.434 1
1262308204.0295 1
1262308304.0295 0.9
1262308404.0295 0.9
1262308504.0295 0.9
1262308604.0295 0.9
1262308704.0295 0.8
1262308804.0295 0.8
1262308904.0295 0.8
1262304604 0.1
1262304704 0.4
1262304804 0.4
1262304904 0.4
1262305004 0.4
1262305104 1
1262305204 0.7
1262305439.6813 0.7
1262305539.6813 0.1
1262305639.6813 0.5
1262305739.6813 0.5
1262305839.6813 0.5
1262305939.6813 0.6
1262306039.6813 0.6
1262306139.6813 0.6
1262306239.6813 0.6
1262306489.9426 0.5
1262306713.1625 0.7
1262306813.1625 1
1262306913.1625 0.8
1262307013.1625 0.8
1262307113.1625 0.8
1262307213.1625 0.8
1262307313.1625 0.8
1262307559.6283 0.8
1262307659.6283 0.8
1262307759.6283 0.8
1262307859.6283 0.9
1262307959.6283 0.2
1262308059.6283 0.2
1262308159.6283 0.4
1262308259.6283 0.6
1262308359.6283 0.6
1262308459.6283 0.8
1262308559.6283 0.8
1262308659.6283 0.8
1262308759.6283 0.8
1262308859.6283 0.8
1262308959.6283 0.7
1262304604 0.1
1262304704 0.3
1262304804 0.3
1262304904 0.3
1262305004 0.4
1262305104 0.4
1262305204 0.4
1262305304 0.4
1262305404 0.9
1262305504 0.9
1262305604 1
1262305704 1
1262305804 1
1262305904 0.4
1262306004 0.5
1262306104 0.5
1262306204 0.5
1262306304 0.5
1262306404 0.5
1262306504 0.5
1262306604 0.7
1262306704 1
1262306804 1
1262306904 0.5
1262307102.9773 0.6
1262307202.9773 0.8
1262307302.9773 1
1262307402.9773 1
1262307502.9773 1
1262307602.9773 1
1262307702.9773 0.9
1262307802.9773 1
1262307902.9773 1
1262308002.9773 1
1262308102.9773 1
1262308202.9773 0.5
1262308302.9773 0.5
1262308402.9773 0.5
1262308502.9773 0.8
1262308602.9773 0.8
1262308702.9773 0.8
1262308802.9773 0.8
1262308902.9773 0.8
1262304704 0.1
1262304804 0.3
1262304904 0.3
1262305004 0.4
1262305104 1
1262305204 0.8
1262305304 0.8
1262305404 0.6
1262305504 0.8
1262305604 0.6
1262305704 0.6
1262305804 0.6
1262305904 0.6
1262306004 0.6
1262306104 0.6
1262306204 0.6
1262306304 0.6
1262306404 0.9
1262306504 0.9
1262306604 0.9
1262306704 0.9
1262306804 1
1262307051.4338 1
1262307151.4338 1
1262307251.4338 0.9
1262307351.4338 0.9
1262307451.4338 0.6
1262307551.4338 0.5
1262307651.4338 0.5
1262307751.4338 0.5
1262307851.4338 0.5
1262307951.4338 0.5
1262308051.4338 1
1262308151.4338 1
1262308383.627 1
1262308483.627 0.6
1262308698.1791 0.6
1262308798.1791 0.7
1262308898.1791 0.7
1262308998.1791 0.7
1262304904 0.7
1262305004 0.9
1262305104 0.9
1262305204 1
1262305304 1
1262305404 1
1262305504 0.7
1262305604 0.5
1262305704 0.5
1262305804 0.5
1262305904 0.5
1262306004 1
1262306104 1
1262306204 1
1262306304 1
1262306404 1
1262306504 1
1262306604 1
1262306704 1
1262306804 1
1262306904 1
1262307004 1
1262307104 0.9
1262307204 0.9
1262307304 0.9
1262307404 0.9
1262307504 1
1262307604 1
1262307704 1
1262307804 1
1262307904 0.6
1262308004 0.7
1262308104 0.7
1262308204 0.7
1262308304 0.7
1262308404 0.7
1262308504 0.7
1262308604 0.7
1262308704 0.7
1262308804 1
1262308904 1
1262305304 0.4
1262305404 0.4
1262305504 0.9
1262305604 0.9
1262305704 0.9
1262305804 0.9
1262305904 0.9
1262306004 1
1262306104 1
1262306204 1
1262306304 1
1262306404 1
1262306504 0.5
1262306604 0.6
1262306704 0.7
1262306804 0.9
1262306904 0.9
1262307004 1
1262307104 1
1262307204 1
1262307304 1
1262307404 1
1262307633.4195 1
1262307733.4195 1
1262307833.4195 1
1262307933.4195 1
1262308033.4195 1
1262308133.4195 1
1262308233.4195 1
1262308333.4195 1
1262308433.4195 1
1262308533.4195 1
1262308633.4195 1
1262308733.4195 1
1262308833.4195 0.7
1262308933.4195 0.7
1262305204 1
1262305304 1
1262305404 1
1262305504 1
1262305604 1
1262305704 1
1262305804 1
1262305904 1
1262306004 1
1262306104 1
1262306204 1
1262306304 1
1262306545.3196 0.6
1262306645.3196 0.7
1262306745.3196 1
1262307011.4204 1
1262307111.4204 1
1262307211.4204 1
1262307411.5892 1
1262307511.5892 1
1262307611.5892 1
1262307822.4198 1
1262307922.4198 1
1262308022.4198 1
1262308122.4198 1
1262308222.4198 1
1262308322.4198 0.5
1262308422.4198 0.5
1262308522.4198 0.5
1262308622.4198 1
1262308722.4198 1
1262308822.4198 1
1262308922.4198 1
1262304804 0.5
1262304904 0.5
1262305004 0.9
1262305104 0.9
1262305204 0.4
1262305304 0.4
1262305404 0.4
1262305504 0.4
1262305604 0.4
1262305704 0.9
1262305804 0.9
1262305904 0.9
1262306004 0.9
1262306104 1
1262306204 1
1262306304 1
1262306404 1
1262306504 0.3
1262306604 0.8
1262306704 1
1262306804 0.4
1262307038.7155 0.4
1262307300.5584 0.8
1262307413.3865 0.8
1262307513.3865 1
1262307613.3865 1
1262307713.3865 1
1262307813.3865 1
1262307913.3865 1
1262308013.3865 0.8
1262308113.3865 0.8
1262308213.3865 0.8
1262308313.3865 1
1262308413.3865 1
1262308513.3865 1
1262308613.3865 1
1262308713.3865 1
1262308959.3933 0.7
1262305204 0.4
1262305304 0.4
1262305404 0.4
1262305504 0.4
1262305604 0.5
1262305704 0.8
1262305804 0.8
1262305904 0.8
1262306004 1
1262306287.3856 1
1262306387.3856 1
1262306487.3856 1
1262306587.3856 0.7
1262306687.3856 0.7
1262306787.3856 0.7
1262306887.3856 1
1262306987.3856 0.5
1262307087.3856 0.5
1262307187.3856 0.5
1262307287.3856 0.5
1262307387.3856 1
1262307487.3856 1
1262307587.3856 1
1262307822.4198 1
1262307922.4198 1
1262308022.4198 1
1262308122.4198 0.5
1262308222.4198 0.5
1262308322.4198 0.2
1262308569.6544 0.2
1262308669.6544 0.1
1262308769.6544 0.6
1262308869.6544 0.6
1262308969.6544 1
